#
# There is insufficient memory for the Java Runtime Environment to continue.
# Native memory allocation (malloc) failed to allocate 790080 bytes for Chunk::new
# Possible reasons:
#   The system is out of physical RAM or swap space
#   The process is running with CompressedOops enabled, and the Java Heap may be blocking the growth of the native heap
# Possible solutions:
#   Reduce memory load on the system
#   Increase physical memory or swap space
#   Check if swap backing store is full
#   Decrease Java heap size (-Xmx/-Xms)
#   Decrease number of Java threads
#   Decrease Java thread stack sizes (-Xss)
#   Set larger code cache with -XX:ReservedCodeCacheSize=
#   JVM is running with Unscaled Compressed Oops mode in which the Java heap is
#     placed in the first 4GB address space. The Java Heap base address is the
#     maximum limit for the native heap growth. Please use -XX:HeapBaseMinAddress
#     to set the Java Heap base and to place the Java Heap above 4GB virtual address.
# This output file may be truncated or incomplete.
#
#  Out of Memory Error (arena.cpp:189), pid=10152, tid=25880
#
# JRE version: OpenJDK Runtime Environment Temurin-17.0.8+7 (17.0.8+7) (build 17.0.8+7)
# Java VM: OpenJDK 64-Bit Server VM Temurin-17.0.8+7 (17.0.8+7, mixed mode, tiered, compressed oops, compressed class ptrs, g1 gc, windows-amd64)
# No core dump will be written. Minidumps are not enabled by default on client versions of Windows
#

---------------  S U M M A R Y ------------

Command Line: -XX:+ShowCodeDetailsInExceptionMessages -agentlib:jdwp=transport=dt_socket,suspend=y,address=localhost:61010 -javaagent:C:\Users\Administrator\eclipse\java-2023-06\eclipse\configuration\org.eclipse.osgi\248\0\.cp\lib\javaagent-shaded.jar -Dfile.encoding=UTF-8 --module-path=C:\Users\Administrator\git\PHPay\bin -Djdk.module.main=PHPay PHPay/PHPay.PHPayMain

Host: Intel(R) Core(TM) i5-9400 CPU @ 2.90GHz, 6 cores, 7G,  Windows 10 , 64 bit Build 19041 (10.0.19041.3155)
Time: Thu Sep 21 10:03:17 2023 Malay Peninsula Standard Time elapsed time: 4.328745 seconds (0d 0h 0m 4s)

---------------  T H R E A D  ---------------

Current thread (0x000001f27fb68f60):  JavaThread "C2 CompilerThread0" daemon [_thread_in_native, id=25880, stack(0x000000e638c00000,0x000000e638d00000)]


Current CompileTask:
C2:   4328 1214 %     4       sun.java2d.marlin.MarlinTileGenerator::getAlphaRLE @ 1617 (1749 bytes)

Stack: [0x000000e638c00000,0x000000e638d00000]
Native frames: (J=compiled Java code, j=interpreted, Vv=VM code, C=native code)
V  [jvm.dll+0x678b0a]
V  [jvm.dll+0x835e84]
V  [jvm.dll+0x83762e]
V  [jvm.dll+0x837c93]
V  [jvm.dll+0x24746f]
V  [jvm.dll+0xac20c]
V  [jvm.dll+0xac7dc]
V  [jvm.dll+0x365ca7]
V  [jvm.dll+0x1bd1f8]
V  [jvm.dll+0x219d49]
V  [jvm.dll+0x219011]
V  [jvm.dll+0x1a534d]
V  [jvm.dll+0x228d8a]
V  [jvm.dll+0x226dcc]
V  [jvm.dll+0x7ec09b]
V  [jvm.dll+0x7e64ca]
V  [jvm.dll+0x677955]
C  [ucrtbase.dll+0x21bb2]
C  [KERNEL32.DLL+0x17614]
C  [ntdll.dll+0x526b1]


---------------  P R O C E S S  ---------------

Threads class SMR info:
_java_thread_list=0x000001f215a3b4f0, length=22, elements={
0x000001f27fb5a460, 0x000001f27fb5b2e0, 0x000001f27fb43090, 0x000001f27fb43b60,
0x000001f27fb44520, 0x000001f27fb44ee0, 0x000001f27fb68f60, 0x000001f27fb803b0,
0x000001f27fb80cc0, 0x000001f27fc22b40, 0x000001f27fef86a0, 0x000001f27fefb360,
0x000001f27ff00b80, 0x000001f21566a340, 0x000001f215754980, 0x000001f2157bcd10,
0x000001f2157bd1f0, 0x000001f2159a49f0, 0x000001f2159bb010, 0x000001f2159da4a0,
0x000001f2159dbdf0, 0x000001f2159db3d0
}

Java Threads: ( => current thread )
  0x000001f27fb5a460 JavaThread "Reference Handler" daemon [_thread_blocked, id=18748, stack(0x000000e638600000,0x000000e638700000)]
  0x000001f27fb5b2e0 JavaThread "Finalizer" daemon [_thread_blocked, id=26300, stack(0x000000e638700000,0x000000e638800000)]
  0x000001f27fb43090 JavaThread "Signal Dispatcher" daemon [_thread_blocked, id=24932, stack(0x000000e638800000,0x000000e638900000)]
  0x000001f27fb43b60 JavaThread "Attach Listener" daemon [_thread_blocked, id=24852, stack(0x000000e638900000,0x000000e638a00000)]
  0x000001f27fb44520 JavaThread "Service Thread" daemon [_thread_blocked, id=26372, stack(0x000000e638a00000,0x000000e638b00000)]
  0x000001f27fb44ee0 JavaThread "Monitor Deflation Thread" daemon [_thread_blocked, id=6556, stack(0x000000e638b00000,0x000000e638c00000)]
=>0x000001f27fb68f60 JavaThread "C2 CompilerThread0" daemon [_thread_in_native, id=25880, stack(0x000000e638c00000,0x000000e638d00000)]
  0x000001f27fb803b0 JavaThread "C1 CompilerThread0" daemon [_thread_blocked, id=22308, stack(0x000000e638d00000,0x000000e638e00000)]
  0x000001f27fb80cc0 JavaThread "Sweeper thread" daemon [_thread_blocked, id=23688, stack(0x000000e638e00000,0x000000e638f00000)]
  0x000001f27fc22b40 JavaThread "Common-Cleaner" daemon [_thread_blocked, id=24664, stack(0x000000e638f00000,0x000000e639000000)]
  0x000001f27fef86a0 JavaThread "JDWP Transport Listener: dt_socket" daemon [_thread_blocked, id=9936, stack(0x000000e639000000,0x000000e639100000)]
  0x000001f27fefb360 JavaThread "JDWP Event Helper Thread" daemon [_thread_blocked, id=26572, stack(0x000000e639100000,0x000000e639200000)]
  0x000001f27ff00b80 JavaThread "JDWP Command Reader" daemon [_thread_in_native, id=25400, stack(0x000000e639200000,0x000000e639300000)]
  0x000001f21566a340 JavaThread "Notification Thread" daemon [_thread_blocked, id=22840, stack(0x000000e639300000,0x000000e639400000)]
  0x000001f215754980 JavaThread "Java2D Disposer" daemon [_thread_blocked, id=23916, stack(0x000000e639500000,0x000000e639600000)]
  0x000001f2157bcd10 JavaThread "AWT-Shutdown" [_thread_blocked, id=24396, stack(0x000000e639600000,0x000000e639700000)]
  0x000001f2157bd1f0 JavaThread "AWT-Windows" daemon [_thread_in_native, id=25456, stack(0x000000e639700000,0x000000e639800000)]
  0x000001f2159a49f0 JavaThread "TimerQueue" daemon [_thread_blocked, id=26388, stack(0x000000e639a00000,0x000000e639b00000)]
  0x000001f2159bb010 JavaThread "Image Fetcher 0" daemon [_thread_blocked, id=26480, stack(0x000000e639b00000,0x000000e639c00000)]
  0x000001f2159da4a0 JavaThread "AWT-EventQueue-0" [_thread_blocked, id=23732, stack(0x000000e639c00000,0x000000e639d00000)]
  0x000001f2159dbdf0 JavaThread "SwingWorker-pool-1-thread-1" daemon [_thread_blocked, id=25716, stack(0x000000e639d00000,0x000000e639e00000)]
  0x000001f2159db3d0 JavaThread "DestroyJavaVM" [_thread_blocked, id=25712, stack(0x000000e637f00000,0x000000e638000000)]

Other Threads:
  0x000001f27fb0e480 VMThread "VM Thread" [stack: 0x000000e638500000,0x000000e638600000] [id=9356]
  0x000001f274fb7870 WatcherThread [stack: 0x000000e639400000,0x000000e639500000] [id=26460]
  0x000001f275012ed0 GCTaskThread "GC Thread#0" [stack: 0x000000e638000000,0x000000e638100000] [id=26168]
  0x000001f275023ca0 ConcurrentGCThread "G1 Main Marker" [stack: 0x000000e638100000,0x000000e638200000] [id=23720]
  0x000001f2750246b0 ConcurrentGCThread "G1 Conc#0" [stack: 0x000000e638200000,0x000000e638300000] [id=26484]
  0x000001f27f9720b0 ConcurrentGCThread "G1 Refine#0" [stack: 0x000000e638300000,0x000000e638400000] [id=19028]
  0x000001f27f973190 ConcurrentGCThread "G1 Service" [stack: 0x000000e638400000,0x000000e638500000] [id=236]

Threads with active compile tasks:
C2 CompilerThread0     4360 1214 %     4       sun.java2d.marlin.MarlinTileGenerator::getAlphaRLE @ 1617 (1749 bytes)

VM state: not at safepoint (normal execution)

VM Mutex/Monitor currently owned by a thread: None

Heap address: 0x0000000080c00000, size: 2036 MB, Compressed Oops mode: 32-bit

CDS archive(s) not mapped
Compressed class space mapped at: 0x0000000100000000-0x0000000140000000, reserved size: 1073741824
Narrow klass base: 0x0000000000000000, Narrow klass shift: 3, Narrow klass range: 0x140000000

GC Precious Log:
 CPUs: 6 total, 6 available
 Memory: 8142M
 Large Page Support: Disabled
 NUMA Support: Disabled
 Compressed Oops: Enabled (32-bit)
 Heap Region Size: 1M
 Heap Min Capacity: 8M
 Heap Initial Capacity: 128M
 Heap Max Capacity: 2036M
 Pre-touch: Disabled
 Parallel Workers: 6
 Concurrent Workers: 2
 Concurrent Refinement Workers: 6
 Periodic GC: Disabled

Heap:
 garbage-first heap   total 131072K, used 20480K [0x0000000080c00000, 0x0000000100000000)
  region size 1024K, 21 young (21504K), 0 survivors (0K)
 Metaspace       used 19461K, committed 19648K, reserved 1114112K
  class space    used 1935K, committed 2048K, reserved 1048576K

Heap Regions: E=young(eden), S=young(survivor), O=old, HS=humongous(starts), HC=humongous(continues), CS=collection set, F=free, OA=open archive, CA=closed archive, TAMS=top-at-mark-start (previous, next)
|   0|0x0000000080c00000, 0x0000000080d00000, 0x0000000080d00000|100%|HS|  |TAMS 0x0000000080c00000, 0x0000000080c00000| Complete 
|   1|0x0000000080d00000, 0x0000000080d00000, 0x0000000080e00000|  0%| F|  |TAMS 0x0000000080d00000, 0x0000000080d00000| Untracked 
|   2|0x0000000080e00000, 0x0000000080e00000, 0x0000000080f00000|  0%| F|  |TAMS 0x0000000080e00000, 0x0000000080e00000| Untracked 
|   3|0x0000000080f00000, 0x0000000080f00000, 0x0000000081000000|  0%| F|  |TAMS 0x0000000080f00000, 0x0000000080f00000| Untracked 
|   4|0x0000000081000000, 0x0000000081000000, 0x0000000081100000|  0%| F|  |TAMS 0x0000000081000000, 0x0000000081000000| Untracked 
|   5|0x0000000081100000, 0x0000000081100000, 0x0000000081200000|  0%| F|  |TAMS 0x0000000081100000, 0x0000000081100000| Untracked 
|   6|0x0000000081200000, 0x0000000081200000, 0x0000000081300000|  0%| F|  |TAMS 0x0000000081200000, 0x0000000081200000| Untracked 
|   7|0x0000000081300000, 0x0000000081300000, 0x0000000081400000|  0%| F|  |TAMS 0x0000000081300000, 0x0000000081300000| Untracked 
|   8|0x0000000081400000, 0x0000000081400000, 0x0000000081500000|  0%| F|  |TAMS 0x0000000081400000, 0x0000000081400000| Untracked 
|   9|0x0000000081500000, 0x0000000081500000, 0x0000000081600000|  0%| F|  |TAMS 0x0000000081500000, 0x0000000081500000| Untracked 
|  10|0x0000000081600000, 0x0000000081600000, 0x0000000081700000|  0%| F|  |TAMS 0x0000000081600000, 0x0000000081600000| Untracked 
|  11|0x0000000081700000, 0x0000000081700000, 0x0000000081800000|  0%| F|  |TAMS 0x0000000081700000, 0x0000000081700000| Untracked 
|  12|0x0000000081800000, 0x0000000081800000, 0x0000000081900000|  0%| F|  |TAMS 0x0000000081800000, 0x0000000081800000| Untracked 
|  13|0x0000000081900000, 0x0000000081900000, 0x0000000081a00000|  0%| F|  |TAMS 0x0000000081900000, 0x0000000081900000| Untracked 
|  14|0x0000000081a00000, 0x0000000081a00000, 0x0000000081b00000|  0%| F|  |TAMS 0x0000000081a00000, 0x0000000081a00000| Untracked 
|  15|0x0000000081b00000, 0x0000000081b00000, 0x0000000081c00000|  0%| F|  |TAMS 0x0000000081b00000, 0x0000000081b00000| Untracked 
|  16|0x0000000081c00000, 0x0000000081c00000, 0x0000000081d00000|  0%| F|  |TAMS 0x0000000081c00000, 0x0000000081c00000| Untracked 
|  17|0x0000000081d00000, 0x0000000081d00000, 0x0000000081e00000|  0%| F|  |TAMS 0x0000000081d00000, 0x0000000081d00000| Untracked 
|  18|0x0000000081e00000, 0x0000000081e00000, 0x0000000081f00000|  0%| F|  |TAMS 0x0000000081e00000, 0x0000000081e00000| Untracked 
|  19|0x0000000081f00000, 0x0000000081f00000, 0x0000000082000000|  0%| F|  |TAMS 0x0000000081f00000, 0x0000000081f00000| Untracked 
|  20|0x0000000082000000, 0x0000000082000000, 0x0000000082100000|  0%| F|  |TAMS 0x0000000082000000, 0x0000000082000000| Untracked 
|  21|0x0000000082100000, 0x0000000082100000, 0x0000000082200000|  0%| F|  |TAMS 0x0000000082100000, 0x0000000082100000| Untracked 
|  22|0x0000000082200000, 0x0000000082200000, 0x0000000082300000|  0%| F|  |TAMS 0x0000000082200000, 0x0000000082200000| Untracked 
|  23|0x0000000082300000, 0x0000000082300000, 0x0000000082400000|  0%| F|  |TAMS 0x0000000082300000, 0x0000000082300000| Untracked 
|  24|0x0000000082400000, 0x0000000082400000, 0x0000000082500000|  0%| F|  |TAMS 0x0000000082400000, 0x0000000082400000| Untracked 
|  25|0x0000000082500000, 0x0000000082500000, 0x0000000082600000|  0%| F|  |TAMS 0x0000000082500000, 0x0000000082500000| Untracked 
|  26|0x0000000082600000, 0x0000000082600000, 0x0000000082700000|  0%| F|  |TAMS 0x0000000082600000, 0x0000000082600000| Untracked 
|  27|0x0000000082700000, 0x0000000082700000, 0x0000000082800000|  0%| F|  |TAMS 0x0000000082700000, 0x0000000082700000| Untracked 
|  28|0x0000000082800000, 0x0000000082800000, 0x0000000082900000|  0%| F|  |TAMS 0x0000000082800000, 0x0000000082800000| Untracked 
|  29|0x0000000082900000, 0x0000000082900000, 0x0000000082a00000|  0%| F|  |TAMS 0x0000000082900000, 0x0000000082900000| Untracked 
|  30|0x0000000082a00000, 0x0000000082a00000, 0x0000000082b00000|  0%| F|  |TAMS 0x0000000082a00000, 0x0000000082a00000| Untracked 
|  31|0x0000000082b00000, 0x0000000082b00000, 0x0000000082c00000|  0%| F|  |TAMS 0x0000000082b00000, 0x0000000082b00000| Untracked 
|  32|0x0000000082c00000, 0x0000000082c00000, 0x0000000082d00000|  0%| F|  |TAMS 0x0000000082c00000, 0x0000000082c00000| Untracked 
|  33|0x0000000082d00000, 0x0000000082d00000, 0x0000000082e00000|  0%| F|  |TAMS 0x0000000082d00000, 0x0000000082d00000| Untracked 
|  34|0x0000000082e00000, 0x0000000082e00000, 0x0000000082f00000|  0%| F|  |TAMS 0x0000000082e00000, 0x0000000082e00000| Untracked 
|  35|0x0000000082f00000, 0x0000000082f00000, 0x0000000083000000|  0%| F|  |TAMS 0x0000000082f00000, 0x0000000082f00000| Untracked 
|  36|0x0000000083000000, 0x0000000083000000, 0x0000000083100000|  0%| F|  |TAMS 0x0000000083000000, 0x0000000083000000| Untracked 
|  37|0x0000000083100000, 0x0000000083100000, 0x0000000083200000|  0%| F|  |TAMS 0x0000000083100000, 0x0000000083100000| Untracked 
|  38|0x0000000083200000, 0x0000000083200000, 0x0000000083300000|  0%| F|  |TAMS 0x0000000083200000, 0x0000000083200000| Untracked 
|  39|0x0000000083300000, 0x0000000083300000, 0x0000000083400000|  0%| F|  |TAMS 0x0000000083300000, 0x0000000083300000| Untracked 
|  40|0x0000000083400000, 0x0000000083400000, 0x0000000083500000|  0%| F|  |TAMS 0x0000000083400000, 0x0000000083400000| Untracked 
|  41|0x0000000083500000, 0x0000000083500000, 0x0000000083600000|  0%| F|  |TAMS 0x0000000083500000, 0x0000000083500000| Untracked 
|  42|0x0000000083600000, 0x0000000083600000, 0x0000000083700000|  0%| F|  |TAMS 0x0000000083600000, 0x0000000083600000| Untracked 
|  43|0x0000000083700000, 0x0000000083700000, 0x0000000083800000|  0%| F|  |TAMS 0x0000000083700000, 0x0000000083700000| Untracked 
|  44|0x0000000083800000, 0x0000000083800000, 0x0000000083900000|  0%| F|  |TAMS 0x0000000083800000, 0x0000000083800000| Untracked 
|  45|0x0000000083900000, 0x0000000083900000, 0x0000000083a00000|  0%| F|  |TAMS 0x0000000083900000, 0x0000000083900000| Untracked 
|  46|0x0000000083a00000, 0x0000000083a00000, 0x0000000083b00000|  0%| F|  |TAMS 0x0000000083a00000, 0x0000000083a00000| Untracked 
|  47|0x0000000083b00000, 0x0000000083b00000, 0x0000000083c00000|  0%| F|  |TAMS 0x0000000083b00000, 0x0000000083b00000| Untracked 
|  48|0x0000000083c00000, 0x0000000083c00000, 0x0000000083d00000|  0%| F|  |TAMS 0x0000000083c00000, 0x0000000083c00000| Untracked 
|  49|0x0000000083d00000, 0x0000000083d00000, 0x0000000083e00000|  0%| F|  |TAMS 0x0000000083d00000, 0x0000000083d00000| Untracked 
|  50|0x0000000083e00000, 0x0000000083e00000, 0x0000000083f00000|  0%| F|  |TAMS 0x0000000083e00000, 0x0000000083e00000| Untracked 
|  51|0x0000000083f00000, 0x0000000083f00000, 0x0000000084000000|  0%| F|  |TAMS 0x0000000083f00000, 0x0000000083f00000| Untracked 
|  52|0x0000000084000000, 0x0000000084000000, 0x0000000084100000|  0%| F|  |TAMS 0x0000000084000000, 0x0000000084000000| Untracked 
|  53|0x0000000084100000, 0x0000000084100000, 0x0000000084200000|  0%| F|  |TAMS 0x0000000084100000, 0x0000000084100000| Untracked 
|  54|0x0000000084200000, 0x0000000084200000, 0x0000000084300000|  0%| F|  |TAMS 0x0000000084200000, 0x0000000084200000| Untracked 
|  55|0x0000000084300000, 0x0000000084300000, 0x0000000084400000|  0%| F|  |TAMS 0x0000000084300000, 0x0000000084300000| Untracked 
|  56|0x0000000084400000, 0x0000000084400000, 0x0000000084500000|  0%| F|  |TAMS 0x0000000084400000, 0x0000000084400000| Untracked 
|  57|0x0000000084500000, 0x0000000084500000, 0x0000000084600000|  0%| F|  |TAMS 0x0000000084500000, 0x0000000084500000| Untracked 
|  58|0x0000000084600000, 0x0000000084600000, 0x0000000084700000|  0%| F|  |TAMS 0x0000000084600000, 0x0000000084600000| Untracked 
|  59|0x0000000084700000, 0x0000000084700000, 0x0000000084800000|  0%| F|  |TAMS 0x0000000084700000, 0x0000000084700000| Untracked 
|  60|0x0000000084800000, 0x0000000084800000, 0x0000000084900000|  0%| F|  |TAMS 0x0000000084800000, 0x0000000084800000| Untracked 
|  61|0x0000000084900000, 0x0000000084900000, 0x0000000084a00000|  0%| F|  |TAMS 0x0000000084900000, 0x0000000084900000| Untracked 
|  62|0x0000000084a00000, 0x0000000084a00000, 0x0000000084b00000|  0%| F|  |TAMS 0x0000000084a00000, 0x0000000084a00000| Untracked 
|  63|0x0000000084b00000, 0x0000000084b00000, 0x0000000084c00000|  0%| F|  |TAMS 0x0000000084b00000, 0x0000000084b00000| Untracked 
|  64|0x0000000084c00000, 0x0000000084c00000, 0x0000000084d00000|  0%| F|  |TAMS 0x0000000084c00000, 0x0000000084c00000| Untracked 
|  65|0x0000000084d00000, 0x0000000084d00000, 0x0000000084e00000|  0%| F|  |TAMS 0x0000000084d00000, 0x0000000084d00000| Untracked 
|  66|0x0000000084e00000, 0x0000000084e00000, 0x0000000084f00000|  0%| F|  |TAMS 0x0000000084e00000, 0x0000000084e00000| Untracked 
|  67|0x0000000084f00000, 0x0000000084f00000, 0x0000000085000000|  0%| F|  |TAMS 0x0000000084f00000, 0x0000000084f00000| Untracked 
|  68|0x0000000085000000, 0x0000000085000000, 0x0000000085100000|  0%| F|  |TAMS 0x0000000085000000, 0x0000000085000000| Untracked 
|  69|0x0000000085100000, 0x0000000085100000, 0x0000000085200000|  0%| F|  |TAMS 0x0000000085100000, 0x0000000085100000| Untracked 
|  70|0x0000000085200000, 0x0000000085200000, 0x0000000085300000|  0%| F|  |TAMS 0x0000000085200000, 0x0000000085200000| Untracked 
|  71|0x0000000085300000, 0x0000000085300000, 0x0000000085400000|  0%| F|  |TAMS 0x0000000085300000, 0x0000000085300000| Untracked 
|  72|0x0000000085400000, 0x0000000085400000, 0x0000000085500000|  0%| F|  |TAMS 0x0000000085400000, 0x0000000085400000| Untracked 
|  73|0x0000000085500000, 0x0000000085500000, 0x0000000085600000|  0%| F|  |TAMS 0x0000000085500000, 0x0000000085500000| Untracked 
|  74|0x0000000085600000, 0x0000000085600000, 0x0000000085700000|  0%| F|  |TAMS 0x0000000085600000, 0x0000000085600000| Untracked 
|  75|0x0000000085700000, 0x0000000085700000, 0x0000000085800000|  0%| F|  |TAMS 0x0000000085700000, 0x0000000085700000| Untracked 
|  76|0x0000000085800000, 0x0000000085800000, 0x0000000085900000|  0%| F|  |TAMS 0x0000000085800000, 0x0000000085800000| Untracked 
|  77|0x0000000085900000, 0x0000000085900000, 0x0000000085a00000|  0%| F|  |TAMS 0x0000000085900000, 0x0000000085900000| Untracked 
|  78|0x0000000085a00000, 0x0000000085a00000, 0x0000000085b00000|  0%| F|  |TAMS 0x0000000085a00000, 0x0000000085a00000| Untracked 
|  79|0x0000000085b00000, 0x0000000085b00000, 0x0000000085c00000|  0%| F|  |TAMS 0x0000000085b00000, 0x0000000085b00000| Untracked 
|  80|0x0000000085c00000, 0x0000000085c00000, 0x0000000085d00000|  0%| F|  |TAMS 0x0000000085c00000, 0x0000000085c00000| Untracked 
|  81|0x0000000085d00000, 0x0000000085d00000, 0x0000000085e00000|  0%| F|  |TAMS 0x0000000085d00000, 0x0000000085d00000| Untracked 
|  82|0x0000000085e00000, 0x0000000085e00000, 0x0000000085f00000|  0%| F|  |TAMS 0x0000000085e00000, 0x0000000085e00000| Untracked 
|  83|0x0000000085f00000, 0x0000000085f00000, 0x0000000086000000|  0%| F|  |TAMS 0x0000000085f00000, 0x0000000085f00000| Untracked 
|  84|0x0000000086000000, 0x0000000086000000, 0x0000000086100000|  0%| F|  |TAMS 0x0000000086000000, 0x0000000086000000| Untracked 
|  85|0x0000000086100000, 0x0000000086100000, 0x0000000086200000|  0%| F|  |TAMS 0x0000000086100000, 0x0000000086100000| Untracked 
|  86|0x0000000086200000, 0x0000000086200000, 0x0000000086300000|  0%| F|  |TAMS 0x0000000086200000, 0x0000000086200000| Untracked 
|  87|0x0000000086300000, 0x0000000086300000, 0x0000000086400000|  0%| F|  |TAMS 0x0000000086300000, 0x0000000086300000| Untracked 
|  88|0x0000000086400000, 0x0000000086400000, 0x0000000086500000|  0%| F|  |TAMS 0x0000000086400000, 0x0000000086400000| Untracked 
|  89|0x0000000086500000, 0x0000000086500000, 0x0000000086600000|  0%| F|  |TAMS 0x0000000086500000, 0x0000000086500000| Untracked 
|  90|0x0000000086600000, 0x0000000086600000, 0x0000000086700000|  0%| F|  |TAMS 0x0000000086600000, 0x0000000086600000| Untracked 
|  91|0x0000000086700000, 0x0000000086700000, 0x0000000086800000|  0%| F|  |TAMS 0x0000000086700000, 0x0000000086700000| Untracked 
|  92|0x0000000086800000, 0x0000000086800000, 0x0000000086900000|  0%| F|  |TAMS 0x0000000086800000, 0x0000000086800000| Untracked 
|  93|0x0000000086900000, 0x0000000086900000, 0x0000000086a00000|  0%| F|  |TAMS 0x0000000086900000, 0x0000000086900000| Untracked 
|  94|0x0000000086a00000, 0x0000000086a00000, 0x0000000086b00000|  0%| F|  |TAMS 0x0000000086a00000, 0x0000000086a00000| Untracked 
|  95|0x0000000086b00000, 0x0000000086b00000, 0x0000000086c00000|  0%| F|  |TAMS 0x0000000086b00000, 0x0000000086b00000| Untracked 
|  96|0x0000000086c00000, 0x0000000086c00000, 0x0000000086d00000|  0%| F|  |TAMS 0x0000000086c00000, 0x0000000086c00000| Untracked 
|  97|0x0000000086d00000, 0x0000000086d00000, 0x0000000086e00000|  0%| F|  |TAMS 0x0000000086d00000, 0x0000000086d00000| Untracked 
|  98|0x0000000086e00000, 0x0000000086e00000, 0x0000000086f00000|  0%| F|  |TAMS 0x0000000086e00000, 0x0000000086e00000| Untracked 
|  99|0x0000000086f00000, 0x0000000086f00000, 0x0000000087000000|  0%| F|  |TAMS 0x0000000086f00000, 0x0000000086f00000| Untracked 
| 100|0x0000000087000000, 0x0000000087000000, 0x0000000087100000|  0%| F|  |TAMS 0x0000000087000000, 0x0000000087000000| Untracked 
| 101|0x0000000087100000, 0x0000000087100000, 0x0000000087200000|  0%| F|  |TAMS 0x0000000087100000, 0x0000000087100000| Untracked 
| 102|0x0000000087200000, 0x0000000087200000, 0x0000000087300000|  0%| F|  |TAMS 0x0000000087200000, 0x0000000087200000| Untracked 
| 103|0x0000000087300000, 0x0000000087300000, 0x0000000087400000|  0%| F|  |TAMS 0x0000000087300000, 0x0000000087300000| Untracked 
| 104|0x0000000087400000, 0x0000000087400000, 0x0000000087500000|  0%| F|  |TAMS 0x0000000087400000, 0x0000000087400000| Untracked 
| 105|0x0000000087500000, 0x0000000087500000, 0x0000000087600000|  0%| F|  |TAMS 0x0000000087500000, 0x0000000087500000| Untracked 
| 106|0x0000000087600000, 0x0000000087600000, 0x0000000087700000|  0%| F|  |TAMS 0x0000000087600000, 0x0000000087600000| Untracked 
| 107|0x0000000087700000, 0x000000008776c070, 0x0000000087800000| 42%| E|  |TAMS 0x0000000087700000, 0x0000000087700000| Complete 
| 108|0x0000000087800000, 0x0000000087900000, 0x0000000087900000|100%| E|CS|TAMS 0x0000000087800000, 0x0000000087800000| Complete 
| 109|0x0000000087900000, 0x0000000087a00000, 0x0000000087a00000|100%| E|CS|TAMS 0x0000000087900000, 0x0000000087900000| Complete 
| 110|0x0000000087a00000, 0x0000000087b00000, 0x0000000087b00000|100%| E|CS|TAMS 0x0000000087a00000, 0x0000000087a00000| Complete 
| 111|0x0000000087b00000, 0x0000000087c00000, 0x0000000087c00000|100%| E|CS|TAMS 0x0000000087b00000, 0x0000000087b00000| Complete 
| 112|0x0000000087c00000, 0x0000000087d00000, 0x0000000087d00000|100%| E|CS|TAMS 0x0000000087c00000, 0x0000000087c00000| Complete 
| 113|0x0000000087d00000, 0x0000000087e00000, 0x0000000087e00000|100%| E|  |TAMS 0x0000000087d00000, 0x0000000087d00000| Complete 
| 114|0x0000000087e00000, 0x0000000087f00000, 0x0000000087f00000|100%| E|CS|TAMS 0x0000000087e00000, 0x0000000087e00000| Complete 
| 115|0x0000000087f00000, 0x0000000088000000, 0x0000000088000000|100%| E|CS|TAMS 0x0000000087f00000, 0x0000000087f00000| Complete 
| 116|0x0000000088000000, 0x0000000088100000, 0x0000000088100000|100%| E|CS|TAMS 0x0000000088000000, 0x0000000088000000| Complete 
| 117|0x0000000088100000, 0x0000000088200000, 0x0000000088200000|100%| E|CS|TAMS 0x0000000088100000, 0x0000000088100000| Complete 
| 118|0x0000000088200000, 0x0000000088300000, 0x0000000088300000|100%| E|CS|TAMS 0x0000000088200000, 0x0000000088200000| Complete 
| 119|0x0000000088300000, 0x0000000088400000, 0x0000000088400000|100%| E|CS|TAMS 0x0000000088300000, 0x0000000088300000| Complete 
| 120|0x0000000088400000, 0x0000000088500000, 0x0000000088500000|100%| E|CS|TAMS 0x0000000088400000, 0x0000000088400000| Complete 
| 121|0x0000000088500000, 0x0000000088600000, 0x0000000088600000|100%| E|CS|TAMS 0x0000000088500000, 0x0000000088500000| Complete 
| 122|0x0000000088600000, 0x0000000088700000, 0x0000000088700000|100%| E|CS|TAMS 0x0000000088600000, 0x0000000088600000| Complete 
| 123|0x0000000088700000, 0x0000000088800000, 0x0000000088800000|100%| E|CS|TAMS 0x0000000088700000, 0x0000000088700000| Complete 
| 124|0x0000000088800000, 0x0000000088900000, 0x0000000088900000|100%| E|CS|TAMS 0x0000000088800000, 0x0000000088800000| Complete 
| 125|0x0000000088900000, 0x0000000088a00000, 0x0000000088a00000|100%| E|CS|TAMS 0x0000000088900000, 0x0000000088900000| Complete 
| 126|0x0000000088a00000, 0x0000000088b00000, 0x0000000088b00000|100%| E|CS|TAMS 0x0000000088a00000, 0x0000000088a00000| Complete 
| 127|0x0000000088b00000, 0x0000000088c00000, 0x0000000088c00000|100%| E|CS|TAMS 0x0000000088b00000, 0x0000000088b00000| Complete 

Card table byte_map: [0x000001f27aac0000,0x000001f27aec0000] _byte_map_base: 0x000001f27a6ba000

Marking Bits (Prev, Next): (CMBitMap*) 0x000001f2750134f0, (CMBitMap*) 0x000001f275013530
 Prev Bits: [0x000001f27b2c0000, 0x000001f27d290000)
 Next Bits: [0x000001f27d290000, 0x000001f27f260000)

Polling page: 0x000001f275080000

Metaspace:

Usage:
  Non-class:     17.12 MB used.
      Class:      1.89 MB used.
       Both:     19.01 MB used.

Virtual space:
  Non-class space:       64.00 MB reserved,      17.19 MB ( 27%) committed,  1 nodes.
      Class space:        1.00 GB reserved,       2.00 MB ( <1%) committed,  1 nodes.
             Both:        1.06 GB reserved,      19.19 MB (  2%) committed. 

Chunk freelists:
   Non-Class:  14.00 MB
       Class:  14.05 MB
        Both:  28.05 MB

MaxMetaspaceSize: unlimited
CompressedClassSpaceSize: 1.00 GB
Initial GC threshold: 21.00 MB
Current GC threshold: 21.00 MB
CDS: off
MetaspaceReclaimPolicy: balanced
 - commit_granule_bytes: 65536.
 - commit_granule_words: 8192.
 - virtual_space_node_default_size: 8388608.
 - enlarge_chunks_in_place: 1.
 - new_chunks_are_fully_committed: 0.
 - uncommit_free_chunks: 1.
 - use_allocation_guard: 0.
 - handle_deallocations: 1.


Internal statistics:

num_allocs_failed_limit: 0.
num_arena_births: 122.
num_arena_deaths: 0.
num_vsnodes_births: 2.
num_vsnodes_deaths: 0.
num_space_committed: 307.
num_space_uncommitted: 0.
num_chunks_returned_to_freelist: 0.
num_chunks_taken_from_freelist: 206.
num_chunk_merges: 0.
num_chunk_splits: 114.
num_chunks_enlarged: 64.
num_inconsistent_stats: 0.

CodeHeap 'non-profiled nmethods': size=120000Kb used=437Kb max_used=437Kb free=119562Kb
 bounds [0x000001f207ad0000, 0x000001f207d40000, 0x000001f20f000000]
CodeHeap 'profiled nmethods': size=120000Kb used=2189Kb max_used=2189Kb free=117810Kb
 bounds [0x000001f200000000, 0x000001f200270000, 0x000001f207530000]
CodeHeap 'non-nmethods': size=5760Kb used=1384Kb max_used=1414Kb free=4375Kb
 bounds [0x000001f207530000, 0x000001f2077a0000, 0x000001f207ad0000]
 total_blobs=1962 nmethods=1308 adapters=567
 compilation: enabled
              stopped_count=0, restarted_count=0
 full_count=0

Compilation events (20 events):
Event: 4.312 Thread 0x000001f27fb803b0 1280       3       sun.awt.geom.Order3::refine (242 bytes)
Event: 4.312 Thread 0x000001f27fb803b0 nmethod 1280 0x000001f200218110 code [0x000001f200218380, 0x000001f200218ee8]
Event: 4.312 Thread 0x000001f27fb803b0 1279       3       sun.awt.geom.Order3::YforT (26 bytes)
Event: 4.312 Thread 0x000001f27fb803b0 nmethod 1279 0x000001f200219210 code [0x000001f2002193a0, 0x000001f2002194d8]
Event: 4.313 Thread 0x000001f27fb803b0 1281       3       sun.awt.geom.Order1::compareTo (326 bytes)
Event: 4.314 Thread 0x000001f27fb803b0 nmethod 1281 0x000001f200219590 code [0x000001f200219860, 0x000001f20021a668]
Event: 4.314 Thread 0x000001f27fb803b0 1282       3       sun.java2d.marlin.IntArrayCache$Reference::putArray (55 bytes)
Event: 4.315 Thread 0x000001f27fb803b0 nmethod 1282 0x000001f20021ab10 code [0x000001f20021ad20, 0x000001f20021b3a8]
Event: 4.315 Thread 0x000001f27fb803b0 1283       3       java.awt.Component::getFont_NoClientCode (29 bytes)
Event: 4.315 Thread 0x000001f27fb803b0 nmethod 1283 0x000001f20021b710 code [0x000001f20021b8e0, 0x000001f20021bc08]
Event: 4.315 Thread 0x000001f27fb803b0 1284       3       java.awt.geom.Path2D$Float::needRoom (72 bytes)
Event: 4.315 Thread 0x000001f27fb803b0 nmethod 1284 0x000001f20021bd10 code [0x000001f20021bf00, 0x000001f20021c2e8]
Event: 4.325 Thread 0x000001f27fb803b0 1285       3       jdk.internal.misc.Unsafe::weakCompareAndSetInt (11 bytes)
Event: 4.325 Thread 0x000001f27fb803b0 nmethod 1285 0x000001f20021c490 code [0x000001f20021c620, 0x000001f20021c758]
Event: 4.325 Thread 0x000001f27fb803b0 1287       3       java.lang.StrictMath::floorOrCeil (128 bytes)
Event: 4.326 Thread 0x000001f27fb803b0 nmethod 1287 0x000001f20021c810 code [0x000001f20021c9e0, 0x000001f20021ce78]
Event: 4.326 Thread 0x000001f27fb803b0 1288       3       java.lang.Math::getExponent (17 bytes)
Event: 4.326 Thread 0x000001f27fb803b0 nmethod 1288 0x000001f20021cf90 code [0x000001f20021d120, 0x000001f20021d258]
Event: 4.326 Thread 0x000001f27fb803b0 1286       3       java.util.IdentityHashMap$IdentityHashMapIterator::nextIndex (72 bytes)
Event: 4.326 Thread 0x000001f27fb803b0 nmethod 1286 0x000001f20021d310 code [0x000001f20021d500, 0x000001f20021d8a8]

GC Heap History (0 events):
No events

Dll operation events (11 events):
Event: 0.018 Loaded shared library C:\Users\Administrator\.p2\pool\plugins\org.eclipse.justj.openjdk.hotspot.jre.full.win32.x86_64_17.0.8.v20230801-1951\jre\bin\java.dll
Event: 0.258 Loaded shared library C:\Users\Administrator\.p2\pool\plugins\org.eclipse.justj.openjdk.hotspot.jre.full.win32.x86_64_17.0.8.v20230801-1951\jre\bin\net.dll
Event: 0.260 Loaded shared library C:\Users\Administrator\.p2\pool\plugins\org.eclipse.justj.openjdk.hotspot.jre.full.win32.x86_64_17.0.8.v20230801-1951\jre\bin\nio.dll
Event: 3.092 Loaded shared library C:\Users\Administrator\.p2\pool\plugins\org.eclipse.justj.openjdk.hotspot.jre.full.win32.x86_64_17.0.8.v20230801-1951\jre\bin\zip.dll
Event: 3.094 Loaded shared library C:\Users\Administrator\.p2\pool\plugins\org.eclipse.justj.openjdk.hotspot.jre.full.win32.x86_64_17.0.8.v20230801-1951\jre\bin\instrument.dll
Event: 3.108 Loaded shared library C:\Users\Administrator\.p2\pool\plugins\org.eclipse.justj.openjdk.hotspot.jre.full.win32.x86_64_17.0.8.v20230801-1951\jre\bin\zip.dll
Event: 3.352 Loaded shared library C:\Users\Administrator\.p2\pool\plugins\org.eclipse.justj.openjdk.hotspot.jre.full.win32.x86_64_17.0.8.v20230801-1951\jre\bin\jimage.dll
Event: 3.444 Loaded shared library C:\Users\Administrator\.p2\pool\plugins\org.eclipse.justj.openjdk.hotspot.jre.full.win32.x86_64_17.0.8.v20230801-1951\jre\bin\verify.dll
Event: 3.542 Loaded shared library C:\Users\Administrator\.p2\pool\plugins\org.eclipse.justj.openjdk.hotspot.jre.full.win32.x86_64_17.0.8.v20230801-1951\jre\bin\awt.dll
Event: 3.986 Loaded shared library C:\Users\Administrator\.p2\pool\plugins\org.eclipse.justj.openjdk.hotspot.jre.full.win32.x86_64_17.0.8.v20230801-1951\jre\bin\freetype.dll
Event: 3.988 Loaded shared library C:\Users\Administrator\.p2\pool\plugins\org.eclipse.justj.openjdk.hotspot.jre.full.win32.x86_64_17.0.8.v20230801-1951\jre\bin\fontmanager.dll

Deoptimization events (20 events):
Event: 4.170 Thread 0x000001f2159da4a0 DEOPT PACKING pc=0x000001f2001e4a67 sp=0x000000e639cfda50
Event: 4.170 Thread 0x000001f2159da4a0 DEOPT UNPACKING pc=0x000001f207587143 sp=0x000000e639cfcef8 mode 0
Event: 4.171 Thread 0x000001f2159da4a0 DEOPT PACKING pc=0x000001f2001e4a67 sp=0x000000e639cfda50
Event: 4.171 Thread 0x000001f2159da4a0 DEOPT UNPACKING pc=0x000001f207587143 sp=0x000000e639cfcef8 mode 0
Event: 4.171 Thread 0x000001f2159da4a0 DEOPT PACKING pc=0x000001f2001e4a67 sp=0x000000e639cfda70
Event: 4.171 Thread 0x000001f2159da4a0 DEOPT UNPACKING pc=0x000001f207587143 sp=0x000000e639cfceb8 mode 0
Event: 4.173 Thread 0x000001f2159da4a0 DEOPT PACKING pc=0x000001f2001e4a67 sp=0x000000e639cfda70
Event: 4.173 Thread 0x000001f2159da4a0 DEOPT UNPACKING pc=0x000001f207587143 sp=0x000000e639cfceb8 mode 0
Event: 4.173 Thread 0x000001f2159da4a0 DEOPT PACKING pc=0x000001f2001e4a67 sp=0x000000e639cfda70
Event: 4.173 Thread 0x000001f2159da4a0 DEOPT UNPACKING pc=0x000001f207587143 sp=0x000000e639cfceb8 mode 0
Event: 4.173 Thread 0x000001f2159da4a0 DEOPT PACKING pc=0x000001f2001e4a67 sp=0x000000e639cfda70
Event: 4.173 Thread 0x000001f2159da4a0 DEOPT UNPACKING pc=0x000001f207587143 sp=0x000000e639cfceb8 mode 0
Event: 4.281 Thread 0x000001f2159da4a0 DEOPT PACKING pc=0x000001f2001bbe21 sp=0x000000e639cfd650
Event: 4.281 Thread 0x000001f2159da4a0 DEOPT UNPACKING pc=0x000001f207587143 sp=0x000000e639cfcac0 mode 0
Event: 4.282 Thread 0x000001f2159da4a0 DEOPT PACKING pc=0x000001f2001bbe21 sp=0x000000e639cfd650
Event: 4.282 Thread 0x000001f2159da4a0 DEOPT UNPACKING pc=0x000001f207587143 sp=0x000000e639cfcac0 mode 0
Event: 4.284 Thread 0x000001f2159da4a0 DEOPT PACKING pc=0x000001f2001bbe21 sp=0x000000e639cfd690
Event: 4.284 Thread 0x000001f2159da4a0 DEOPT UNPACKING pc=0x000001f207587143 sp=0x000000e639cfcb00 mode 0
Event: 4.314 Thread 0x000001f2159da4a0 DEOPT PACKING pc=0x000001f2001bbe21 sp=0x000000e639cfd8b0
Event: 4.314 Thread 0x000001f2159da4a0 DEOPT UNPACKING pc=0x000001f207587143 sp=0x000000e639cfcd20 mode 0

Classes unloaded (0 events):
No events

Classes redefined (0 events):
No events

Internal exceptions (16 events):
Event: 0.282 Thread 0x000001f274fb68b0 Exception <a 'java/lang/NoSuchMethodError'{0x0000000088a1a640}: 'void java.lang.invoke.DirectMethodHandle$Holder.invokeVirtual(java.lang.Object, java.lang.Object)'> (0x0000000088a1a640) 
thrown [s\src\hotspot\share\interpreter\linkResolver.cpp, line 759]
Event: 3.528 Thread 0x000001f274fb68b0 Exception <a 'sun/nio/fs/WindowsException'{0x0000000088591d88}> (0x0000000088591d88) 
thrown [s\src\hotspot\share\prims\jni.cpp, line 516]
Event: 3.536 Thread 0x000001f274fb68b0 Exception <a 'java/lang/ClassNotFoundException'{0x00000000885bb5a0}: sun/awt/resources/spi/awtProvider> (0x00000000885bb5a0) 
thrown [s\src\hotspot\share\classfile\systemDictionary.cpp, line 256]
Event: 3.562 Thread 0x000001f274fb68b0 Exception <a 'java/io/FileNotFoundException'{0x0000000088414e30}> (0x0000000088414e30) 
thrown [s\src\hotspot\share\prims\jni.cpp, line 516]
Event: 3.572 Thread 0x000001f274fb68b0 Exception <a 'java/io/FileNotFoundException'{0x0000000088444018}> (0x0000000088444018) 
thrown [s\src\hotspot\share\prims\jni.cpp, line 516]
Event: 3.660 Thread 0x000001f274fb68b0 Exception <a 'java/lang/NoSuchMethodError'{0x00000000883bd138}: 'java.lang.Object java.lang.invoke.DirectMethodHandle$Holder.invokeStaticInit(java.lang.Object)'> (0x00000000883bd138) 
thrown [s\src\hotspot\share\interpreter\linkResolver.cpp, line 759]
Event: 3.780 Thread 0x000001f274fb68b0 Exception <a 'java/lang/NoSuchMethodError'{0x000000008828fd28}: 'void java.lang.invoke.DirectMethodHandle$Holder.invokeSpecial(java.lang.Object, java.lang.Object, java.lang.Object)'> (0x000000008828fd28) 
thrown [s\src\hotspot\share\interpreter\linkResolver.cpp, line 759]
Event: 3.790 Thread 0x000001f274fb68b0 Exception <a 'java/lang/NoSuchMethodError'{0x00000000882e08c8}: 'java.lang.Object java.lang.invoke.DirectMethodHandle$Holder.newInvokeSpecial(java.lang.Object, java.lang.Object, java.lang.Object, java.lang.Object, java.lang.Object)'> (0x00000000882e08c8) 
thrown [s\src\hotspot\share\interpreter\linkResolver.cpp, line 759]
Event: 3.791 Thread 0x000001f274fb68b0 Exception <a 'java/lang/NoSuchMethodError'{0x00000000882ec290}: 'java.lang.Object java.lang.invoke.DirectMethodHandle$Holder.invokeStatic(java.lang.Object, int, java.lang.Object, java.lang.Object, java.lang.Object, java.lang.Object)'> (0x00000000882ec290) 
thrown [s\src\hotspot\share\interpreter\linkResolver.cpp, line 759]
Event: 3.795 Thread 0x000001f274fb68b0 Exception <a 'java/lang/NoSuchMethodError'{0x0000000088112550}: 'java.lang.Object java.lang.invoke.DirectMethodHandle$Holder.invokeStatic(java.lang.Object, int, java.lang.Object)'> (0x0000000088112550) 
thrown [s\src\hotspot\share\interpreter\linkResolver.cpp, line 759]
Event: 3.822 Thread 0x000001f274fb68b0 Exception <a 'java/lang/ClassNotFoundException'{0x00000000881d92d0}: com/sun/swing/internal/plaf/metal/resources/spi/metalProvider> (0x00000000881d92d0) 
thrown [s\src\hotspot\share\classfile\systemDictionary.cpp, line 256]
Event: 3.823 Thread 0x000001f274fb68b0 Exception <a 'java/lang/ClassNotFoundException'{0x00000000881dfb98}: com/sun/swing/internal/plaf/basic/resources/spi/basicProvider> (0x00000000881dfb98) 
thrown [s\src\hotspot\share\classfile\systemDictionary.cpp, line 256]
Event: 3.839 Thread 0x000001f274fb68b0 Exception <a 'java/lang/NoSuchMethodError'{0x000000008803b580}: 'void java.lang.invoke.DirectMethodHandle$Holder.invokeStaticInit(java.lang.Object)'> (0x000000008803b580) 
thrown [s\src\hotspot\share\interpreter\linkResolver.cpp, line 759]
Event: 3.849 Thread 0x000001f2159bb010 Implicit null exception at 0x000001f207b07157 to 0x000001f207b07748
Event: 3.903 Thread 0x000001f2159bb010 Exception <a 'java/lang/NoSuchMethodError'{0x0000000087d94df0}: 'java.lang.Object java.lang.invoke.DirectMethodHandle$Holder.newInvokeSpecial(java.lang.Object, java.lang.Object, java.lang.Object, int, int, int, int, int)'> (0x0000000087d94df0) 
thrown [s\src\hotspot\share\interpreter\linkResolver.cpp, line 759]
Event: 4.030 Thread 0x000001f274fb68b0 Exception <a 'sun/nio/fs/WindowsException'{0x0000000087a69f80}> (0x0000000087a69f80) 
thrown [s\src\hotspot\share\prims\jni.cpp, line 516]

VM Operations (16 events):
Event: 0.324 Executing VM operation: HandshakeAllThreads
Event: 0.324 Executing VM operation: HandshakeAllThreads done
Event: 0.345 Executing VM operation: ChangeBreakpoints
Event: 0.345 Executing VM operation: ChangeBreakpoints done
Event: 0.360 Executing VM operation: ChangeBreakpoints
Event: 0.360 Executing VM operation: ChangeBreakpoints done
Event: 3.372 Executing VM operation: Cleanup
Event: 3.388 Executing VM operation: Cleanup done
Event: 3.836 Executing VM operation: HandshakeAllThreads
Event: 3.836 Executing VM operation: HandshakeAllThreads done
Event: 3.896 Executing VM operation: HandshakeAllThreads
Event: 3.896 Executing VM operation: HandshakeAllThreads done
Event: 4.010 Executing VM operation: HandshakeAllThreads
Event: 4.010 Executing VM operation: HandshakeAllThreads done
Event: 4.072 Executing VM operation: HandshakeAllThreads
Event: 4.072 Executing VM operation: HandshakeAllThreads done

Events (20 events):
Event: 4.159 loading class java/awt/im/spi/InputMethod
Event: 4.159 loading class java/awt/im/spi/InputMethod done
Event: 4.159 loading class sun/awt/im/InputMethodAdapter done
Event: 4.159 loading class sun/awt/windows/WInputMethod done
Event: 4.160 loading class javax/swing/text/JTextComponent$InputMethodRequestsHandler
Event: 4.160 loading class javax/swing/text/JTextComponent$InputMethodRequestsHandler done
Event: 4.160 loading class sun/awt/im/CompositionAreaHandler
Event: 4.161 loading class sun/awt/im/CompositionAreaHandler done
Event: 4.161 loading class java/text/AttributedString
Event: 4.161 loading class java/text/AttributedString done
Event: 4.161 loading class java/text/AttributedString$AttributedStringIterator
Event: 4.161 loading class java/text/AttributedCharacterIterator
Event: 4.161 loading class java/text/CharacterIterator
Event: 4.161 loading class java/text/CharacterIterator done
Event: 4.161 loading class java/text/AttributedCharacterIterator done
Event: 4.161 loading class java/text/AttributedString$AttributedStringIterator done
Event: 4.161 loading class java/awt/event/ContainerEvent
Event: 4.161 loading class java/awt/event/ContainerEvent done
Event: 4.162 loading class java/awt/TextComponent
Event: 4.163 loading class java/awt/TextComponent done


Dynamic libraries:
0x00007ff695b10000 - 0x00007ff695b1e000 	C:\Users\Administrator\.p2\pool\plugins\org.eclipse.justj.openjdk.hotspot.jre.full.win32.x86_64_17.0.8.v20230801-1951\jre\bin\javaw.exe
0x00007ffe18b70000 - 0x00007ffe18d68000 	C:\Windows\SYSTEM32\ntdll.dll
0x00007ffe18a10000 - 0x00007ffe18acf000 	C:\Windows\System32\KERNEL32.DLL
0x00007ffe16250000 - 0x00007ffe16546000 	C:\Windows\System32\KERNELBASE.dll
0x00007ffe16550000 - 0x00007ffe16650000 	C:\Windows\System32\ucrtbase.dll
0x00007ffe033a0000 - 0x00007ffe033b9000 	C:\Users\Administrator\.p2\pool\plugins\org.eclipse.justj.openjdk.hotspot.jre.full.win32.x86_64_17.0.8.v20230801-1951\jre\bin\VCRUNTIME140.dll
0x00007ffe06c90000 - 0x00007ffe06ca7000 	C:\Users\Administrator\.p2\pool\plugins\org.eclipse.justj.openjdk.hotspot.jre.full.win32.x86_64_17.0.8.v20230801-1951\jre\bin\jli.dll
0x00007ffe17f80000 - 0x00007ffe1811d000 	C:\Windows\System32\USER32.dll
0x00007ffdfd670000 - 0x00007ffdfd90a000 	C:\Windows\WinSxS\amd64_microsoft.windows.common-controls_6595b64144ccf1df_6.0.19041.1110_none_60b5254171f9507e\COMCTL32.dll
0x00007ffe16a80000 - 0x00007ffe16aa2000 	C:\Windows\System32\win32u.dll
0x00007ffe172c0000 - 0x00007ffe172ec000 	C:\Windows\System32\GDI32.dll
0x00007ffe17940000 - 0x00007ffe179de000 	C:\Windows\System32\msvcrt.dll
0x00007ffe16ab0000 - 0x00007ffe16bc5000 	C:\Windows\System32\gdi32full.dll
0x00007ffe166c0000 - 0x00007ffe1675d000 	C:\Windows\System32\msvcp_win.dll
0x00007ffe16bf0000 - 0x00007ffe16c20000 	C:\Windows\System32\IMM32.DLL
0x00007ffe06dd0000 - 0x00007ffe06ddc000 	C:\Users\Administrator\.p2\pool\plugins\org.eclipse.justj.openjdk.hotspot.jre.full.win32.x86_64_17.0.8.v20230801-1951\jre\bin\vcruntime140_1.dll
0x00007ffdf9ba0000 - 0x00007ffdf9c31000 	C:\Users\Administrator\.p2\pool\plugins\org.eclipse.justj.openjdk.hotspot.jre.full.win32.x86_64_17.0.8.v20230801-1951\jre\bin\msvcp140.dll
0x00007ffdc5d90000 - 0x00007ffdc69dc000 	C:\Users\Administrator\.p2\pool\plugins\org.eclipse.justj.openjdk.hotspot.jre.full.win32.x86_64_17.0.8.v20230801-1951\jre\bin\server\jvm.dll
0x00007ffe171b0000 - 0x00007ffe1725f000 	C:\Windows\System32\ADVAPI32.dll
0x00007ffe17540000 - 0x00007ffe175dc000 	C:\Windows\System32\sechost.dll
0x00007ffe17ce0000 - 0x00007ffe17e06000 	C:\Windows\System32\RPCRT4.dll
0x00007ffe15df0000 - 0x00007ffe15e3b000 	C:\Windows\SYSTEM32\POWRPROF.dll
0x00007ffe11860000 - 0x00007ffe11869000 	C:\Windows\SYSTEM32\WSOCK32.dll
0x00007ffe17ab0000 - 0x00007ffe17b1b000 	C:\Windows\System32\WS2_32.dll
0x00007ffe0df00000 - 0x00007ffe0df27000 	C:\Windows\SYSTEM32\WINMM.dll
0x00007ffe10dc0000 - 0x00007ffe10dca000 	C:\Windows\SYSTEM32\VERSION.dll
0x00007ffe15db0000 - 0x00007ffe15dc2000 	C:\Windows\SYSTEM32\UMPDC.dll
0x00007ffe14120000 - 0x00007ffe14132000 	C:\Windows\SYSTEM32\kernel.appcore.dll
0x00007ffe11cf0000 - 0x00007ffe11cfa000 	C:\Users\Administrator\.p2\pool\plugins\org.eclipse.justj.openjdk.hotspot.jre.full.win32.x86_64_17.0.8.v20230801-1951\jre\bin\jimage.dll
0x00007ffe0fbd0000 - 0x00007ffe0fdb4000 	C:\Windows\SYSTEM32\DBGHELP.DLL
0x00007ffe05260000 - 0x00007ffe05294000 	C:\Windows\SYSTEM32\dbgcore.DLL
0x00007ffe168c0000 - 0x00007ffe16942000 	C:\Windows\System32\bcryptPrimitives.dll
0x00007ffe03360000 - 0x00007ffe0339b000 	C:\Users\Administrator\.p2\pool\plugins\org.eclipse.justj.openjdk.hotspot.jre.full.win32.x86_64_17.0.8.v20230801-1951\jre\bin\jdwp.dll
0x00007ffe0da70000 - 0x00007ffe0da7e000 	C:\Users\Administrator\.p2\pool\plugins\org.eclipse.justj.openjdk.hotspot.jre.full.win32.x86_64_17.0.8.v20230801-1951\jre\bin\instrument.dll
0x00007ffe07200000 - 0x00007ffe07225000 	C:\Users\Administrator\.p2\pool\plugins\org.eclipse.justj.openjdk.hotspot.jre.full.win32.x86_64_17.0.8.v20230801-1951\jre\bin\java.dll
0x00007ffe0da40000 - 0x00007ffe0da58000 	C:\Users\Administrator\.p2\pool\plugins\org.eclipse.justj.openjdk.hotspot.jre.full.win32.x86_64_17.0.8.v20230801-1951\jre\bin\zip.dll
0x00007ffe181e0000 - 0x00007ffe18924000 	C:\Windows\System32\SHELL32.dll
0x00007ffe14320000 - 0x00007ffe14ab4000 	C:\Windows\SYSTEM32\windows.storage.dll
0x00007ffe175e0000 - 0x00007ffe17934000 	C:\Windows\System32\combase.dll
0x00007ffe15c20000 - 0x00007ffe15c4e000 	C:\Windows\SYSTEM32\Wldp.dll
0x00007ffe18120000 - 0x00007ffe181cd000 	C:\Windows\System32\SHCORE.dll
0x00007ffe18ad0000 - 0x00007ffe18b25000 	C:\Windows\System32\shlwapi.dll
0x00007ffe16180000 - 0x00007ffe161a5000 	C:\Windows\SYSTEM32\profapi.dll
0x00007ffe06f90000 - 0x00007ffe06fa9000 	C:\Users\Administrator\.p2\pool\plugins\org.eclipse.justj.openjdk.hotspot.jre.full.win32.x86_64_17.0.8.v20230801-1951\jre\bin\net.dll
0x00007ffe10eb0000 - 0x00007ffe10fba000 	C:\Windows\SYSTEM32\WINHTTP.dll
0x00007ffe15980000 - 0x00007ffe159ea000 	C:\Windows\system32\mswsock.dll
0x00007ffe06d70000 - 0x00007ffe06d85000 	C:\Users\Administrator\.p2\pool\plugins\org.eclipse.justj.openjdk.hotspot.jre.full.win32.x86_64_17.0.8.v20230801-1951\jre\bin\nio.dll
0x00007ffe0da60000 - 0x00007ffe0da6c000 	C:\Users\Administrator\.p2\pool\plugins\org.eclipse.justj.openjdk.hotspot.jre.full.win32.x86_64_17.0.8.v20230801-1951\jre\bin\dt_socket.dll
0x00007ffe15670000 - 0x00007ffe156ac000 	C:\Windows\SYSTEM32\IPHLPAPI.DLL
0x00007ffe156b0000 - 0x00007ffe1577a000 	C:\Windows\SYSTEM32\DNSAPI.dll
0x00007ffe17b20000 - 0x00007ffe17b28000 	C:\Windows\System32\NSI.dll
0x00007ffe0df90000 - 0x00007ffe0df9a000 	C:\Windows\System32\rasadhlp.dll
0x00007ffe0d990000 - 0x00007ffe0da12000 	C:\Windows\System32\fwpuclnt.dll
0x00007ffe16a50000 - 0x00007ffe16a77000 	C:\Windows\System32\bcrypt.dll
0x00007ffe11ce0000 - 0x00007ffe11cf0000 	C:\Users\Administrator\.p2\pool\plugins\org.eclipse.justj.openjdk.hotspot.jre.full.win32.x86_64_17.0.8.v20230801-1951\jre\bin\verify.dll
0x00007ffdebfe0000 - 0x00007ffdec16e000 	C:\Users\Administrator\.p2\pool\plugins\org.eclipse.justj.openjdk.hotspot.jre.full.win32.x86_64_17.0.8.v20230801-1951\jre\bin\awt.dll
0x00007ffe179e0000 - 0x00007ffe17aad000 	C:\Windows\System32\OLEAUT32.dll
0x00007ffe13b70000 - 0x00007ffe13c01000 	C:\Windows\SYSTEM32\apphelp.dll
0x00007ffe13f40000 - 0x00007ffe13f6f000 	C:\Windows\system32\DWMAPI.DLL
0x00007ffe13c50000 - 0x00007ffe13cee000 	C:\Windows\system32\uxtheme.dll
0x00007ffdec920000 - 0x00007ffdeca45000 	C:\Windows\system32\opengl32.dll
0x00007ffe078c0000 - 0x00007ffe078ec000 	C:\Windows\SYSTEM32\GLU32.dll
0x00007ffe16c20000 - 0x00007ffe16d34000 	C:\Windows\System32\MSCTF.dll
0x00007ffe17380000 - 0x00007ffe174aa000 	C:\Windows\System32\ole32.dll
0x00007ffdeefe0000 - 0x00007ffdef1ad000 	C:\Windows\system32\d3d9.dll
0x00007ffe0d3b0000 - 0x00007ffe0d56b000 	C:\Windows\System32\DriverStore\FileRepository\u0394441.inf_amd64_57e767cb37419fb0\B394106\aticfx64.dll
0x00007ffe077d0000 - 0x00007ffe07804000 	C:\Windows\System32\DriverStore\FileRepository\u0394441.inf_amd64_57e767cb37419fb0\B394106\atiu9p64.dll
0x00007ffdf3ac0000 - 0x00007ffdf4815000 	C:\Windows\System32\DriverStore\FileRepository\u0394441.inf_amd64_57e767cb37419fb0\B394106\atiumd64.dll
0x0000000073050000 - 0x0000000073f62000 	C:\Windows\System32\DriverStore\FileRepository\u0394441.inf_amd64_57e767cb37419fb0\B394106\atiumd6a.dll
0x00007ffe16d40000 - 0x00007ffe171ae000 	C:\Windows\System32\SETUPAPI.dll
0x00007ffe16a00000 - 0x00007ffe16a4e000 	C:\Windows\System32\cfgmgr32.dll
0x00007ffe0de80000 - 0x00007ffe0deb5000 	C:\Windows\SYSTEM32\amdihk64.dll
0x00007ffdebf50000 - 0x00007ffdebfd6000 	C:\Users\Administrator\.p2\pool\plugins\org.eclipse.justj.openjdk.hotspot.jre.full.win32.x86_64_17.0.8.v20230801-1951\jre\bin\freetype.dll
0x00007ffdebe70000 - 0x00007ffdebf43000 	C:\Users\Administrator\.p2\pool\plugins\org.eclipse.justj.openjdk.hotspot.jre.full.win32.x86_64_17.0.8.v20230801-1951\jre\bin\fontmanager.dll
0x00007ffe17ed0000 - 0x00007ffe17f79000 	C:\Windows\System32\clbcatq.dll
0x00007ffe10620000 - 0x00007ffe107d4000 	C:\Windows\SYSTEM32\WindowsCodecs.dll
0x00007ffdfca30000 - 0x00007ffdfca6e000 	C:\Windows\system32\dataexchange.dll
0x00007ffe11f80000 - 0x00007ffe121e3000 	C:\Windows\system32\d3d11.dll
0x00007ffe12f10000 - 0x00007ffe130f3000 	C:\Windows\system32\dcomp.dll
0x00007ffe14b00000 - 0x00007ffe14bf3000 	C:\Windows\system32\dxgi.dll
0x00007ffe10910000 - 0x00007ffe10b17000 	C:\Windows\system32\twinapi.appcore.dll
0x00007ffe0b550000 - 0x00007ffe0b649000 	C:\Windows\SYSTEM32\textinputframework.dll
0x00007ffe134d0000 - 0x00007ffe1382e000 	C:\Windows\System32\CoreUIComponents.dll
0x00007ffe13830000 - 0x00007ffe13922000 	C:\Windows\System32\CoreMessaging.dll
0x00007ffe153c0000 - 0x00007ffe153f3000 	C:\Windows\SYSTEM32\ntmarta.dll
0x00007ffe12c10000 - 0x00007ffe12d64000 	C:\Windows\SYSTEM32\wintypes.dll

dbghelp: loaded successfully - version: 4.0.5 - missing functions: none
symbol engine: initialized successfully - sym options: 0x614 - pdb path: .;C:\Users\Administrator\.p2\pool\plugins\org.eclipse.justj.openjdk.hotspot.jre.full.win32.x86_64_17.0.8.v20230801-1951\jre\bin;C:\Windows\SYSTEM32;C:\Windows\WinSxS\amd64_microsoft.windows.common-controls_6595b64144ccf1df_6.0.19041.1110_none_60b5254171f9507e;C:\Users\Administrator\.p2\pool\plugins\org.eclipse.justj.openjdk.hotspot.jre.full.win32.x86_64_17.0.8.v20230801-1951\jre\bin\server;C:\Windows\System32\DriverStore\FileRepository\u0394441.inf_amd64_57e767cb37419fb0\B394106

VM Arguments:
jvm_args: -XX:+ShowCodeDetailsInExceptionMessages -agentlib:jdwp=transport=dt_socket,suspend=y,address=localhost:61010 -javaagent:C:\Users\Administrator\eclipse\java-2023-06\eclipse\configuration\org.eclipse.osgi\248\0\.cp\lib\javaagent-shaded.jar -Dfile.encoding=UTF-8 --module-path=C:\Users\Administrator\git\PHPay\bin -Djdk.module.main=PHPay 
java_command: PHPay/PHPay.PHPayMain
java_class_path (initial): C:\Users\Administrator\Downloads\mysql-connector-j-8.1.0.jar;C:\Users\Administrator\Downloads\filters-2.0.235.jar;C:\Users\Administrator\Downloads\swing-worker-1.1.jar;C:\Users\Administrator\Downloads\swingx-1.6.1.jar;C:\Users\Administrator\Downloads\TimingFramework-0.55.jar
Launcher Type: SUN_STANDARD

[Global flags]
     intx CICompilerCount                          = 3                                         {product} {ergonomic}
     uint ConcGCThreads                            = 2                                         {product} {ergonomic}
     uint G1ConcRefinementThreads                  = 6                                         {product} {ergonomic}
   size_t G1HeapRegionSize                         = 1048576                                   {product} {ergonomic}
    uintx GCDrainStackTargetSize                   = 64                                        {product} {ergonomic}
   size_t InitialHeapSize                          = 134217728                                 {product} {ergonomic}
   size_t MarkStackSize                            = 4194304                                   {product} {ergonomic}
   size_t MaxHeapSize                              = 2134900736                                {product} {ergonomic}
   size_t MaxNewSize                               = 1280311296                                {product} {ergonomic}
   size_t MinHeapDeltaBytes                        = 1048576                                   {product} {ergonomic}
   size_t MinHeapSize                              = 8388608                                   {product} {ergonomic}
    uintx NonNMethodCodeHeapSize                   = 5832780                                {pd product} {ergonomic}
    uintx NonProfiledCodeHeapSize                  = 122912730                              {pd product} {ergonomic}
    uintx ProfiledCodeHeapSize                     = 122912730                              {pd product} {ergonomic}
    uintx ReservedCodeCacheSize                    = 251658240                              {pd product} {ergonomic}
     bool SegmentedCodeCache                       = true                                      {product} {ergonomic}
     bool ShowCodeDetailsInExceptionMessages       = true                                   {manageable} {command line}
   size_t SoftMaxHeapSize                          = 2134900736                             {manageable} {ergonomic}
     bool UseCompressedClassPointers               = true                           {product lp64_product} {ergonomic}
     bool UseCompressedOops                        = true                           {product lp64_product} {ergonomic}
     bool UseG1GC                                  = true                                      {product} {ergonomic}
     bool UseLargePagesIndividualAllocation        = false                                  {pd product} {ergonomic}

Logging:
Log output configuration:
 #0: stdout all=warning uptime,level,tags
 #1: stderr all=off uptime,level,tags

Environment Variables:
PATH=C:\Users\Administrator\.p2\pool\plugins\org.eclipse.justj.openjdk.hotspot.jre.full.win32.x86_64_17.0.8.v20230801-1951\jre\bin;C:/Users/Administrator/.p2/pool/plugins/org.eclipse.justj.openjdk.hotspot.jre.full.win32.x86_64_17.0.8.v20230801-1951/jre/bin/server;C:/Users/Administrator/.p2/pool/plugins/org.eclipse.justj.openjdk.hotspot.jre.full.win32.x86_64_17.0.8.v20230801-1951/jre/bin;C:\Program Files (x86)\Common Files\Intel\Shared Libraries\redist\intel64\compiler;C:\Windows\system32;C:\Windows;C:\Windows\System32\Wbem;C:\Windows\System32\WindowsPowerShell\v1.0\;C:\Windows\System32\OpenSSH\;C:\Program Files\MySQL\MySQL Shell 8.0\bin\;C:\Users\Administrator\AppData\Local\Microsoft\WindowsApps;;C:\Users\Administrator\AppData\Local\Programs\Microsoft VS Code\bin;C:\Windows\system32;
USERNAME=Administrator
OS=Windows_NT
PROCESSOR_IDENTIFIER=Intel64 Family 6 Model 158 Stepping 10, GenuineIntel
TMP=C:\Users\ADMINI~1\AppData\Local\Temp
TEMP=C:\Users\ADMINI~1\AppData\Local\Temp



---------------  S Y S T E M  ---------------

OS:
 Windows 10 , 64 bit Build 19041 (10.0.19041.3155)
OS uptime: 0 days 3:26 hours

CPU: total 6 (initial active 6) (6 cores per cpu, 1 threads per core) family 6 model 158 stepping 10 microcode 0xca, cx8, cmov, fxsr, mmx, 3dnowpref, sse, sse2, sse3, ssse3, sse4.1, sse4.2, popcnt, lzcnt, tsc, tscinvbit, avx, avx2, aes, erms, clmul, bmi1, bmi2, adx, fma, vzeroupper, clflush, clflushopt
Processor Information for all 6 processors :
  Max Mhz: 2904, Current Mhz: 2904, Mhz Limit: 2904

Memory: 4k page, system-wide physical 8142M (226M free)
TotalPageFile size 32718M (AvailPageFile size 2M)
current process WorkingSet (physical memory assigned to process): 99M, peak: 99M
current process commit charge ("private bytes"): 242M, peak: 243M

vm_info: OpenJDK 64-Bit Server VM (17.0.8+7) for windows-amd64 JRE (17.0.8+7), built on Jul 18 2023 21:02:32 by "admin" with MS VC++ 16.7 (VS2019)

END.
