#
# There is insufficient memory for the Java Runtime Environment to continue.
# Native memory allocation (mmap) failed to map 65536 bytes for Failed to commit metaspace.
# Possible reasons:
#   The system is out of physical RAM or swap space
#   The process is running with CompressedOops enabled, and the Java Heap may be blocking the growth of the native heap
# Possible solutions:
#   Reduce memory load on the system
#   Increase physical memory or swap space
#   Check if swap backing store is full
#   Decrease Java heap size (-Xmx/-Xms)
#   Decrease number of Java threads
#   Decrease Java thread stack sizes (-Xss)
#   Set larger code cache with -XX:ReservedCodeCacheSize=
#   JVM is running with Unscaled Compressed Oops mode in which the Java heap is
#     placed in the first 4GB address space. The Java Heap base address is the
#     maximum limit for the native heap growth. Please use -XX:HeapBaseMinAddress
#     to set the Java Heap base and to place the Java Heap above 4GB virtual address.
# This output file may be truncated or incomplete.
#
#  Out of Memory Error (virtualSpaceNode.cpp:110), pid=26428, tid=12052
#
# JRE version: OpenJDK Runtime Environment Temurin-17.0.8+7 (17.0.8+7) (build 17.0.8+7)
# Java VM: OpenJDK 64-Bit Server VM Temurin-17.0.8+7 (17.0.8+7, mixed mode, tiered, compressed oops, compressed class ptrs, g1 gc, windows-amd64)
# No core dump will be written. Minidumps are not enabled by default on client versions of Windows
#

---------------  S U M M A R Y ------------

Command Line: -XX:+ShowCodeDetailsInExceptionMessages -agentlib:jdwp=transport=dt_socket,suspend=y,address=localhost:59699 -javaagent:C:\Users\Administrator\eclipse\java-2023-06\eclipse\configuration\org.eclipse.osgi\248\0\.cp\lib\javaagent-shaded.jar -Dfile.encoding=UTF-8 --module-path=C:\Users\Administrator\git\PHPay\bin -Djdk.module.main=PHPay PHPay/PHPay.PHPayMain

Host: Intel(R) Core(TM) i5-9400 CPU @ 2.90GHz, 6 cores, 7G,  Windows 10 , 64 bit Build 19041 (10.0.19041.3155)
Time: Thu Sep 21 06:20:54 2023 Malay Peninsula Standard Time elapsed time: 0.435401 seconds (0d 0h 0m 0s)

---------------  T H R E A D  ---------------

Current thread (0x000001acf31d5310):  JavaThread "main" [_thread_in_vm, id=12052, stack(0x0000001912900000,0x0000001912a00000)]

Stack: [0x0000001912900000,0x0000001912a00000]
Native frames: (J=compiled Java code, j=interpreted, Vv=VM code, C=native code)
V  [jvm.dll+0x678b0a]
V  [jvm.dll+0x835e84]
V  [jvm.dll+0x83762e]
V  [jvm.dll+0x837c93]
V  [jvm.dll+0x24746f]
V  [jvm.dll+0x831f1b]
V  [jvm.dll+0x61d3c6]
V  [jvm.dll+0x61d42a]
V  [jvm.dll+0x61fc5a]
V  [jvm.dll+0x61dd66]
V  [jvm.dll+0x627c47]
V  [jvm.dll+0x1eb90b]
V  [jvm.dll+0x1ebe45]
V  [jvm.dll+0x1ec87f]
V  [jvm.dll+0x1e1d21]
V  [jvm.dll+0x53fba0]
V  [jvm.dll+0x1f2607]
V  [jvm.dll+0x7b06ab]
V  [jvm.dll+0x7b1a52]
V  [jvm.dll+0x7b1d88]
V  [jvm.dll+0x23f76e]
V  [jvm.dll+0x23f9bf]
V  [jvm.dll+0x55d3f8]
V  [jvm.dll+0x5602a7]
V  [jvm.dll+0x385914]
V  [jvm.dll+0x384f7f]
C  0x000001ac87556043

Java frames: (J=compiled Java code, j=interpreted, Vv=VM code)
j  sun.java2d.marlin.MarlinProperties.align(II)I+5 java.desktop@17.0.8
j  sun.java2d.marlin.MarlinProperties.getInitialPixelWidth()I+14 java.desktop@17.0.8
j  sun.java2d.marlin.MarlinConst.<clinit>()V+174 java.desktop@17.0.8
v  ~StubRoutines::call_stub
j  sun.java2d.marlin.DMarlinRenderingEngine.<clinit>()V+13 java.desktop@17.0.8
v  ~StubRoutines::call_stub
j  java.lang.Class.forName0(Ljava/lang/String;ZLjava/lang/ClassLoader;Ljava/lang/Class;)Ljava/lang/Class;+0 java.base@17.0.8
j  java.lang.Class.forName(Ljava/lang/String;)Ljava/lang/Class;+11 java.base@17.0.8
j  sun.java2d.pipe.RenderingEngine.getInstance()Lsun/java2d/pipe/RenderingEngine;+73 java.desktop@17.0.8
j  sun.java2d.pipe.LoopPipe.<clinit>()V+0 java.desktop@17.0.8
v  ~StubRoutines::call_stub
j  sun.java2d.SurfaceData.<clinit>()V+3 java.desktop@17.0.8
v  ~StubRoutines::call_stub
j  sun.awt.windows.WToolkit.initIDs()V+0 java.desktop@17.0.8
j  sun.awt.windows.WToolkit.<clinit>()V+20 java.desktop@17.0.8
v  ~StubRoutines::call_stub
j  sun.awt.Win32GraphicsEnvironment.<clinit>()V+16 java.desktop@17.0.8
v  ~StubRoutines::call_stub
j  sun.awt.PlatformGraphicsInfo.createGE()Ljava/awt/GraphicsEnvironment;+0 java.desktop@17.0.8
j  java.awt.GraphicsEnvironment$LocalGE.createGE()Ljava/awt/GraphicsEnvironment;+0 java.desktop@17.0.8
j  java.awt.GraphicsEnvironment$LocalGE.<clinit>()V+0 java.desktop@17.0.8
v  ~StubRoutines::call_stub
j  java.awt.GraphicsEnvironment.getLocalGraphicsEnvironment()Ljava/awt/GraphicsEnvironment;+0 java.desktop@17.0.8
j  java.awt.Window.initGC(Ljava/awt/GraphicsConfiguration;)Ljava/awt/GraphicsConfiguration;+7 java.desktop@17.0.8
j  java.awt.Window.init(Ljava/awt/GraphicsConfiguration;)V+45 java.desktop@17.0.8
j  java.awt.Window.<init>()V+124 java.desktop@17.0.8
j  java.awt.Frame.<init>(Ljava/lang/String;)V+1 java.desktop@17.0.8
j  java.awt.Frame.<init>()V+3 java.desktop@17.0.8
j  javax.swing.JFrame.<init>()V+1 java.desktop@17.0.8
j  PHPay.Loading.<init>()V+1 PHPay
j  PHPay.PHPayMain.main([Ljava/lang/String;)V+4 PHPay
v  ~StubRoutines::call_stub

---------------  P R O C E S S  ---------------

Threads class SMR info:
_java_thread_list=0x000001acfe3a8950, length=16, elements={
0x000001acf31d5310, 0x000001acfddcd020, 0x000001acfddcdbb0, 0x000001acfddf5290,
0x000001acfddf5e50, 0x000001acfddf8820, 0x000001acfddf91e0, 0x000001acfddf9ed0,
0x000001acfde27130, 0x000001acfde47720, 0x000001acfdd2ed40, 0x000001acfe1cd0d0,
0x000001acfe2ee6d0, 0x000001acfe3380c0, 0x000001acfe33cce0, 0x000001acfe5645c0
}

Java Threads: ( => current thread )
=>0x000001acf31d5310 JavaThread "main" [_thread_in_vm, id=12052, stack(0x0000001912900000,0x0000001912a00000)]
  0x000001acfddcd020 JavaThread "Reference Handler" daemon [_thread_blocked, id=26028, stack(0x0000001913000000,0x0000001913100000)]
  0x000001acfddcdbb0 JavaThread "Finalizer" daemon [_thread_blocked, id=8772, stack(0x0000001913100000,0x0000001913200000)]
  0x000001acfddf5290 JavaThread "Signal Dispatcher" daemon [_thread_blocked, id=15864, stack(0x0000001913200000,0x0000001913300000)]
  0x000001acfddf5e50 JavaThread "Attach Listener" daemon [_thread_blocked, id=18324, stack(0x0000001913300000,0x0000001913400000)]
  0x000001acfddf8820 JavaThread "Service Thread" daemon [_thread_blocked, id=24860, stack(0x0000001913400000,0x0000001913500000)]
  0x000001acfddf91e0 JavaThread "Monitor Deflation Thread" daemon [_thread_blocked, id=17132, stack(0x0000001913500000,0x0000001913600000)]
  0x000001acfddf9ed0 JavaThread "C2 CompilerThread0" daemon [_thread_blocked, id=19336, stack(0x0000001913600000,0x0000001913700000)]
  0x000001acfde27130 JavaThread "C1 CompilerThread0" daemon [_thread_blocked, id=18908, stack(0x0000001913700000,0x0000001913800000)]
  0x000001acfde47720 JavaThread "Sweeper thread" daemon [_thread_blocked, id=26356, stack(0x0000001913800000,0x0000001913900000)]
  0x000001acfdd2ed40 JavaThread "Common-Cleaner" daemon [_thread_blocked, id=25712, stack(0x0000001913900000,0x0000001913a00000)]
  0x000001acfe1cd0d0 JavaThread "C2 CompilerThread1" daemon [_thread_blocked, id=23736, stack(0x0000001913a00000,0x0000001913b00000)]
  0x000001acfe2ee6d0 JavaThread "JDWP Transport Listener: dt_socket" daemon [_thread_blocked, id=20016, stack(0x0000001913b00000,0x0000001913c00000)]
  0x000001acfe3380c0 JavaThread "JDWP Event Helper Thread" daemon [_thread_blocked, id=11820, stack(0x0000001913c00000,0x0000001913d00000)]
  0x000001acfe33cce0 JavaThread "JDWP Command Reader" daemon [_thread_in_native, id=1876, stack(0x0000001913d00000,0x0000001913e00000)]
  0x000001acfe5645c0 JavaThread "Notification Thread" daemon [_thread_blocked, id=12776, stack(0x0000001913e00000,0x0000001913f00000)]

Other Threads:
  0x000001acfdd95ae0 VMThread "VM Thread" [stack: 0x0000001912f00000,0x0000001913000000] [id=8240]
  0x000001acfe4c9510 WatcherThread [stack: 0x0000001913f00000,0x0000001914000000] [id=26288]
  0x000001acf32327d0 GCTaskThread "GC Thread#0" [stack: 0x0000001912a00000,0x0000001912b00000] [id=6908]
  0x000001acf3243d40 ConcurrentGCThread "G1 Main Marker" [stack: 0x0000001912b00000,0x0000001912c00000] [id=12216]
  0x000001acf3244750 ConcurrentGCThread "G1 Conc#0" [stack: 0x0000001912c00000,0x0000001912d00000] [id=20224]
  0x000001acf3293590 ConcurrentGCThread "G1 Refine#0" [stack: 0x0000001912d00000,0x0000001912e00000] [id=19076]
  0x000001acf3293fc0 ConcurrentGCThread "G1 Service" [stack: 0x0000001912e00000,0x0000001912f00000] [id=5604]

Threads with active compile tasks:

VM state: not at safepoint (normal execution)

VM Mutex/Monitor currently owned by a thread:  ([mutex/lock_event])
[0x000001acf31be690] Metaspace_lock - owner thread: 0x000001acf31d5310

Heap address: 0x0000000080c00000, size: 2036 MB, Compressed Oops mode: 32-bit

CDS archive(s) not mapped
Compressed class space mapped at: 0x0000000100000000-0x0000000140000000, reserved size: 1073741824
Narrow klass base: 0x0000000000000000, Narrow klass shift: 3, Narrow klass range: 0x140000000

GC Precious Log:
 CPUs: 6 total, 6 available
 Memory: 8142M
 Large Page Support: Disabled
 NUMA Support: Disabled
 Compressed Oops: Enabled (32-bit)
 Heap Region Size: 1M
 Heap Min Capacity: 8M
 Heap Initial Capacity: 128M
 Heap Max Capacity: 2036M
 Pre-touch: Disabled
 Parallel Workers: 6
 Concurrent Workers: 2
 Concurrent Refinement Workers: 6
 Periodic GC: Disabled

Heap:
 garbage-first heap   total 131072K, used 7168K [0x0000000080c00000, 0x0000000100000000)
  region size 1024K, 9 young (9216K), 0 survivors (0K)
 Metaspace       used 12508K, committed 12672K, reserved 1114112K
  class space    used 1145K, committed 1280K, reserved 1048576K

Heap Regions: E=young(eden), S=young(survivor), O=old, HS=humongous(starts), HC=humongous(continues), CS=collection set, F=free, OA=open archive, CA=closed archive, TAMS=top-at-mark-start (previous, next)
|   0|0x0000000080c00000, 0x0000000080c00000, 0x0000000080d00000|  0%| F|  |TAMS 0x0000000080c00000, 0x0000000080c00000| Untracked 
|   1|0x0000000080d00000, 0x0000000080d00000, 0x0000000080e00000|  0%| F|  |TAMS 0x0000000080d00000, 0x0000000080d00000| Untracked 
|   2|0x0000000080e00000, 0x0000000080e00000, 0x0000000080f00000|  0%| F|  |TAMS 0x0000000080e00000, 0x0000000080e00000| Untracked 
|   3|0x0000000080f00000, 0x0000000080f00000, 0x0000000081000000|  0%| F|  |TAMS 0x0000000080f00000, 0x0000000080f00000| Untracked 
|   4|0x0000000081000000, 0x0000000081000000, 0x0000000081100000|  0%| F|  |TAMS 0x0000000081000000, 0x0000000081000000| Untracked 
|   5|0x0000000081100000, 0x0000000081100000, 0x0000000081200000|  0%| F|  |TAMS 0x0000000081100000, 0x0000000081100000| Untracked 
|   6|0x0000000081200000, 0x0000000081200000, 0x0000000081300000|  0%| F|  |TAMS 0x0000000081200000, 0x0000000081200000| Untracked 
|   7|0x0000000081300000, 0x0000000081300000, 0x0000000081400000|  0%| F|  |TAMS 0x0000000081300000, 0x0000000081300000| Untracked 
|   8|0x0000000081400000, 0x0000000081400000, 0x0000000081500000|  0%| F|  |TAMS 0x0000000081400000, 0x0000000081400000| Untracked 
|   9|0x0000000081500000, 0x0000000081500000, 0x0000000081600000|  0%| F|  |TAMS 0x0000000081500000, 0x0000000081500000| Untracked 
|  10|0x0000000081600000, 0x0000000081600000, 0x0000000081700000|  0%| F|  |TAMS 0x0000000081600000, 0x0000000081600000| Untracked 
|  11|0x0000000081700000, 0x0000000081700000, 0x0000000081800000|  0%| F|  |TAMS 0x0000000081700000, 0x0000000081700000| Untracked 
|  12|0x0000000081800000, 0x0000000081800000, 0x0000000081900000|  0%| F|  |TAMS 0x0000000081800000, 0x0000000081800000| Untracked 
|  13|0x0000000081900000, 0x0000000081900000, 0x0000000081a00000|  0%| F|  |TAMS 0x0000000081900000, 0x0000000081900000| Untracked 
|  14|0x0000000081a00000, 0x0000000081a00000, 0x0000000081b00000|  0%| F|  |TAMS 0x0000000081a00000, 0x0000000081a00000| Untracked 
|  15|0x0000000081b00000, 0x0000000081b00000, 0x0000000081c00000|  0%| F|  |TAMS 0x0000000081b00000, 0x0000000081b00000| Untracked 
|  16|0x0000000081c00000, 0x0000000081c00000, 0x0000000081d00000|  0%| F|  |TAMS 0x0000000081c00000, 0x0000000081c00000| Untracked 
|  17|0x0000000081d00000, 0x0000000081d00000, 0x0000000081e00000|  0%| F|  |TAMS 0x0000000081d00000, 0x0000000081d00000| Untracked 
|  18|0x0000000081e00000, 0x0000000081e00000, 0x0000000081f00000|  0%| F|  |TAMS 0x0000000081e00000, 0x0000000081e00000| Untracked 
|  19|0x0000000081f00000, 0x0000000081f00000, 0x0000000082000000|  0%| F|  |TAMS 0x0000000081f00000, 0x0000000081f00000| Untracked 
|  20|0x0000000082000000, 0x0000000082000000, 0x0000000082100000|  0%| F|  |TAMS 0x0000000082000000, 0x0000000082000000| Untracked 
|  21|0x0000000082100000, 0x0000000082100000, 0x0000000082200000|  0%| F|  |TAMS 0x0000000082100000, 0x0000000082100000| Untracked 
|  22|0x0000000082200000, 0x0000000082200000, 0x0000000082300000|  0%| F|  |TAMS 0x0000000082200000, 0x0000000082200000| Untracked 
|  23|0x0000000082300000, 0x0000000082300000, 0x0000000082400000|  0%| F|  |TAMS 0x0000000082300000, 0x0000000082300000| Untracked 
|  24|0x0000000082400000, 0x0000000082400000, 0x0000000082500000|  0%| F|  |TAMS 0x0000000082400000, 0x0000000082400000| Untracked 
|  25|0x0000000082500000, 0x0000000082500000, 0x0000000082600000|  0%| F|  |TAMS 0x0000000082500000, 0x0000000082500000| Untracked 
|  26|0x0000000082600000, 0x0000000082600000, 0x0000000082700000|  0%| F|  |TAMS 0x0000000082600000, 0x0000000082600000| Untracked 
|  27|0x0000000082700000, 0x0000000082700000, 0x0000000082800000|  0%| F|  |TAMS 0x0000000082700000, 0x0000000082700000| Untracked 
|  28|0x0000000082800000, 0x0000000082800000, 0x0000000082900000|  0%| F|  |TAMS 0x0000000082800000, 0x0000000082800000| Untracked 
|  29|0x0000000082900000, 0x0000000082900000, 0x0000000082a00000|  0%| F|  |TAMS 0x0000000082900000, 0x0000000082900000| Untracked 
|  30|0x0000000082a00000, 0x0000000082a00000, 0x0000000082b00000|  0%| F|  |TAMS 0x0000000082a00000, 0x0000000082a00000| Untracked 
|  31|0x0000000082b00000, 0x0000000082b00000, 0x0000000082c00000|  0%| F|  |TAMS 0x0000000082b00000, 0x0000000082b00000| Untracked 
|  32|0x0000000082c00000, 0x0000000082c00000, 0x0000000082d00000|  0%| F|  |TAMS 0x0000000082c00000, 0x0000000082c00000| Untracked 
|  33|0x0000000082d00000, 0x0000000082d00000, 0x0000000082e00000|  0%| F|  |TAMS 0x0000000082d00000, 0x0000000082d00000| Untracked 
|  34|0x0000000082e00000, 0x0000000082e00000, 0x0000000082f00000|  0%| F|  |TAMS 0x0000000082e00000, 0x0000000082e00000| Untracked 
|  35|0x0000000082f00000, 0x0000000082f00000, 0x0000000083000000|  0%| F|  |TAMS 0x0000000082f00000, 0x0000000082f00000| Untracked 
|  36|0x0000000083000000, 0x0000000083000000, 0x0000000083100000|  0%| F|  |TAMS 0x0000000083000000, 0x0000000083000000| Untracked 
|  37|0x0000000083100000, 0x0000000083100000, 0x0000000083200000|  0%| F|  |TAMS 0x0000000083100000, 0x0000000083100000| Untracked 
|  38|0x0000000083200000, 0x0000000083200000, 0x0000000083300000|  0%| F|  |TAMS 0x0000000083200000, 0x0000000083200000| Untracked 
|  39|0x0000000083300000, 0x0000000083300000, 0x0000000083400000|  0%| F|  |TAMS 0x0000000083300000, 0x0000000083300000| Untracked 
|  40|0x0000000083400000, 0x0000000083400000, 0x0000000083500000|  0%| F|  |TAMS 0x0000000083400000, 0x0000000083400000| Untracked 
|  41|0x0000000083500000, 0x0000000083500000, 0x0000000083600000|  0%| F|  |TAMS 0x0000000083500000, 0x0000000083500000| Untracked 
|  42|0x0000000083600000, 0x0000000083600000, 0x0000000083700000|  0%| F|  |TAMS 0x0000000083600000, 0x0000000083600000| Untracked 
|  43|0x0000000083700000, 0x0000000083700000, 0x0000000083800000|  0%| F|  |TAMS 0x0000000083700000, 0x0000000083700000| Untracked 
|  44|0x0000000083800000, 0x0000000083800000, 0x0000000083900000|  0%| F|  |TAMS 0x0000000083800000, 0x0000000083800000| Untracked 
|  45|0x0000000083900000, 0x0000000083900000, 0x0000000083a00000|  0%| F|  |TAMS 0x0000000083900000, 0x0000000083900000| Untracked 
|  46|0x0000000083a00000, 0x0000000083a00000, 0x0000000083b00000|  0%| F|  |TAMS 0x0000000083a00000, 0x0000000083a00000| Untracked 
|  47|0x0000000083b00000, 0x0000000083b00000, 0x0000000083c00000|  0%| F|  |TAMS 0x0000000083b00000, 0x0000000083b00000| Untracked 
|  48|0x0000000083c00000, 0x0000000083c00000, 0x0000000083d00000|  0%| F|  |TAMS 0x0000000083c00000, 0x0000000083c00000| Untracked 
|  49|0x0000000083d00000, 0x0000000083d00000, 0x0000000083e00000|  0%| F|  |TAMS 0x0000000083d00000, 0x0000000083d00000| Untracked 
|  50|0x0000000083e00000, 0x0000000083e00000, 0x0000000083f00000|  0%| F|  |TAMS 0x0000000083e00000, 0x0000000083e00000| Untracked 
|  51|0x0000000083f00000, 0x0000000083f00000, 0x0000000084000000|  0%| F|  |TAMS 0x0000000083f00000, 0x0000000083f00000| Untracked 
|  52|0x0000000084000000, 0x0000000084000000, 0x0000000084100000|  0%| F|  |TAMS 0x0000000084000000, 0x0000000084000000| Untracked 
|  53|0x0000000084100000, 0x0000000084100000, 0x0000000084200000|  0%| F|  |TAMS 0x0000000084100000, 0x0000000084100000| Untracked 
|  54|0x0000000084200000, 0x0000000084200000, 0x0000000084300000|  0%| F|  |TAMS 0x0000000084200000, 0x0000000084200000| Untracked 
|  55|0x0000000084300000, 0x0000000084300000, 0x0000000084400000|  0%| F|  |TAMS 0x0000000084300000, 0x0000000084300000| Untracked 
|  56|0x0000000084400000, 0x0000000084400000, 0x0000000084500000|  0%| F|  |TAMS 0x0000000084400000, 0x0000000084400000| Untracked 
|  57|0x0000000084500000, 0x0000000084500000, 0x0000000084600000|  0%| F|  |TAMS 0x0000000084500000, 0x0000000084500000| Untracked 
|  58|0x0000000084600000, 0x0000000084600000, 0x0000000084700000|  0%| F|  |TAMS 0x0000000084600000, 0x0000000084600000| Untracked 
|  59|0x0000000084700000, 0x0000000084700000, 0x0000000084800000|  0%| F|  |TAMS 0x0000000084700000, 0x0000000084700000| Untracked 
|  60|0x0000000084800000, 0x0000000084800000, 0x0000000084900000|  0%| F|  |TAMS 0x0000000084800000, 0x0000000084800000| Untracked 
|  61|0x0000000084900000, 0x0000000084900000, 0x0000000084a00000|  0%| F|  |TAMS 0x0000000084900000, 0x0000000084900000| Untracked 
|  62|0x0000000084a00000, 0x0000000084a00000, 0x0000000084b00000|  0%| F|  |TAMS 0x0000000084a00000, 0x0000000084a00000| Untracked 
|  63|0x0000000084b00000, 0x0000000084b00000, 0x0000000084c00000|  0%| F|  |TAMS 0x0000000084b00000, 0x0000000084b00000| Untracked 
|  64|0x0000000084c00000, 0x0000000084c00000, 0x0000000084d00000|  0%| F|  |TAMS 0x0000000084c00000, 0x0000000084c00000| Untracked 
|  65|0x0000000084d00000, 0x0000000084d00000, 0x0000000084e00000|  0%| F|  |TAMS 0x0000000084d00000, 0x0000000084d00000| Untracked 
|  66|0x0000000084e00000, 0x0000000084e00000, 0x0000000084f00000|  0%| F|  |TAMS 0x0000000084e00000, 0x0000000084e00000| Untracked 
|  67|0x0000000084f00000, 0x0000000084f00000, 0x0000000085000000|  0%| F|  |TAMS 0x0000000084f00000, 0x0000000084f00000| Untracked 
|  68|0x0000000085000000, 0x0000000085000000, 0x0000000085100000|  0%| F|  |TAMS 0x0000000085000000, 0x0000000085000000| Untracked 
|  69|0x0000000085100000, 0x0000000085100000, 0x0000000085200000|  0%| F|  |TAMS 0x0000000085100000, 0x0000000085100000| Untracked 
|  70|0x0000000085200000, 0x0000000085200000, 0x0000000085300000|  0%| F|  |TAMS 0x0000000085200000, 0x0000000085200000| Untracked 
|  71|0x0000000085300000, 0x0000000085300000, 0x0000000085400000|  0%| F|  |TAMS 0x0000000085300000, 0x0000000085300000| Untracked 
|  72|0x0000000085400000, 0x0000000085400000, 0x0000000085500000|  0%| F|  |TAMS 0x0000000085400000, 0x0000000085400000| Untracked 
|  73|0x0000000085500000, 0x0000000085500000, 0x0000000085600000|  0%| F|  |TAMS 0x0000000085500000, 0x0000000085500000| Untracked 
|  74|0x0000000085600000, 0x0000000085600000, 0x0000000085700000|  0%| F|  |TAMS 0x0000000085600000, 0x0000000085600000| Untracked 
|  75|0x0000000085700000, 0x0000000085700000, 0x0000000085800000|  0%| F|  |TAMS 0x0000000085700000, 0x0000000085700000| Untracked 
|  76|0x0000000085800000, 0x0000000085800000, 0x0000000085900000|  0%| F|  |TAMS 0x0000000085800000, 0x0000000085800000| Untracked 
|  77|0x0000000085900000, 0x0000000085900000, 0x0000000085a00000|  0%| F|  |TAMS 0x0000000085900000, 0x0000000085900000| Untracked 
|  78|0x0000000085a00000, 0x0000000085a00000, 0x0000000085b00000|  0%| F|  |TAMS 0x0000000085a00000, 0x0000000085a00000| Untracked 
|  79|0x0000000085b00000, 0x0000000085b00000, 0x0000000085c00000|  0%| F|  |TAMS 0x0000000085b00000, 0x0000000085b00000| Untracked 
|  80|0x0000000085c00000, 0x0000000085c00000, 0x0000000085d00000|  0%| F|  |TAMS 0x0000000085c00000, 0x0000000085c00000| Untracked 
|  81|0x0000000085d00000, 0x0000000085d00000, 0x0000000085e00000|  0%| F|  |TAMS 0x0000000085d00000, 0x0000000085d00000| Untracked 
|  82|0x0000000085e00000, 0x0000000085e00000, 0x0000000085f00000|  0%| F|  |TAMS 0x0000000085e00000, 0x0000000085e00000| Untracked 
|  83|0x0000000085f00000, 0x0000000085f00000, 0x0000000086000000|  0%| F|  |TAMS 0x0000000085f00000, 0x0000000085f00000| Untracked 
|  84|0x0000000086000000, 0x0000000086000000, 0x0000000086100000|  0%| F|  |TAMS 0x0000000086000000, 0x0000000086000000| Untracked 
|  85|0x0000000086100000, 0x0000000086100000, 0x0000000086200000|  0%| F|  |TAMS 0x0000000086100000, 0x0000000086100000| Untracked 
|  86|0x0000000086200000, 0x0000000086200000, 0x0000000086300000|  0%| F|  |TAMS 0x0000000086200000, 0x0000000086200000| Untracked 
|  87|0x0000000086300000, 0x0000000086300000, 0x0000000086400000|  0%| F|  |TAMS 0x0000000086300000, 0x0000000086300000| Untracked 
|  88|0x0000000086400000, 0x0000000086400000, 0x0000000086500000|  0%| F|  |TAMS 0x0000000086400000, 0x0000000086400000| Untracked 
|  89|0x0000000086500000, 0x0000000086500000, 0x0000000086600000|  0%| F|  |TAMS 0x0000000086500000, 0x0000000086500000| Untracked 
|  90|0x0000000086600000, 0x0000000086600000, 0x0000000086700000|  0%| F|  |TAMS 0x0000000086600000, 0x0000000086600000| Untracked 
|  91|0x0000000086700000, 0x0000000086700000, 0x0000000086800000|  0%| F|  |TAMS 0x0000000086700000, 0x0000000086700000| Untracked 
|  92|0x0000000086800000, 0x0000000086800000, 0x0000000086900000|  0%| F|  |TAMS 0x0000000086800000, 0x0000000086800000| Untracked 
|  93|0x0000000086900000, 0x0000000086900000, 0x0000000086a00000|  0%| F|  |TAMS 0x0000000086900000, 0x0000000086900000| Untracked 
|  94|0x0000000086a00000, 0x0000000086a00000, 0x0000000086b00000|  0%| F|  |TAMS 0x0000000086a00000, 0x0000000086a00000| Untracked 
|  95|0x0000000086b00000, 0x0000000086b00000, 0x0000000086c00000|  0%| F|  |TAMS 0x0000000086b00000, 0x0000000086b00000| Untracked 
|  96|0x0000000086c00000, 0x0000000086c00000, 0x0000000086d00000|  0%| F|  |TAMS 0x0000000086c00000, 0x0000000086c00000| Untracked 
|  97|0x0000000086d00000, 0x0000000086d00000, 0x0000000086e00000|  0%| F|  |TAMS 0x0000000086d00000, 0x0000000086d00000| Untracked 
|  98|0x0000000086e00000, 0x0000000086e00000, 0x0000000086f00000|  0%| F|  |TAMS 0x0000000086e00000, 0x0000000086e00000| Untracked 
|  99|0x0000000086f00000, 0x0000000086f00000, 0x0000000087000000|  0%| F|  |TAMS 0x0000000086f00000, 0x0000000086f00000| Untracked 
| 100|0x0000000087000000, 0x0000000087000000, 0x0000000087100000|  0%| F|  |TAMS 0x0000000087000000, 0x0000000087000000| Untracked 
| 101|0x0000000087100000, 0x0000000087100000, 0x0000000087200000|  0%| F|  |TAMS 0x0000000087100000, 0x0000000087100000| Untracked 
| 102|0x0000000087200000, 0x0000000087200000, 0x0000000087300000|  0%| F|  |TAMS 0x0000000087200000, 0x0000000087200000| Untracked 
| 103|0x0000000087300000, 0x0000000087300000, 0x0000000087400000|  0%| F|  |TAMS 0x0000000087300000, 0x0000000087300000| Untracked 
| 104|0x0000000087400000, 0x0000000087400000, 0x0000000087500000|  0%| F|  |TAMS 0x0000000087400000, 0x0000000087400000| Untracked 
| 105|0x0000000087500000, 0x0000000087500000, 0x0000000087600000|  0%| F|  |TAMS 0x0000000087500000, 0x0000000087500000| Untracked 
| 106|0x0000000087600000, 0x0000000087600000, 0x0000000087700000|  0%| F|  |TAMS 0x0000000087600000, 0x0000000087600000| Untracked 
| 107|0x0000000087700000, 0x0000000087700000, 0x0000000087800000|  0%| F|  |TAMS 0x0000000087700000, 0x0000000087700000| Untracked 
| 108|0x0000000087800000, 0x0000000087800000, 0x0000000087900000|  0%| F|  |TAMS 0x0000000087800000, 0x0000000087800000| Untracked 
| 109|0x0000000087900000, 0x0000000087900000, 0x0000000087a00000|  0%| F|  |TAMS 0x0000000087900000, 0x0000000087900000| Untracked 
| 110|0x0000000087a00000, 0x0000000087a00000, 0x0000000087b00000|  0%| F|  |TAMS 0x0000000087a00000, 0x0000000087a00000| Untracked 
| 111|0x0000000087b00000, 0x0000000087b00000, 0x0000000087c00000|  0%| F|  |TAMS 0x0000000087b00000, 0x0000000087b00000| Untracked 
| 112|0x0000000087c00000, 0x0000000087c00000, 0x0000000087d00000|  0%| F|  |TAMS 0x0000000087c00000, 0x0000000087c00000| Untracked 
| 113|0x0000000087d00000, 0x0000000087d00000, 0x0000000087e00000|  0%| F|  |TAMS 0x0000000087d00000, 0x0000000087d00000| Untracked 
| 114|0x0000000087e00000, 0x0000000087e00000, 0x0000000087f00000|  0%| F|  |TAMS 0x0000000087e00000, 0x0000000087e00000| Untracked 
| 115|0x0000000087f00000, 0x0000000087f00000, 0x0000000088000000|  0%| F|  |TAMS 0x0000000087f00000, 0x0000000087f00000| Untracked 
| 116|0x0000000088000000, 0x0000000088000000, 0x0000000088100000|  0%| F|  |TAMS 0x0000000088000000, 0x0000000088000000| Untracked 
| 117|0x0000000088100000, 0x0000000088100000, 0x0000000088200000|  0%| F|  |TAMS 0x0000000088100000, 0x0000000088100000| Untracked 
| 118|0x0000000088200000, 0x0000000088200000, 0x0000000088300000|  0%| F|  |TAMS 0x0000000088200000, 0x0000000088200000| Untracked 
| 119|0x0000000088300000, 0x000000008836c080, 0x0000000088400000| 42%| E|  |TAMS 0x0000000088300000, 0x0000000088300000| Complete 
| 120|0x0000000088400000, 0x0000000088500000, 0x0000000088500000|100%| E|CS|TAMS 0x0000000088400000, 0x0000000088400000| Complete 
| 121|0x0000000088500000, 0x0000000088600000, 0x0000000088600000|100%| E|CS|TAMS 0x0000000088500000, 0x0000000088500000| Complete 
| 122|0x0000000088600000, 0x0000000088700000, 0x0000000088700000|100%| E|CS|TAMS 0x0000000088600000, 0x0000000088600000| Complete 
| 123|0x0000000088700000, 0x0000000088800000, 0x0000000088800000|100%| E|  |TAMS 0x0000000088700000, 0x0000000088700000| Complete 
| 124|0x0000000088800000, 0x0000000088900000, 0x0000000088900000|100%| E|CS|TAMS 0x0000000088800000, 0x0000000088800000| Complete 
| 125|0x0000000088900000, 0x0000000088a00000, 0x0000000088a00000|100%| E|CS|TAMS 0x0000000088900000, 0x0000000088900000| Complete 
| 126|0x0000000088a00000, 0x0000000088b00000, 0x0000000088b00000|100%| E|CS|TAMS 0x0000000088a00000, 0x0000000088a00000| Complete 
| 127|0x0000000088b00000, 0x0000000088c00000, 0x0000000088c00000|100%| E|CS|TAMS 0x0000000088b00000, 0x0000000088b00000| Complete 

Card table byte_map: [0x000001acf6db0000,0x000001acf71b0000] _byte_map_base: 0x000001acf69aa000

Marking Bits (Prev, Next): (CMBitMap*) 0x000001acf3232df0, (CMBitMap*) 0x000001acf3232e30
 Prev Bits: [0x000001acf75b0000, 0x000001acf9580000)
 Next Bits: [0x000001acf9580000, 0x000001acfb550000)

Polling page: 0x000001acf11c0000

Metaspace:

Usage:
  Non-class:     11.10 MB used.
      Class:      1.12 MB used.
       Both:     12.22 MB used.

Virtual space:
  Non-class space:       64.00 MB reserved,      11.12 MB ( 17%) committed,  1 nodes.
      Class space:        1.00 GB reserved,       1.25 MB ( <1%) committed,  1 nodes.
             Both:        1.06 GB reserved,      12.38 MB (  1%) committed. 

Chunk freelists:
   Non-Class:  4.44 MB
       Class:  14.67 MB
        Both:  19.11 MB

MaxMetaspaceSize: unlimited
CompressedClassSpaceSize: 1.00 GB
Initial GC threshold: 21.00 MB
Current GC threshold: 21.00 MB
CDS: off
MetaspaceReclaimPolicy: balanced
 - commit_granule_bytes: 65536.
 - commit_granule_words: 8192.
 - virtual_space_node_default_size: 8388608.
 - enlarge_chunks_in_place: 1.
 - new_chunks_are_fully_committed: 0.
 - uncommit_free_chunks: 1.
 - use_allocation_guard: 0.
 - handle_deallocations: 1.


Internal statistics:

num_allocs_failed_limit: 0.
num_arena_births: 62.
num_arena_deaths: 0.
num_vsnodes_births: 2.
num_vsnodes_deaths: 0.
num_space_committed: 198.
num_space_uncommitted: 0.
num_chunks_returned_to_freelist: 0.
num_chunks_taken_from_freelist: 117.
num_chunk_merges: 0.
num_chunk_splits: 65.
num_chunks_enlarged: 34.
num_inconsistent_stats: 0.

CodeHeap 'non-profiled nmethods': size=120000Kb used=223Kb max_used=223Kb free=119776Kb
 bounds [0x000001ac87ad0000, 0x000001ac87d40000, 0x000001ac8f000000]
CodeHeap 'profiled nmethods': size=120000Kb used=983Kb max_used=983Kb free=119016Kb
 bounds [0x000001ac80000000, 0x000001ac80270000, 0x000001ac87530000]
CodeHeap 'non-nmethods': size=5760Kb used=1245Kb max_used=1245Kb free=4514Kb
 bounds [0x000001ac87530000, 0x000001ac877a0000, 0x000001ac87ad0000]
 total_blobs=1134 nmethods=661 adapters=386
 compilation: enabled
              stopped_count=0, restarted_count=0
 full_count=0

Compilation events (20 events):
Event: 0.424 Thread 0x000001acfde27130  646       3       jdk.internal.org.objectweb.asm.SymbolTable::hash (20 bytes)
Event: 0.424 Thread 0x000001acfde27130 nmethod 646 0x000001ac800ef290 code [0x000001ac800ef440, 0x000001ac800ef628]
Event: 0.424 Thread 0x000001acfde27130  648       3       java.lang.invoke.LambdaForm$NamedFunction::returnType (11 bytes)
Event: 0.424 Thread 0x000001acfde27130 nmethod 648 0x000001ac800ef790 code [0x000001ac800ef980, 0x000001ac800efe08]
Event: 0.424 Thread 0x000001acfde27130  654       3       java.lang.invoke.MethodType$ConcurrentWeakInternSet::add (66 bytes)
Event: 0.425 Thread 0x000001acfde27130 nmethod 654 0x000001ac800f0010 code [0x000001ac800f02a0, 0x000001ac800f10e8]
Event: 0.425 Thread 0x000001acfde27130  649       3       java.lang.invoke.MethodType::insertParameterTypes (121 bytes)
Event: 0.425 Thread 0x000001acfde27130 nmethod 649 0x000001ac800f1690 code [0x000001ac800f1960, 0x000001ac800f2748]
Event: 0.425 Thread 0x000001acfde27130  658       3       java.lang.invoke.InvokerBytecodeGenerator::emitPushArgument (150 bytes)
Event: 0.426 Thread 0x000001acfde27130 nmethod 658 0x000001ac800f2d10 code [0x000001ac800f2fe0, 0x000001ac800f3ea8]
Event: 0.426 Thread 0x000001acfde27130  657       3       java.lang.invoke.LambdaForm::parameterType (9 bytes)
Event: 0.426 Thread 0x000001acfde27130 nmethod 657 0x000001ac800f4310 code [0x000001ac800f44c0, 0x000001ac800f4628]
Event: 0.426 Thread 0x000001acfde27130  656       1       java.lang.invoke.DirectMethodHandle::internalMemberName (5 bytes)
Event: 0.426 Thread 0x000001acfde27130 nmethod 656 0x000001ac87b07b10 code [0x000001ac87b07ca0, 0x000001ac87b07d78]
Event: 0.432 Thread 0x000001acfde27130  659       3       sun.instrument.InstrumentationImpl::transform (73 bytes)
Event: 0.433 Thread 0x000001acfde27130 nmethod 659 0x000001ac800f4710 code [0x000001ac800f48e0, 0x000001ac800f4ce8]
Event: 0.433 Thread 0x000001acfde27130  660   !   3       sun.instrument.TransformerManager::transform (100 bytes)
Event: 0.433 Thread 0x000001acfde27130 nmethod 660 0x000001ac800f4e90 code [0x000001ac800f5060, 0x000001ac800f5548]
Event: 0.433 Thread 0x000001acfde27130  661       3       java.lang.instrument.ClassFileTransformer::transform (15 bytes)
Event: 0.433 Thread 0x000001acfde27130 nmethod 661 0x000001ac800f5810 code [0x000001ac800f59c0, 0x000001ac800f5b68]

GC Heap History (0 events):
No events

Dll operation events (9 events):
Event: 0.004 Loaded shared library C:\Users\Administrator\.p2\pool\plugins\org.eclipse.justj.openjdk.hotspot.jre.full.win32.x86_64_17.0.8.v20230801-1951\jre\bin\java.dll
Event: 0.092 Loaded shared library C:\Users\Administrator\.p2\pool\plugins\org.eclipse.justj.openjdk.hotspot.jre.full.win32.x86_64_17.0.8.v20230801-1951\jre\bin\net.dll
Event: 0.093 Loaded shared library C:\Users\Administrator\.p2\pool\plugins\org.eclipse.justj.openjdk.hotspot.jre.full.win32.x86_64_17.0.8.v20230801-1951\jre\bin\nio.dll
Event: 0.209 Loaded shared library C:\Users\Administrator\.p2\pool\plugins\org.eclipse.justj.openjdk.hotspot.jre.full.win32.x86_64_17.0.8.v20230801-1951\jre\bin\zip.dll
Event: 0.211 Loaded shared library C:\Users\Administrator\.p2\pool\plugins\org.eclipse.justj.openjdk.hotspot.jre.full.win32.x86_64_17.0.8.v20230801-1951\jre\bin\instrument.dll
Event: 0.219 Loaded shared library C:\Users\Administrator\.p2\pool\plugins\org.eclipse.justj.openjdk.hotspot.jre.full.win32.x86_64_17.0.8.v20230801-1951\jre\bin\zip.dll
Event: 0.313 Loaded shared library C:\Users\Administrator\.p2\pool\plugins\org.eclipse.justj.openjdk.hotspot.jre.full.win32.x86_64_17.0.8.v20230801-1951\jre\bin\jimage.dll
Event: 0.353 Loaded shared library C:\Users\Administrator\.p2\pool\plugins\org.eclipse.justj.openjdk.hotspot.jre.full.win32.x86_64_17.0.8.v20230801-1951\jre\bin\verify.dll
Event: 0.391 Loaded shared library C:\Users\Administrator\.p2\pool\plugins\org.eclipse.justj.openjdk.hotspot.jre.full.win32.x86_64_17.0.8.v20230801-1951\jre\bin\awt.dll

Deoptimization events (20 events):
Event: 0.363 Thread 0x000001acf31d5310 DEOPT PACKING pc=0x000001ac8009fb2c sp=0x00000019129f8db0
Event: 0.363 Thread 0x000001acf31d5310 DEOPT UNPACKING pc=0x000001ac87587143 sp=0x00000019129f8218 mode 0
Event: 0.363 Thread 0x000001acf31d5310 DEOPT PACKING pc=0x000001ac8009fb2c sp=0x00000019129f8db0
Event: 0.363 Thread 0x000001acf31d5310 DEOPT UNPACKING pc=0x000001ac87587143 sp=0x00000019129f8218 mode 0
Event: 0.363 Thread 0x000001acf31d5310 DEOPT PACKING pc=0x000001ac8009fb2c sp=0x00000019129f8db0
Event: 0.363 Thread 0x000001acf31d5310 DEOPT UNPACKING pc=0x000001ac87587143 sp=0x00000019129f8218 mode 0
Event: 0.363 Thread 0x000001acf31d5310 DEOPT PACKING pc=0x000001ac8009fb2c sp=0x00000019129f8db0
Event: 0.363 Thread 0x000001acf31d5310 DEOPT UNPACKING pc=0x000001ac87587143 sp=0x00000019129f8218 mode 0
Event: 0.365 Thread 0x000001acf31d5310 DEOPT PACKING pc=0x000001ac8009fb2c sp=0x00000019129fc810
Event: 0.365 Thread 0x000001acf31d5310 DEOPT UNPACKING pc=0x000001ac87587143 sp=0x00000019129fbc78 mode 0
Event: 0.365 Thread 0x000001acf31d5310 DEOPT PACKING pc=0x000001ac8009fb2c sp=0x00000019129fc810
Event: 0.365 Thread 0x000001acf31d5310 DEOPT UNPACKING pc=0x000001ac87587143 sp=0x00000019129fbc78 mode 0
Event: 0.369 Thread 0x000001acf31d5310 DEOPT PACKING pc=0x000001ac8009fb2c sp=0x00000019129fc740
Event: 0.369 Thread 0x000001acf31d5310 DEOPT UNPACKING pc=0x000001ac87587143 sp=0x00000019129fbba8 mode 0
Event: 0.369 Thread 0x000001acf31d5310 DEOPT PACKING pc=0x000001ac8009fb2c sp=0x00000019129fc740
Event: 0.369 Thread 0x000001acf31d5310 DEOPT UNPACKING pc=0x000001ac87587143 sp=0x00000019129fbba8 mode 0
Event: 0.370 Thread 0x000001acf31d5310 DEOPT PACKING pc=0x000001ac8009fb2c sp=0x00000019129fc810
Event: 0.370 Thread 0x000001acf31d5310 DEOPT UNPACKING pc=0x000001ac87587143 sp=0x00000019129fbc78 mode 0
Event: 0.404 Thread 0x000001acf31d5310 DEOPT PACKING pc=0x000001ac8001146a sp=0x00000019129fdbd0
Event: 0.404 Thread 0x000001acf31d5310 DEOPT UNPACKING pc=0x000001ac87587143 sp=0x00000019129fcff0 mode 0

Classes unloaded (0 events):
No events

Classes redefined (0 events):
No events

Internal exceptions (5 events):
Event: 0.102 Thread 0x000001acf31d5310 Exception <a 'java/lang/NoSuchMethodError'{0x0000000088a1a640}: 'void java.lang.invoke.DirectMethodHandle$Holder.invokeVirtual(java.lang.Object, java.lang.Object)'> (0x0000000088a1a640) 
thrown [s\src\hotspot\share\interpreter\linkResolver.cpp, line 759]
Event: 0.383 Thread 0x000001acf31d5310 Exception <a 'sun/nio/fs/WindowsException'{0x0000000088584900}> (0x0000000088584900) 
thrown [s\src\hotspot\share\prims\jni.cpp, line 516]
Event: 0.387 Thread 0x000001acf31d5310 Exception <a 'java/lang/ClassNotFoundException'{0x00000000885ae118}: sun/awt/resources/spi/awtProvider> (0x00000000885ae118) 
thrown [s\src\hotspot\share\classfile\systemDictionary.cpp, line 256]
Event: 0.400 Thread 0x000001acf31d5310 Exception <a 'java/io/FileNotFoundException'{0x00000000884079c8}> (0x00000000884079c8) 
thrown [s\src\hotspot\share\prims\jni.cpp, line 516]
Event: 0.404 Thread 0x000001acf31d5310 Exception <a 'java/io/FileNotFoundException'{0x0000000088436bb0}> (0x0000000088436bb0) 
thrown [s\src\hotspot\share\prims\jni.cpp, line 516]

VM Operations (6 events):
Event: 0.129 Executing VM operation: HandshakeAllThreads
Event: 0.129 Executing VM operation: HandshakeAllThreads done
Event: 0.141 Executing VM operation: ChangeBreakpoints
Event: 0.141 Executing VM operation: ChangeBreakpoints done
Event: 0.193 Executing VM operation: ChangeBreakpoints
Event: 0.193 Executing VM operation: ChangeBreakpoints done

Events (20 events):
Event: 0.432 loading class sun/java2d/pipe/DrawImagePipe
Event: 0.432 loading class sun/java2d/pipe/DrawImagePipe done
Event: 0.432 loading class sun/java2d/pipe/NullPipe done
Event: 0.432 loading class java/awt/image/IndexColorModel
Event: 0.432 loading class java/awt/image/IndexColorModel done
Event: 0.432 loading class sun/java2d/pipe/LoopPipe
Event: 0.432 loading class sun/java2d/pipe/ParallelogramPipe
Event: 0.432 loading class sun/java2d/pipe/ParallelogramPipe done
Event: 0.432 loading class sun/java2d/pipe/LoopBasedPipe
Event: 0.432 loading class sun/java2d/pipe/LoopBasedPipe done
Event: 0.433 loading class sun/java2d/pipe/LoopPipe done
Event: 0.433 loading class sun/java2d/pipe/RenderingEngine
Event: 0.433 loading class sun/java2d/pipe/RenderingEngine done
Event: 0.433 loading class sun/java2d/marlin/DMarlinRenderingEngine
Event: 0.433 loading class sun/java2d/marlin/MarlinConst
Event: 0.433 loading class sun/java2d/marlin/MarlinConst done
Event: 0.433 loading class sun/java2d/marlin/DMarlinRenderingEngine done
Event: 0.433 loading class sun/java2d/marlin/MarlinProperties
Event: 0.433 loading class sun/java2d/marlin/MarlinProperties done
Event: 0.434 loading class sun/java2d/marlin/FloatMath


Dynamic libraries:
0x00007ff7914e0000 - 0x00007ff7914ee000 	C:\Users\Administrator\.p2\pool\plugins\org.eclipse.justj.openjdk.hotspot.jre.full.win32.x86_64_17.0.8.v20230801-1951\jre\bin\javaw.exe
0x00007fffd39f0000 - 0x00007fffd3be8000 	C:\Windows\SYSTEM32\ntdll.dll
0x00007fffd2d00000 - 0x00007fffd2dbf000 	C:\Windows\System32\KERNEL32.DLL
0x00007fffd14e0000 - 0x00007fffd17d6000 	C:\Windows\System32\KERNELBASE.dll
0x00007fffd1140000 - 0x00007fffd1240000 	C:\Windows\System32\ucrtbase.dll
0x00007fffa74b0000 - 0x00007fffa74c7000 	C:\Users\Administrator\.p2\pool\plugins\org.eclipse.justj.openjdk.hotspot.jre.full.win32.x86_64_17.0.8.v20230801-1951\jre\bin\jli.dll
0x00007fffa7490000 - 0x00007fffa74a9000 	C:\Users\Administrator\.p2\pool\plugins\org.eclipse.justj.openjdk.hotspot.jre.full.win32.x86_64_17.0.8.v20230801-1951\jre\bin\VCRUNTIME140.dll
0x00007fffd2880000 - 0x00007fffd2a1d000 	C:\Windows\System32\USER32.dll
0x00007fffd17e0000 - 0x00007fffd1802000 	C:\Windows\System32\win32u.dll
0x00007fffb8de0000 - 0x00007fffb907a000 	C:\Windows\WinSxS\amd64_microsoft.windows.common-controls_6595b64144ccf1df_6.0.19041.1110_none_60b5254171f9507e\COMCTL32.dll
0x00007fffd2bc0000 - 0x00007fffd2bec000 	C:\Windows\System32\GDI32.dll
0x00007fffd3190000 - 0x00007fffd322e000 	C:\Windows\System32\msvcrt.dll
0x00007fffd1930000 - 0x00007fffd1a45000 	C:\Windows\System32\gdi32full.dll
0x00007fffd1890000 - 0x00007fffd192d000 	C:\Windows\System32\msvcp_win.dll
0x00007fffd3160000 - 0x00007fffd3190000 	C:\Windows\System32\IMM32.DLL
0x00007fffbc750000 - 0x00007fffbc75c000 	C:\Users\Administrator\.p2\pool\plugins\org.eclipse.justj.openjdk.hotspot.jre.full.win32.x86_64_17.0.8.v20230801-1951\jre\bin\vcruntime140_1.dll
0x00007fff79e00000 - 0x00007fff79e91000 	C:\Users\Administrator\.p2\pool\plugins\org.eclipse.justj.openjdk.hotspot.jre.full.win32.x86_64_17.0.8.v20230801-1951\jre\bin\msvcp140.dll
0x00007fff99a50000 - 0x00007fff9a69c000 	C:\Users\Administrator\.p2\pool\plugins\org.eclipse.justj.openjdk.hotspot.jre.full.win32.x86_64_17.0.8.v20230801-1951\jre\bin\server\jvm.dll
0x00007fffd2bf0000 - 0x00007fffd2c9f000 	C:\Windows\System32\ADVAPI32.dll
0x00007fffd1a50000 - 0x00007fffd1aec000 	C:\Windows\System32\sechost.dll
0x00007fffd2750000 - 0x00007fffd2876000 	C:\Windows\System32\RPCRT4.dll
0x00007fffd0ac0000 - 0x00007fffd0b0b000 	C:\Windows\SYSTEM32\POWRPROF.dll
0x00007fffc0f70000 - 0x00007fffc0f79000 	C:\Windows\SYSTEM32\WSOCK32.dll
0x00007fffc8150000 - 0x00007fffc8177000 	C:\Windows\SYSTEM32\WINMM.dll
0x00007fffd2ef0000 - 0x00007fffd2f5b000 	C:\Windows\System32\WS2_32.dll
0x00007fffca190000 - 0x00007fffca19a000 	C:\Windows\SYSTEM32\VERSION.dll
0x00007fffd0aa0000 - 0x00007fffd0ab2000 	C:\Windows\SYSTEM32\UMPDC.dll
0x00007fffcefa0000 - 0x00007fffcefb2000 	C:\Windows\SYSTEM32\kernel.appcore.dll
0x00007fffc0f60000 - 0x00007fffc0f6a000 	C:\Users\Administrator\.p2\pool\plugins\org.eclipse.justj.openjdk.hotspot.jre.full.win32.x86_64_17.0.8.v20230801-1951\jre\bin\jimage.dll
0x00007fffcac20000 - 0x00007fffcae04000 	C:\Windows\SYSTEM32\DBGHELP.DLL
0x00007fffc0df0000 - 0x00007fffc0e24000 	C:\Windows\SYSTEM32\dbgcore.DLL
0x00007fffd1450000 - 0x00007fffd14d2000 	C:\Windows\System32\bcryptPrimitives.dll
0x00007fff79dc0000 - 0x00007fff79dfb000 	C:\Users\Administrator\.p2\pool\plugins\org.eclipse.justj.openjdk.hotspot.jre.full.win32.x86_64_17.0.8.v20230801-1951\jre\bin\jdwp.dll
0x00007fffbb300000 - 0x00007fffbb30e000 	C:\Users\Administrator\.p2\pool\plugins\org.eclipse.justj.openjdk.hotspot.jre.full.win32.x86_64_17.0.8.v20230801-1951\jre\bin\instrument.dll
0x00007fffbb550000 - 0x00007fffbb575000 	C:\Users\Administrator\.p2\pool\plugins\org.eclipse.justj.openjdk.hotspot.jre.full.win32.x86_64_17.0.8.v20230801-1951\jre\bin\java.dll
0x00007fffbb530000 - 0x00007fffbb548000 	C:\Users\Administrator\.p2\pool\plugins\org.eclipse.justj.openjdk.hotspot.jre.full.win32.x86_64_17.0.8.v20230801-1951\jre\bin\zip.dll
0x00007fffd3230000 - 0x00007fffd3974000 	C:\Windows\System32\SHELL32.dll
0x00007fffcf1a0000 - 0x00007fffcf934000 	C:\Windows\SYSTEM32\windows.storage.dll
0x00007fffd22e0000 - 0x00007fffd2634000 	C:\Windows\System32\combase.dll
0x00007fffd0b10000 - 0x00007fffd0b3e000 	C:\Windows\SYSTEM32\Wldp.dll
0x00007fffd2640000 - 0x00007fffd26ed000 	C:\Windows\System32\SHCORE.dll
0x00007fffd2af0000 - 0x00007fffd2b45000 	C:\Windows\System32\shlwapi.dll
0x00007fffd1000000 - 0x00007fffd1025000 	C:\Windows\SYSTEM32\profapi.dll
0x00007fffbb510000 - 0x00007fffbb529000 	C:\Users\Administrator\.p2\pool\plugins\org.eclipse.justj.openjdk.hotspot.jre.full.win32.x86_64_17.0.8.v20230801-1951\jre\bin\net.dll
0x00007fffcbd30000 - 0x00007fffcbe3a000 	C:\Windows\SYSTEM32\WINHTTP.dll
0x00007fffd07a0000 - 0x00007fffd080a000 	C:\Windows\system32\mswsock.dll
0x00007fffbb3d0000 - 0x00007fffbb3e5000 	C:\Users\Administrator\.p2\pool\plugins\org.eclipse.justj.openjdk.hotspot.jre.full.win32.x86_64_17.0.8.v20230801-1951\jre\bin\nio.dll
0x00007fffb81e0000 - 0x00007fffb81ec000 	C:\Users\Administrator\.p2\pool\plugins\org.eclipse.justj.openjdk.hotspot.jre.full.win32.x86_64_17.0.8.v20230801-1951\jre\bin\dt_socket.dll
0x00007fffd0490000 - 0x00007fffd04cc000 	C:\Windows\SYSTEM32\IPHLPAPI.DLL
0x00007fffd04d0000 - 0x00007fffd059a000 	C:\Windows\SYSTEM32\DNSAPI.dll
0x00007fffd3980000 - 0x00007fffd3988000 	C:\Windows\System32\NSI.dll
0x00007fffca1b0000 - 0x00007fffca1ba000 	C:\Windows\System32\rasadhlp.dll
0x00007fffc9c90000 - 0x00007fffc9d12000 	C:\Windows\System32\fwpuclnt.dll
0x00007fffd1810000 - 0x00007fffd1837000 	C:\Windows\System32\bcrypt.dll
0x00007fffc0650000 - 0x00007fffc0660000 	C:\Users\Administrator\.p2\pool\plugins\org.eclipse.justj.openjdk.hotspot.jre.full.win32.x86_64_17.0.8.v20230801-1951\jre\bin\verify.dll
0x00007fffa8e50000 - 0x00007fffa8fde000 	C:\Users\Administrator\.p2\pool\plugins\org.eclipse.justj.openjdk.hotspot.jre.full.win32.x86_64_17.0.8.v20230801-1951\jre\bin\awt.dll
0x00007fffd2a20000 - 0x00007fffd2aed000 	C:\Windows\System32\OLEAUT32.dll
0x00007fffce7f0000 - 0x00007fffce881000 	C:\Windows\SYSTEM32\apphelp.dll

dbghelp: loaded successfully - version: 4.0.5 - missing functions: none
symbol engine: initialized successfully - sym options: 0x614 - pdb path: .;C:\Users\Administrator\.p2\pool\plugins\org.eclipse.justj.openjdk.hotspot.jre.full.win32.x86_64_17.0.8.v20230801-1951\jre\bin;C:\Windows\SYSTEM32;C:\Windows\WinSxS\amd64_microsoft.windows.common-controls_6595b64144ccf1df_6.0.19041.1110_none_60b5254171f9507e;C:\Users\Administrator\.p2\pool\plugins\org.eclipse.justj.openjdk.hotspot.jre.full.win32.x86_64_17.0.8.v20230801-1951\jre\bin\server

VM Arguments:
jvm_args: -XX:+ShowCodeDetailsInExceptionMessages -agentlib:jdwp=transport=dt_socket,suspend=y,address=localhost:59699 -javaagent:C:\Users\Administrator\eclipse\java-2023-06\eclipse\configuration\org.eclipse.osgi\248\0\.cp\lib\javaagent-shaded.jar -Dfile.encoding=UTF-8 --module-path=C:\Users\Administrator\git\PHPay\bin -Djdk.module.main=PHPay 
java_command: PHPay/PHPay.PHPayMain
java_class_path (initial): C:\Users\Administrator\Downloads\mysql-connector-j-8.1.0.jar;C:\Users\Administrator\Downloads\filters-2.0.235.jar;C:\Users\Administrator\Downloads\swing-worker-1.1.jar;C:\Users\Administrator\Downloads\swingx-1.6.1.jar;C:\Users\Administrator\Downloads\TimingFramework-0.55.jar
Launcher Type: SUN_STANDARD

[Global flags]
     intx CICompilerCount                          = 3                                         {product} {ergonomic}
     uint ConcGCThreads                            = 2                                         {product} {ergonomic}
     uint G1ConcRefinementThreads                  = 6                                         {product} {ergonomic}
   size_t G1HeapRegionSize                         = 1048576                                   {product} {ergonomic}
    uintx GCDrainStackTargetSize                   = 64                                        {product} {ergonomic}
   size_t InitialHeapSize                          = 134217728                                 {product} {ergonomic}
   size_t MarkStackSize                            = 4194304                                   {product} {ergonomic}
   size_t MaxHeapSize                              = 2134900736                                {product} {ergonomic}
   size_t MaxNewSize                               = 1280311296                                {product} {ergonomic}
   size_t MinHeapDeltaBytes                        = 1048576                                   {product} {ergonomic}
   size_t MinHeapSize                              = 8388608                                   {product} {ergonomic}
    uintx NonNMethodCodeHeapSize                   = 5832780                                {pd product} {ergonomic}
    uintx NonProfiledCodeHeapSize                  = 122912730                              {pd product} {ergonomic}
    uintx ProfiledCodeHeapSize                     = 122912730                              {pd product} {ergonomic}
    uintx ReservedCodeCacheSize                    = 251658240                              {pd product} {ergonomic}
     bool SegmentedCodeCache                       = true                                      {product} {ergonomic}
     bool ShowCodeDetailsInExceptionMessages       = true                                   {manageable} {command line}
   size_t SoftMaxHeapSize                          = 2134900736                             {manageable} {ergonomic}
     bool UseCompressedClassPointers               = true                           {product lp64_product} {ergonomic}
     bool UseCompressedOops                        = true                           {product lp64_product} {ergonomic}
     bool UseG1GC                                  = true                                      {product} {ergonomic}
     bool UseLargePagesIndividualAllocation        = false                                  {pd product} {ergonomic}

Logging:
Log output configuration:
 #0: stdout all=warning uptime,level,tags
 #1: stderr all=off uptime,level,tags

Environment Variables:
PATH=C:\Users\Administrator\.p2\pool\plugins\org.eclipse.justj.openjdk.hotspot.jre.full.win32.x86_64_17.0.8.v20230801-1951\jre\bin;C:/Users/Administrator/.p2/pool/plugins/org.eclipse.justj.openjdk.hotspot.jre.full.win32.x86_64_17.0.8.v20230801-1951/jre/bin/server;C:/Users/Administrator/.p2/pool/plugins/org.eclipse.justj.openjdk.hotspot.jre.full.win32.x86_64_17.0.8.v20230801-1951/jre/bin;C:\Program Files (x86)\Common Files\Intel\Shared Libraries\redist\intel64\compiler;C:\Windows\system32;C:\Windows;C:\Windows\System32\Wbem;C:\Windows\System32\WindowsPowerShell\v1.0\;C:\Windows\System32\OpenSSH\;C:\Program Files\MySQL\MySQL Shell 8.0\bin\;C:\Users\Administrator\AppData\Local\Microsoft\WindowsApps;;C:\Users\Administrator\AppData\Local\Programs\Microsoft VS Code\bin;C:\Windows\system32;
USERNAME=Administrator
OS=Windows_NT
PROCESSOR_IDENTIFIER=Intel64 Family 6 Model 158 Stepping 10, GenuineIntel
TMP=C:\Users\ADMINI~1\AppData\Local\Temp
TEMP=C:\Users\ADMINI~1\AppData\Local\Temp



---------------  S Y S T E M  ---------------

OS:
 Windows 10 , 64 bit Build 19041 (10.0.19041.3155)
OS uptime: 0 days 11:07 hours

CPU: total 6 (initial active 6) (6 cores per cpu, 1 threads per core) family 6 model 158 stepping 10 microcode 0xca, cx8, cmov, fxsr, mmx, 3dnowpref, sse, sse2, sse3, ssse3, sse4.1, sse4.2, popcnt, lzcnt, tsc, tscinvbit, avx, avx2, aes, erms, clmul, bmi1, bmi2, adx, fma, vzeroupper, clflush, clflushopt
Processor Information for all 6 processors :
  Max Mhz: 2904, Current Mhz: 2904, Mhz Limit: 2904

Memory: 4k page, system-wide physical 8142M (609M free)
TotalPageFile size 32718M (AvailPageFile size 1M)
current process WorkingSet (physical memory assigned to process): 58M, peak: 58M
current process commit charge ("private bytes"): 214M, peak: 214M

vm_info: OpenJDK 64-Bit Server VM (17.0.8+7) for windows-amd64 JRE (17.0.8+7), built on Jul 18 2023 21:02:32 by "admin" with MS VC++ 16.7 (VS2019)

END.
