#
# A fatal error has been detected by the Java Runtime Environment:
#
#  EXCEPTION_ACCESS_VIOLATION (0xc0000005) at pc=0x00007ff83ad1ab49, pid=20112, tid=2084
#
# JRE version: OpenJDK Runtime Environment Temurin-17.0.8+7 (17.0.8+7) (build 17.0.8+7)
# Java VM: OpenJDK 64-Bit Server VM Temurin-17.0.8+7 (17.0.8+7, mixed mode, tiered, compressed oops, compressed class ptrs, g1 gc, windows-amd64)
# Problematic frame:
# C  [awt.dll+0xdab49]
#
# No core dump will be written. Minidumps are not enabled by default on client versions of Windows
#
# If you would like to submit a bug report, please visit:
#   https://github.com/adoptium/adoptium-support/issues
# The crash happened outside the Java Virtual Machine in native code.
# See problematic frame for where to report the bug.
#

---------------  S U M M A R Y ------------

Command Line: -XX:+ShowCodeDetailsInExceptionMessages -agentlib:jdwp=transport=dt_socket,suspend=y,address=localhost:53977 -javaagent:C:\Users\Administrator\eclipse\java-2023-06\eclipse\configuration\org.eclipse.osgi\248\0\.cp\lib\javaagent-shaded.jar -Dfile.encoding=UTF-8 --module-path=C:\Users\Administrator\git\PHPay\bin -Djdk.module.main=PHPay PHPay/PHPay.PHPayMain

Host: Intel(R) Core(TM) i5-9400 CPU @ 2.90GHz, 6 cores, 7G,  Windows 10 , 64 bit Build 19041 (10.0.19041.3155)
Time: Sun Sep 24 04:25:57 2023 Malay Peninsula Standard Time elapsed time: 2345.588653 seconds (0d 0h 39m 5s)

---------------  T H R E A D  ---------------

Current thread (0x0000022252b21ca0):  JavaThread "AWT-Windows" daemon [_thread_in_native, id=2084, stack(0x000000bfaef00000,0x000000bfaf000000)]

Stack: [0x000000bfaef00000,0x000000bfaf000000],  sp=0x000000bfaeffe350,  free space=1016k
Native frames: (J=compiled Java code, j=interpreted, Vv=VM code, C=native code)
C  [awt.dll+0xdab49]

Java frames: (J=compiled Java code, j=interpreted, Vv=VM code)
j  sun.java2d.d3d.D3DGraphicsDevice.getDeviceCapsNative(I)I+0 java.desktop@17.0.8
j  sun.java2d.d3d.D3DGraphicsDevice$1.run()V+8 java.desktop@17.0.8
v  ~StubRoutines::call_stub
j  sun.awt.windows.WToolkit.eventLoop()V+0 java.desktop@17.0.8
j  sun.awt.windows.WToolkit.run()V+50 java.desktop@17.0.8
j  java.lang.Thread.run()V+11 java.base@17.0.8
v  ~StubRoutines::call_stub

siginfo: EXCEPTION_ACCESS_VIOLATION (0xc0000005), reading address 0x0000000000000028


Register to memory mapping:

RIP=0x00007ff83ad1ab49 awt.dll
RAX=0x0 is NULL
RBX=0x0000022261cab330 points into unknown readable memory: 0x000002225ca76e50 | 50 6e a7 5c 22 02 00 00
RCX=0x0 is NULL
RDX=0x0 is NULL
RSP=0x000000bfaeffe350 is pointing into the stack for thread: 0x0000022252b21ca0
RBP=0x000000bfaeffe458 is pointing into the stack for thread: 0x0000022252b21ca0
RSI=0x000000bfaeffe920 is pointing into the stack for thread: 0x0000022252b21ca0
RDI=0x0 is NULL
R8 =0x0000000000000001 is an unknown value
R9 =0x0000000000000001 is an unknown value
R10=0x00000222429912d7 is at code_begin+1911 in an Interpreter codelet
method entry point (kind = native)  [0x0000022242990b60, 0x0000022242991c80]  4384 bytes
R11=0x0000000080c40a40 is an oop: java.lang.Class 
{0x0000000080c40a40} - klass: 'java/lang/Class'
 - ---- fields (total size 15 words):
 - private volatile transient 'classRedefinedCount' 'I' @12  0
 - private volatile transient 'cachedConstructor' 'Ljava/lang/reflect/Constructor;' @40  NULL (0)
 - private transient 'name' 'Ljava/lang/String;' @44  "sun.java2d.d3d.D3DGraphicsDevice"{0x0000000080c3c490} (80c3c490)
 - private transient 'module' 'Ljava/lang/Module;' @48  a 'java/lang/Module'{0x0000000080d58b08} (80d58b08)
 - private final 'classLoader' 'Ljava/lang/ClassLoader;' @52  NULL (0)
 - private transient 'classData' 'Ljava/lang/Object;' @56  NULL (0)
 - private transient 'packageName' 'Ljava/lang/String;' @60  "sun.java2d.d3d"{0x0000000080d5bac8} (80d5bac8)
 - private final 'componentType' 'Ljava/lang/Class;' @64  NULL (0)
 - private volatile transient 'reflectionData' 'Ljava/lang/ref/SoftReference;' @68  NULL (0)
 - private volatile transient 'genericInfo' 'Lsun/reflect/generics/repository/ClassRepository;' @72  NULL (0)
 - private volatile transient 'enumConstants' '[Ljava/lang/Object;' @76  NULL (0)
 - private volatile transient 'enumConstantDirectory' 'Ljava/util/Map;' @80  NULL (0)
 - private volatile transient 'annotationData' 'Ljava/lang/Class$AnnotationData;' @84  NULL (0)
 - private volatile transient 'annotationType' 'Lsun/reflect/annotation/AnnotationType;' @88  NULL (0)
 - transient 'classValueMap' 'Ljava/lang/ClassValue$ClassValueMap;' @92  NULL (0)
 - signature: Lsun/java2d/d3d/D3DGraphicsDevice;
 - fake entry for mirror: 'sun/java2d/d3d/D3DGraphicsDevice'
 - fake entry for array: NULL
 - fake entry for oop_size: 15
 - fake entry for static_oop_field_count: 0
 - private static 'd3dAvailable' 'Z' @112  true
R12=0x0 is NULL
R13={method} {0x0000022253ade9a8} 'getDeviceCapsNative' '(I)I' in 'sun/java2d/d3d/D3DGraphicsDevice'
R14=0x000000bfaeffe478 is pointing into the stack for thread: 0x0000022252b21ca0
R15=0x0000022252b21ca0 is a thread


Registers:
RAX=0x0000000000000000, RBX=0x0000022261cab330, RCX=0x0000000000000000, RDX=0x0000000000000000
RSP=0x000000bfaeffe350, RBP=0x000000bfaeffe458, RSI=0x000000bfaeffe920, RDI=0x0000000000000000
R8 =0x0000000000000001, R9 =0x0000000000000001, R10=0x00000222429912d7, R11=0x0000000080c40a40
R12=0x0000000000000000, R13=0x0000022253ade9a0, R14=0x000000bfaeffe478, R15=0x0000022252b21ca0
RIP=0x00007ff83ad1ab49, EFLAGS=0x0000000000010246

Top of Stack: (sp=0x000000bfaeffe350)
0x000000bfaeffe350:   00007ff83ad7a838 0000022252b17220
0x000000bfaeffe360:   0000000000000000 0000000000000001
0x000000bfaeffe370:   0000000000000000 00007ff83ac5f930
0x000000bfaeffe380:   0000022252b17220 0000022261cab330
0x000000bfaeffe390:   00000000029baff9 0000000000000000
0x000000bfaeffe3a0:   0000022252b17220 00007ff83ac5cd28
0x000000bfaeffe3b0:   0000022200000002 000000bfaeffe460
0x000000bfaeffe3c0:   00007ff83ad3f638 0000000000000001
0x000000bfaeffe3d0:   0000022252b21ca0 0000022242991306
0x000000bfaeffe3e0:   0000022253ade9a0 00007ff86618979c
0x000000bfaeffe3f0:   0000fc8cf0d0be92 0000000000000004
0x000000bfaeffe400:   00000222574e5c80 00007ff8633c2e21
0x000000bfaeffe410:   000000bfaeffe410 0000000000000000
0x000000bfaeffe420:   000000bfaeffe478 0000022253ae54e8
0x000000bfaeffe430:   0000000000000000 0000000080c40a40
0x000000bfaeffe440:   0000022253ade9a0 0000000000000000 

Instructions: (pc=0x00007ff83ad1ab49)
0x00007ff83ad1aa49:   cc cc cc cc cc cc cc 48 89 5c 24 08 48 89 6c 24
0x00007ff83ad1aa59:   10 48 89 74 24 18 57 48 83 ec 20 41 8b f8 0f b6
0x00007ff83ad1aa69:   f2 48 8b e9 e8 3e db f4 ff 48 8b d8 48 89 44 24
0x00007ff83ad1aa79:   48 41 b8 01 00 00 00 8b d7 48 8b c8 e8 a6 da f4
0x00007ff83ad1aa89:   ff 48 8b c8 44 0f b6 c6 48 8b d5 e8 97 fa ff ff
0x00007ff83ad1aa99:   48 8b f8 48 8b cb e8 0c dc f4 ff 90 48 8b c7 48
0x00007ff83ad1aaa9:   8b 5c 24 30 48 8b 6c 24 38 48 8b 74 24 40 48 83
0x00007ff83ad1aab9:   c4 20 5f c3 cc cc cc 48 8b 49 28 e9 47 07 00 00
0x00007ff83ad1aac9:   cc cc cc cc cc cc cc 48 89 5c 24 08 57 48 83 ec
0x00007ff83ad1aad9:   20 8b f9 e8 cf da f4 ff 48 8b d8 48 89 44 24 38
0x00007ff83ad1aae9:   41 b8 01 00 00 00 8b d7 48 8b c8 e8 37 da f4 ff
0x00007ff83ad1aaf9:   48 8b 08 8b 39 48 8b cb e8 aa db f4 ff 90 8b c7
0x00007ff83ad1ab09:   48 8b 5c 24 30 48 83 c4 20 5f c3 cc cc cc cc cc
0x00007ff83ad1ab19:   cc cc cc cc cc cc cc 48 89 5c 24 08 57 48 83 ec
0x00007ff83ad1ab29:   20 8b f9 e8 7f da f4 ff 48 8b d8 48 89 44 24 38
0x00007ff83ad1ab39:   41 b8 01 00 00 00 8b d7 48 8b c8 e8 e7 d9 f4 ff
0x00007ff83ad1ab49:   48 8b 78 28 48 8b cb e8 5b db f4 ff 90 48 8b c7
0x00007ff83ad1ab59:   48 8b 5c 24 30 48 83 c4 20 5f c3 cc cc cc cc cc
0x00007ff83ad1ab69:   cc cc cc cc cc cc cc 48 89 5c 24 08 57 48 83 ec
0x00007ff83ad1ab79:   20 8b f9 e8 2f da f4 ff 48 8b d8 48 89 44 24 38
0x00007ff83ad1ab89:   41 b8 01 00 00 00 8b d7 48 8b c8 e8 97 d9 f4 ff
0x00007ff83ad1ab99:   48 8b 78 30 48 8b cb e8 0b db f4 ff 90 48 8b c7
0x00007ff83ad1aba9:   48 8b 5c 24 30 48 83 c4 20 5f c3 cc cc cc cc cc
0x00007ff83ad1abb9:   cc cc cc cc cc cc cc 48 89 5c 24 08 57 48 83 ec
0x00007ff83ad1abc9:   20 8b f9 e8 df d9 f4 ff 48 8b d8 48 89 44 24 38
0x00007ff83ad1abd9:   41 b8 01 00 00 00 8b d7 48 8b c8 e8 47 d9 f4 ff
0x00007ff83ad1abe9:   48 8b 78 08 48 85 ff 74 07 48 8b bf 08 0c 00 00
0x00007ff83ad1abf9:   48 8b cb e8 af da f4 ff 90 48 8b c7 48 8b 5c 24
0x00007ff83ad1ac09:   30 48 83 c4 20 5f c3 f3 0f 10 41 48 c3 cc cc cc
0x00007ff83ad1ac19:   cc cc cc cc cc cc cc f3 0f 10 41 4c c3 cc cc cc
0x00007ff83ad1ac29:   cc cc cc cc cc cc cc 48 89 5c 24 10 48 89 6c 24
0x00007ff83ad1ac39:   18 48 89 74 24 20 57 48 81 ec 20 01 00 00 48 8b 


Stack slot to memory mapping:
stack at sp + 0 slots: 0x00007ff83ad7a838 awt.dll
stack at sp + 1 slots: 0x0000022252b17220 points into unknown readable memory: 0x0000001000000001 | 01 00 00 00 10 00 00 00
stack at sp + 2 slots: 0x0 is NULL
stack at sp + 3 slots: 0x0000000000000001 is an unknown value
stack at sp + 4 slots: 0x0 is NULL
stack at sp + 5 slots: 0x00007ff83ac5f930 awt.dll
stack at sp + 6 slots: 0x0000022252b17220 points into unknown readable memory: 0x0000001000000001 | 01 00 00 00 10 00 00 00
stack at sp + 7 slots: 0x0000022261cab330 points into unknown readable memory: 0x000002225ca76e50 | 50 6e a7 5c 22 02 00 00


---------------  P R O C E S S  ---------------

Threads class SMR info:
_java_thread_list=0x0000022264c56c60, length=23, elements={
0x0000022252131570, 0x0000022252134800, 0x0000022252188080, 0x0000022252188e50,
0x0000022252189810, 0x000002225219aaa0, 0x000002225219b790, 0x00000222521a6970,
0x00000222522056e0, 0x0000022252256e90, 0x000002225268db90, 0x000002225268a300,
0x00000222526aa760, 0x000002225274ce30, 0x0000022252ae3bc0, 0x0000022252700070,
0x0000022252b21ca0, 0x0000022252e19ed0, 0x0000022252e41ce0, 0x0000022252e49cc0,
0x0000022252e4abf0, 0x0000022252e47440, 0x0000022252e48370
}

Java Threads: ( => current thread )
  0x0000022252131570 JavaThread "Reference Handler" daemon [_thread_blocked, id=12420, stack(0x000000bfadd00000,0x000000bfade00000)]
  0x0000022252134800 JavaThread "Finalizer" daemon [_thread_blocked, id=16756, stack(0x000000bfade00000,0x000000bfadf00000)]
  0x0000022252188080 JavaThread "Signal Dispatcher" daemon [_thread_blocked, id=19584, stack(0x000000bfadf00000,0x000000bfae000000)]
  0x0000022252188e50 JavaThread "Attach Listener" daemon [_thread_blocked, id=12088, stack(0x000000bfae000000,0x000000bfae100000)]
  0x0000022252189810 JavaThread "Service Thread" daemon [_thread_blocked, id=19848, stack(0x000000bfae100000,0x000000bfae200000)]
  0x000002225219aaa0 JavaThread "Monitor Deflation Thread" daemon [_thread_blocked, id=7164, stack(0x000000bfae200000,0x000000bfae300000)]
  0x000002225219b790 JavaThread "C2 CompilerThread0" daemon [_thread_blocked, id=20384, stack(0x000000bfae300000,0x000000bfae400000)]
  0x00000222521a6970 JavaThread "C1 CompilerThread0" daemon [_thread_blocked, id=17816, stack(0x000000bfae400000,0x000000bfae500000)]
  0x00000222522056e0 JavaThread "Sweeper thread" daemon [_thread_blocked, id=16812, stack(0x000000bfae500000,0x000000bfae600000)]
  0x0000022252256e90 JavaThread "Common-Cleaner" daemon [_thread_blocked, id=15900, stack(0x000000bfae600000,0x000000bfae700000)]
  0x000002225268db90 JavaThread "JDWP Transport Listener: dt_socket" daemon [_thread_blocked, id=20364, stack(0x000000bfae700000,0x000000bfae800000)]
  0x000002225268a300 JavaThread "JDWP Event Helper Thread" daemon [_thread_blocked, id=20188, stack(0x000000bfae800000,0x000000bfae900000)]
  0x00000222526aa760 JavaThread "JDWP Command Reader" daemon [_thread_in_native, id=5500, stack(0x000000bfae900000,0x000000bfaea00000)]
  0x000002225274ce30 JavaThread "Notification Thread" daemon [_thread_blocked, id=2500, stack(0x000000bfaeb00000,0x000000bfaec00000)]
  0x0000022252ae3bc0 JavaThread "Java2D Disposer" daemon [_thread_blocked, id=7056, stack(0x000000bfaed00000,0x000000bfaee00000)]
  0x0000022252700070 JavaThread "AWT-Shutdown" [_thread_blocked, id=20124, stack(0x000000bfaee00000,0x000000bfaef00000)]
=>0x0000022252b21ca0 JavaThread "AWT-Windows" daemon [_thread_in_native, id=2084, stack(0x000000bfaef00000,0x000000bfaf000000)]
  0x0000022252e19ed0 JavaThread "TimerQueue" daemon [_thread_blocked, id=20072, stack(0x000000bfafa00000,0x000000bfafb00000)]
  0x0000022252e41ce0 JavaThread "AWT-EventQueue-0" [_thread_in_native, id=9244, stack(0x000000bfafc00000,0x000000bfafd00000)]
  0x0000022252e49cc0 JavaThread "SwingWorker-pool-1-thread-1" daemon [_thread_blocked, id=17840, stack(0x000000bfafd00000,0x000000bfafe00000)]
  0x0000022252e4abf0 JavaThread "D3D Screen Updater" daemon [_thread_blocked, id=11560, stack(0x000000bfaff00000,0x000000bfb0000000)]
  0x0000022252e47440 JavaThread "DestroyJavaVM" [_thread_blocked, id=19556, stack(0x000000bfad600000,0x000000bfad700000)]
  0x0000022252e48370 JavaThread "mysql-cj-abandoned-connection-cleanup" daemon [_thread_blocked, id=17772, stack(0x000000bfb0900000,0x000000bfb0a00000)]

Other Threads:
  0x000002225215f060 VMThread "VM Thread" [stack: 0x000000bfadc00000,0x000000bfadd00000] [id=12412]
  0x000002225274d310 WatcherThread [stack: 0x000000bfaec00000,0x000000bfaed00000] [id=19652]
  0x00000222366174f0 GCTaskThread "GC Thread#0" [stack: 0x000000bfad700000,0x000000bfad800000] [id=7256]
  0x000002225f067d10 GCTaskThread "GC Thread#1" [stack: 0x000000bfb0000000,0x000000bfb0100000] [id=17780]
  0x000002225f0125d0 GCTaskThread "GC Thread#2" [stack: 0x000000bfb0100000,0x000000bfb0200000] [id=17732]
  0x00000222612abbd0 GCTaskThread "GC Thread#3" [stack: 0x000000bfb0200000,0x000000bfb0300000] [id=19292]
  0x000002225e95ad70 GCTaskThread "GC Thread#4" [stack: 0x000000bfb0300000,0x000000bfb0400000] [id=692]
  0x0000022260d1fa60 GCTaskThread "GC Thread#5" [stack: 0x000000bfb0400000,0x000000bfb0500000] [id=20272]
  0x0000022236623c40 ConcurrentGCThread "G1 Main Marker" [stack: 0x000000bfad800000,0x000000bfad900000] [id=19660]
  0x00000222366246b0 ConcurrentGCThread "G1 Conc#0" [stack: 0x000000bfad900000,0x000000bfada00000] [id=20464]
  0x000002225edf6270 ConcurrentGCThread "G1 Conc#1" [stack: 0x000000bfb0800000,0x000000bfb0900000] [id=19728]
  0x000002223667ec00 ConcurrentGCThread "G1 Refine#0" [stack: 0x000000bfada00000,0x000000bfadb00000] [id=15060]
  0x0000022251f90850 ConcurrentGCThread "G1 Service" [stack: 0x000000bfadb00000,0x000000bfadc00000] [id=9344]

Threads with active compile tasks:

VM state: not at safepoint (normal execution)

VM Mutex/Monitor currently owned by a thread: None

Heap address: 0x0000000080c00000, size: 2036 MB, Compressed Oops mode: 32-bit

CDS archive(s) not mapped
Compressed class space mapped at: 0x0000000100000000-0x0000000140000000, reserved size: 1073741824
Narrow klass base: 0x0000000000000000, Narrow klass shift: 3, Narrow klass range: 0x140000000

GC Precious Log:
 CPUs: 6 total, 6 available
 Memory: 8142M
 Large Page Support: Disabled
 NUMA Support: Disabled
 Compressed Oops: Enabled (32-bit)
 Heap Region Size: 1M
 Heap Min Capacity: 8M
 Heap Initial Capacity: 128M
 Heap Max Capacity: 2036M
 Pre-touch: Disabled
 Parallel Workers: 6
 Concurrent Workers: 2
 Concurrent Refinement Workers: 6
 Periodic GC: Disabled

Heap:
 garbage-first heap   total 27648K, used 17379K [0x0000000080c00000, 0x0000000100000000)
  region size 1024K, 9 young (9216K), 1 survivors (1024K)
 Metaspace       used 31517K, committed 31808K, reserved 1114112K
  class space    used 3387K, committed 3520K, reserved 1048576K

Heap Regions: E=young(eden), S=young(survivor), O=old, HS=humongous(starts), HC=humongous(continues), CS=collection set, F=free, OA=open archive, CA=closed archive, TAMS=top-at-mark-start (previous, next)
|   0|0x0000000080c00000, 0x0000000080d00000, 0x0000000080d00000|100%| O|  |TAMS 0x0000000080d00000, 0x0000000080c00000| Untracked 
|   1|0x0000000080d00000, 0x0000000080e00000, 0x0000000080e00000|100%| O|  |TAMS 0x0000000080e00000, 0x0000000080d00000| Untracked 
|   2|0x0000000080e00000, 0x0000000080f00000, 0x0000000080f00000|100%| O|  |TAMS 0x0000000080f00000, 0x0000000080e00000| Untracked 
|   3|0x0000000080f00000, 0x0000000081000000, 0x0000000081000000|100%| O|  |TAMS 0x0000000081000000, 0x0000000080f00000| Untracked 
|   4|0x0000000081000000, 0x0000000081100000, 0x0000000081100000|100%|HS|  |TAMS 0x0000000081000000, 0x0000000081000000| Complete 
|   5|0x0000000081100000, 0x0000000081200000, 0x0000000081200000|100%| O|  |TAMS 0x0000000081100000, 0x0000000081100000| Untracked 
|   6|0x0000000081200000, 0x0000000081300000, 0x0000000081300000|100%| O|  |TAMS 0x0000000081200000, 0x0000000081200000| Untracked 
|   7|0x0000000081300000, 0x0000000081400000, 0x0000000081400000|100%| O|  |TAMS 0x0000000081300000, 0x0000000081300000| Untracked 
|   8|0x0000000081400000, 0x0000000081404200, 0x0000000081500000|  1%| O|  |TAMS 0x0000000081400000, 0x0000000081400000| Untracked 
|   9|0x0000000081500000, 0x0000000081500000, 0x0000000081600000|  0%| F|  |TAMS 0x0000000081500000, 0x0000000081500000| Untracked 
|  10|0x0000000081600000, 0x0000000081700000, 0x0000000081700000|100%| O|  |TAMS 0x0000000081600000, 0x0000000081600000| Untracked 
|  11|0x0000000081700000, 0x0000000081700000, 0x0000000081800000|  0%| F|  |TAMS 0x0000000081700000, 0x0000000081700000| Untracked 
|  12|0x0000000081800000, 0x0000000081800000, 0x0000000081900000|  0%| F|  |TAMS 0x0000000081800000, 0x0000000081800000| Untracked 
|  13|0x0000000081900000, 0x00000000819f4a50, 0x0000000081a00000| 95%| S|CS|TAMS 0x0000000081900000, 0x0000000081900000| Complete 
|  14|0x0000000081a00000, 0x0000000081a00000, 0x0000000081b00000|  0%| F|  |TAMS 0x0000000081a00000, 0x0000000081a00000| Untracked 
|  15|0x0000000081b00000, 0x0000000081b00000, 0x0000000081c00000|  0%| F|  |TAMS 0x0000000081b00000, 0x0000000081b00000| Untracked 
|  16|0x0000000081c00000, 0x0000000081c00000, 0x0000000081d00000|  0%| F|  |TAMS 0x0000000081c00000, 0x0000000081c00000| Untracked 
|  17|0x0000000081d00000, 0x0000000081d00000, 0x0000000081e00000|  0%| F|  |TAMS 0x0000000081d00000, 0x0000000081d00000| Untracked 
|  18|0x0000000081e00000, 0x0000000081e00000, 0x0000000081f00000|  0%| F|  |TAMS 0x0000000081e00000, 0x0000000081e00000| Untracked 
|  19|0x0000000081f00000, 0x0000000081f7a348, 0x0000000082000000| 47%| E|  |TAMS 0x0000000081f00000, 0x0000000081f00000| Complete 
|  20|0x0000000082000000, 0x0000000082100000, 0x0000000082100000|100%| E|CS|TAMS 0x0000000082000000, 0x0000000082000000| Complete 
|  21|0x0000000082100000, 0x0000000082200000, 0x0000000082200000|100%| E|CS|TAMS 0x0000000082100000, 0x0000000082100000| Complete 
|  22|0x0000000082200000, 0x0000000082300000, 0x0000000082300000|100%| E|CS|TAMS 0x0000000082200000, 0x0000000082200000| Complete 
|  23|0x0000000082300000, 0x0000000082400000, 0x0000000082400000|100%| E|CS|TAMS 0x0000000082300000, 0x0000000082300000| Complete 
| 120|0x0000000088400000, 0x0000000088500000, 0x0000000088500000|100%| E|CS|TAMS 0x0000000088400000, 0x0000000088400000| Complete 
| 121|0x0000000088500000, 0x0000000088600000, 0x0000000088600000|100%| E|CS|TAMS 0x0000000088500000, 0x0000000088500000| Complete 
| 127|0x0000000088b00000, 0x0000000088c00000, 0x0000000088c00000|100%| E|CS|TAMS 0x0000000088b00000, 0x0000000088b00000| Complete 

Card table byte_map: [0x000002224b0b0000,0x000002224b4b0000] _byte_map_base: 0x000002224acaa000

Marking Bits (Prev, Next): (CMBitMap*) 0x0000022236469fc0, (CMBitMap*) 0x0000022236469f80
 Prev Bits: [0x000002224d880000, 0x000002224f850000)
 Next Bits: [0x000002224b8b0000, 0x000002224d880000)

Polling page: 0x000002223b430000

Metaspace:

Usage:
  Non-class:     27.47 MB used.
      Class:      3.31 MB used.
       Both:     30.78 MB used.

Virtual space:
  Non-class space:       64.00 MB reserved,      27.62 MB ( 43%) committed,  1 nodes.
      Class space:        1.00 GB reserved,       3.44 MB ( <1%) committed,  1 nodes.
             Both:        1.06 GB reserved,      31.06 MB (  3%) committed. 

Chunk freelists:
   Non-Class:  4.41 MB
       Class:  12.52 MB
        Both:  16.92 MB

MaxMetaspaceSize: unlimited
CompressedClassSpaceSize: 1.00 GB
Initial GC threshold: 21.00 MB
Current GC threshold: 35.12 MB
CDS: off
MetaspaceReclaimPolicy: balanced
 - commit_granule_bytes: 65536.
 - commit_granule_words: 8192.
 - virtual_space_node_default_size: 8388608.
 - enlarge_chunks_in_place: 1.
 - new_chunks_are_fully_committed: 0.
 - uncommit_free_chunks: 1.
 - use_allocation_guard: 0.
 - handle_deallocations: 1.


Internal statistics:

num_allocs_failed_limit: 3.
num_arena_births: 168.
num_arena_deaths: 0.
num_vsnodes_births: 2.
num_vsnodes_deaths: 0.
num_space_committed: 497.
num_space_uncommitted: 0.
num_chunks_returned_to_freelist: 3.
num_chunks_taken_from_freelist: 469.
num_chunk_merges: 3.
num_chunk_splits: 286.
num_chunks_enlarged: 188.
num_inconsistent_stats: 0.

CodeHeap 'non-profiled nmethods': size=120000Kb used=2787Kb max_used=3310Kb free=117212Kb
 bounds [0x0000022242f20000, 0x0000022243260000, 0x000002224a450000]
CodeHeap 'profiled nmethods': size=120000Kb used=7501Kb max_used=8449Kb free=112498Kb
 bounds [0x000002223b450000, 0x000002223bca0000, 0x0000022242980000]
CodeHeap 'non-nmethods': size=5760Kb used=1481Kb max_used=1604Kb free=4279Kb
 bounds [0x0000022242980000, 0x0000022242bf0000, 0x0000022242f20000]
 total_blobs=4382 nmethods=3610 adapters=683
 compilation: enabled
              stopped_count=0, restarted_count=0
 full_count=0

Compilation events (20 events):
Event: 1065.415 Thread 0x00000222521a6970 3886       3       java.lang.Thread::getContextClassLoader (32 bytes)
Event: 1065.426 Thread 0x00000222521a6970 nmethod 3886 0x000002223bc86710 code [0x000002223bc86940, 0x000002223bc87338]
Event: 1255.719 Thread 0x00000222521a6970 3887       3       jdk.internal.loader.URLClassPath::findResource (38 bytes)
Event: 1255.720 Thread 0x00000222521a6970 nmethod 3887 0x000002223bc87690 code [0x000002223bc87860, 0x000002223bc87bb8]
Event: 1265.731 Thread 0x00000222521a6970 3888   !   3       jdk.internal.loader.URLClassPath$JarLoader::getResource (354 bytes)
Event: 1265.742 Thread 0x00000222521a6970 nmethod 3888 0x000002223bc87d10 code [0x000002223bc881a0, 0x000002223bc8a1f8]
Event: 1285.774 Thread 0x00000222521a6970 3889   !   3       com.mysql.cj.jdbc.AbandonedConnectionCleanupThread::checkThreadContextClassLoader (20 bytes)
Event: 1285.786 Thread 0x00000222521a6970 nmethod 3889 0x000002223bc8b690 code [0x000002223bc8b940, 0x000002223bc8c8f8]
Event: 1472.121 Thread 0x000002225219b790 3890 %     4       java.awt.EventDispatchThread::pumpEventsForFilter @ 10 (47 bytes)
Event: 1472.130 Thread 0x000002225219b790 nmethod 3890% 0x0000022243257890 code [0x0000022243257a20, 0x0000022243257c88]
Event: 1582.217 Thread 0x000002225219b790 3891 % !   4       javax.swing.TimerQueue::run @ 9 (242 bytes)
Event: 1582.261 Thread 0x000002225219b790 nmethod 3891% 0x0000022243257e10 code [0x00000222432580e0, 0x0000022243259170]
Event: 1884.740 Thread 0x00000222521a6970 3892   !   3       java.util.concurrent.locks.AbstractQueuedSynchronizer::acquire (407 bytes)
Event: 1884.743 Thread 0x00000222521a6970 nmethod 3892 0x000002223bc8cf90 code [0x000002223bc8d320, 0x000002223bc8ed98]
Event: 1919.305 Thread 0x000002225219b790 3893   !   4       java.util.concurrent.locks.AbstractQueuedSynchronizer::acquire (407 bytes)
Event: 1919.318 Thread 0x000002225219b790 nmethod 3893 0x0000022243259e10 code [0x0000022243259fc0, 0x000002224325ae98]
Event: 2147.912 Thread 0x00000222521a6970 3894       3       org.eclipse.jdt.launching.internal.org.objectweb.asm.SymbolTable::addConstantNameAndType (137 bytes)
Event: 2147.915 Thread 0x00000222521a6970 nmethod 3894 0x000002223bc8f890 code [0x000002223bc8fae0, 0x000002223bc90208]
Event: 2345.102 Thread 0x000002225219b790 3895       4       jdk.internal.org.objectweb.asm.SymbolTable$Entry::<init> (17 bytes)
Event: 2345.112 Thread 0x000002225219b790 nmethod 3895 0x000002224325b510 code [0x000002224325b680, 0x000002224325b8b8]

GC Heap History (20 events):
Event: 8.791 GC heap before
{Heap before GC invocations=6 (full 0):
 garbage-first heap   total 27648K, used 17010K [0x0000000080c00000, 0x0000000100000000)
  region size 1024K, 12 young (12288K), 1 survivors (1024K)
 Metaspace       used 25414K, committed 25600K, reserved 1114112K
  class space    used 2523K, committed 2624K, reserved 1048576K
}
Event: 8.793 GC heap after
{Heap after GC invocations=7 (full 0):
 garbage-first heap   total 27648K, used 7625K [0x0000000080c00000, 0x0000000100000000)
  region size 1024K, 1 young (1024K), 1 survivors (1024K)
 Metaspace       used 25414K, committed 25600K, reserved 1114112K
  class space    used 2523K, committed 2624K, reserved 1048576K
}
Event: 8.994 GC heap before
{Heap before GC invocations=7 (full 0):
 garbage-first heap   total 27648K, used 18889K [0x0000000080c00000, 0x0000000100000000)
  region size 1024K, 13 young (13312K), 1 survivors (1024K)
 Metaspace       used 29477K, committed 29696K, reserved 1114112K
  class space    used 3016K, committed 3136K, reserved 1048576K
}
Event: 8.996 GC heap after
{Heap after GC invocations=8 (full 0):
 garbage-first heap   total 27648K, used 8169K [0x0000000080c00000, 0x0000000100000000)
  region size 1024K, 2 young (2048K), 2 survivors (2048K)
 Metaspace       used 29477K, committed 29696K, reserved 1114112K
  class space    used 3016K, committed 3136K, reserved 1048576K
}
Event: 33.964 GC heap before
{Heap before GC invocations=8 (full 0):
 garbage-first heap   total 27648K, used 20457K [0x0000000080c00000, 0x0000000100000000)
  region size 1024K, 13 young (13312K), 2 survivors (2048K)
 Metaspace       used 30898K, committed 31168K, reserved 1114112K
  class space    used 3223K, committed 3392K, reserved 1048576K
}
Event: 33.966 GC heap after
{Heap after GC invocations=9 (full 0):
 garbage-first heap   total 27648K, used 10231K [0x0000000080c00000, 0x0000000100000000)
  region size 1024K, 2 young (2048K), 2 survivors (2048K)
 Metaspace       used 30898K, committed 31168K, reserved 1114112K
  class space    used 3223K, committed 3392K, reserved 1048576K
}
Event: 302.879 GC heap before
{Heap before GC invocations=9 (full 0):
 garbage-first heap   total 27648K, used 20471K [0x0000000080c00000, 0x0000000100000000)
  region size 1024K, 12 young (12288K), 2 survivors (2048K)
 Metaspace       used 30950K, committed 31232K, reserved 1114112K
  class space    used 3232K, committed 3392K, reserved 1048576K
}
Event: 302.880 GC heap after
{Heap after GC invocations=10 (full 0):
 garbage-first heap   total 27648K, used 10289K [0x0000000080c00000, 0x0000000100000000)
  region size 1024K, 2 young (2048K), 2 survivors (2048K)
 Metaspace       used 30950K, committed 31232K, reserved 1114112K
  class space    used 3232K, committed 3392K, reserved 1048576K
}
Event: 548.737 GC heap before
{Heap before GC invocations=10 (full 0):
 garbage-first heap   total 27648K, used 19505K [0x0000000080c00000, 0x0000000100000000)
  region size 1024K, 11 young (11264K), 2 survivors (2048K)
 Metaspace       used 30952K, committed 31232K, reserved 1114112K
  class space    used 3232K, committed 3392K, reserved 1048576K
}
Event: 548.738 GC heap after
{Heap after GC invocations=11 (full 0):
 garbage-first heap   total 27648K, used 10206K [0x0000000080c00000, 0x0000000100000000)
  region size 1024K, 1 young (1024K), 1 survivors (1024K)
 Metaspace       used 30952K, committed 31232K, reserved 1114112K
  class space    used 3232K, committed 3392K, reserved 1048576K
}
Event: 821.920 GC heap before
{Heap before GC invocations=11 (full 0):
 garbage-first heap   total 27648K, used 20446K [0x0000000080c00000, 0x0000000100000000)
  region size 1024K, 11 young (11264K), 1 survivors (1024K)
 Metaspace       used 31116K, committed 31360K, reserved 1114112K
  class space    used 3286K, committed 3456K, reserved 1048576K
}
Event: 821.922 GC heap after
{Heap after GC invocations=12 (full 0):
 garbage-first heap   total 27648K, used 10227K [0x0000000080c00000, 0x0000000100000000)
  region size 1024K, 1 young (1024K), 1 survivors (1024K)
 Metaspace       used 31116K, committed 31360K, reserved 1114112K
  class space    used 3286K, committed 3456K, reserved 1048576K
}
Event: 1118.501 GC heap before
{Heap before GC invocations=12 (full 0):
 garbage-first heap   total 27648K, used 21491K [0x0000000080c00000, 0x0000000100000000)
  region size 1024K, 12 young (12288K), 1 survivors (1024K)
 Metaspace       used 31426K, committed 31744K, reserved 1114112K
  class space    used 3366K, committed 3520K, reserved 1048576K
}
Event: 1118.508 GC heap after
{Heap after GC invocations=13 (full 0):
 garbage-first heap   total 27648K, used 10229K [0x0000000080c00000, 0x0000000100000000)
  region size 1024K, 1 young (1024K), 1 survivors (1024K)
 Metaspace       used 31426K, committed 31744K, reserved 1114112K
  class space    used 3366K, committed 3520K, reserved 1048576K
}
Event: 1446.106 GC heap before
{Heap before GC invocations=13 (full 0):
 garbage-first heap   total 27648K, used 21493K [0x0000000080c00000, 0x0000000100000000)
  region size 1024K, 12 young (12288K), 1 survivors (1024K)
 Metaspace       used 31506K, committed 31808K, reserved 1114112K
  class space    used 3386K, committed 3520K, reserved 1048576K
}
Event: 1446.118 GC heap after
{Heap after GC invocations=14 (full 0):
 garbage-first heap   total 27648K, used 10201K [0x0000000080c00000, 0x0000000100000000)
  region size 1024K, 1 young (1024K), 1 survivors (1024K)
 Metaspace       used 31506K, committed 31808K, reserved 1114112K
  class space    used 3386K, committed 3520K, reserved 1048576K
}
Event: 1778.569 GC heap before
{Heap before GC invocations=14 (full 0):
 garbage-first heap   total 27648K, used 21465K [0x0000000080c00000, 0x0000000100000000)
  region size 1024K, 12 young (12288K), 1 survivors (1024K)
 Metaspace       used 31506K, committed 31808K, reserved 1114112K
  class space    used 3386K, committed 3520K, reserved 1048576K
}
Event: 1778.574 GC heap after
{Heap after GC invocations=15 (full 0):
 garbage-first heap   total 27648K, used 10192K [0x0000000080c00000, 0x0000000100000000)
  region size 1024K, 1 young (1024K), 1 survivors (1024K)
 Metaspace       used 31506K, committed 31808K, reserved 1114112K
  class space    used 3386K, committed 3520K, reserved 1048576K
}
Event: 2138.057 GC heap before
{Heap before GC invocations=15 (full 0):
 garbage-first heap   total 27648K, used 22480K [0x0000000080c00000, 0x0000000100000000)
  region size 1024K, 13 young (13312K), 1 survivors (1024K)
 Metaspace       used 31506K, committed 31808K, reserved 1114112K
  class space    used 3386K, committed 3520K, reserved 1048576K
}
Event: 2138.066 GC heap after
{Heap after GC invocations=16 (full 0):
 garbage-first heap   total 27648K, used 10211K [0x0000000080c00000, 0x0000000100000000)
  region size 1024K, 1 young (1024K), 1 survivors (1024K)
 Metaspace       used 31506K, committed 31808K, reserved 1114112K
  class space    used 3386K, committed 3520K, reserved 1048576K
}

Dll operation events (12 events):
Event: 0.005 Loaded shared library C:\Users\Administrator\.p2\pool\plugins\org.eclipse.justj.openjdk.hotspot.jre.full.win32.x86_64_17.0.8.v20230801-1951\jre\bin\java.dll
Event: 0.114 Loaded shared library C:\Users\Administrator\.p2\pool\plugins\org.eclipse.justj.openjdk.hotspot.jre.full.win32.x86_64_17.0.8.v20230801-1951\jre\bin\net.dll
Event: 0.115 Loaded shared library C:\Users\Administrator\.p2\pool\plugins\org.eclipse.justj.openjdk.hotspot.jre.full.win32.x86_64_17.0.8.v20230801-1951\jre\bin\nio.dll
Event: 1.527 Loaded shared library C:\Users\Administrator\.p2\pool\plugins\org.eclipse.justj.openjdk.hotspot.jre.full.win32.x86_64_17.0.8.v20230801-1951\jre\bin\zip.dll
Event: 1.529 Loaded shared library C:\Users\Administrator\.p2\pool\plugins\org.eclipse.justj.openjdk.hotspot.jre.full.win32.x86_64_17.0.8.v20230801-1951\jre\bin\instrument.dll
Event: 1.536 Loaded shared library C:\Users\Administrator\.p2\pool\plugins\org.eclipse.justj.openjdk.hotspot.jre.full.win32.x86_64_17.0.8.v20230801-1951\jre\bin\zip.dll
Event: 1.600 Loaded shared library C:\Users\Administrator\.p2\pool\plugins\org.eclipse.justj.openjdk.hotspot.jre.full.win32.x86_64_17.0.8.v20230801-1951\jre\bin\jimage.dll
Event: 1.633 Loaded shared library C:\Users\Administrator\.p2\pool\plugins\org.eclipse.justj.openjdk.hotspot.jre.full.win32.x86_64_17.0.8.v20230801-1951\jre\bin\verify.dll
Event: 1.669 Loaded shared library C:\Users\Administrator\.p2\pool\plugins\org.eclipse.justj.openjdk.hotspot.jre.full.win32.x86_64_17.0.8.v20230801-1951\jre\bin\awt.dll
Event: 1.927 Loaded shared library C:\Users\Administrator\.p2\pool\plugins\org.eclipse.justj.openjdk.hotspot.jre.full.win32.x86_64_17.0.8.v20230801-1951\jre\bin\freetype.dll
Event: 1.928 Loaded shared library C:\Users\Administrator\.p2\pool\plugins\org.eclipse.justj.openjdk.hotspot.jre.full.win32.x86_64_17.0.8.v20230801-1951\jre\bin\fontmanager.dll
Event: 8.780 Loaded shared library C:\Users\Administrator\.p2\pool\plugins\org.eclipse.justj.openjdk.hotspot.jre.full.win32.x86_64_17.0.8.v20230801-1951\jre\bin\sunmscapi.dll

Deoptimization events (20 events):
Event: 401.931 Thread 0x0000022252e4abf0 Uncommon trap: trap_request=0xffffffdc fr.pc=0x000002224323c9d4 relative=0x00000000000001b4
Event: 401.931 Thread 0x0000022252e4abf0 Uncommon trap: reason=class_check action=make_not_entrant pc=0x000002224323c9d4 method=java.util.ArrayList.toArray([Ljava/lang/Object;)[Ljava/lang/Object; @ 21 c2
Event: 401.931 Thread 0x0000022252e4abf0 DEOPT PACKING pc=0x000002224323c9d4 sp=0x000000bfaffff400
Event: 401.931 Thread 0x0000022252e4abf0 DEOPT UNPACKING pc=0x00000222429d69a3 sp=0x000000bfaffff3d0 mode 2
Event: 474.779 Thread 0x000002225268db90 DEOPT PACKING pc=0x000002223ba653b7 sp=0x000000bfae7fdaa0
Event: 474.779 Thread 0x000002225268db90 DEOPT UNPACKING pc=0x00000222429d7143 sp=0x000000bfae7fcfc8 mode 0
Event: 643.449 Thread 0x000002225268db90 DEOPT PACKING pc=0x000002223ba6521b sp=0x000000bfae7fdaa0
Event: 643.449 Thread 0x000002225268db90 DEOPT UNPACKING pc=0x00000222429d7143 sp=0x000000bfae7fcfc8 mode 0
Event: 982.660 Thread 0x000002225268db90 DEOPT PACKING pc=0x000002223ba7837b sp=0x000000bfae7fdf80
Event: 982.662 Thread 0x000002225268db90 DEOPT UNPACKING pc=0x00000222429d7143 sp=0x000000bfae7fd470 mode 0
Event: 988.383 Thread 0x000002225268db90 DEOPT PACKING pc=0x000002223ba7ba15 sp=0x000000bfae7fde20
Event: 988.383 Thread 0x000002225268db90 DEOPT UNPACKING pc=0x00000222429d7143 sp=0x000000bfae7fd3d0 mode 0
Event: 1599.882 Thread 0x0000022252e41ce0 DEOPT PACKING pc=0x000002223bc7a36c sp=0x000000bfafcff510
Event: 1599.883 Thread 0x0000022252e41ce0 DEOPT UNPACKING pc=0x00000222429d7143 sp=0x000000bfafcfea28 mode 0
Event: 1709.582 Thread 0x0000022252e19ed0 DEOPT PACKING pc=0x000002223bc7ce49 sp=0x000000bfafafef80
Event: 1709.585 Thread 0x0000022252e19ed0 DEOPT UNPACKING pc=0x00000222429d7143 sp=0x000000bfafafe540 mode 0
Event: 1883.842 Thread 0x0000022252e41ce0 Uncommon trap: trap_request=0xffffff45 fr.pc=0x00000222431d36e4 relative=0x0000000000000c04
Event: 1883.842 Thread 0x0000022252e41ce0 Uncommon trap: reason=unstable_if action=reinterpret pc=0x00000222431d36e4 method=java.util.concurrent.locks.ReentrantLock$NonfairSync.tryAcquire(I)Z @ 13 c2
Event: 1883.842 Thread 0x0000022252e41ce0 DEOPT PACKING pc=0x00000222431d36e4 sp=0x000000bfafcff1e0
Event: 1883.842 Thread 0x0000022252e41ce0 DEOPT UNPACKING pc=0x00000222429d69a3 sp=0x000000bfafcff118 mode 2

Classes unloaded (0 events):
No events

Classes redefined (20 events):
Event: 513.305 Thread 0x000002225215f060 redefined class name=PHPay.Home$1, count=11
Event: 513.305 Thread 0x000002225215f060 redefined class name=PHPay.Home$2, count=11
Event: 513.305 Thread 0x000002225215f060 redefined class name=PHPay.Home$3, count=11
Event: 513.305 Thread 0x000002225215f060 redefined class name=PHPay.Home$4, count=11
Event: 513.305 Thread 0x000002225215f060 redefined class name=PHPay.Home$5, count=11
Event: 513.306 Thread 0x000002225215f060 redefined class name=PHPay.Home$6, count=11
Event: 513.306 Thread 0x000002225215f060 redefined class name=PHPay.Home$7, count=11
Event: 513.306 Thread 0x000002225215f060 redefined class name=PHPay.Home, count=11
Event: 528.765 Thread 0x000002225215f060 redefined class name=PHPay.Home$1, count=12
Event: 528.765 Thread 0x000002225215f060 redefined class name=PHPay.Home$2, count=12
Event: 528.765 Thread 0x000002225215f060 redefined class name=PHPay.Home$3, count=12
Event: 528.765 Thread 0x000002225215f060 redefined class name=PHPay.Home$4, count=12
Event: 528.765 Thread 0x000002225215f060 redefined class name=PHPay.Home$5, count=12
Event: 528.765 Thread 0x000002225215f060 redefined class name=PHPay.Home$6, count=12
Event: 528.765 Thread 0x000002225215f060 redefined class name=PHPay.Home$7, count=12
Event: 528.765 Thread 0x000002225215f060 redefined class name=PHPay.Home, count=12
Event: 1356.695 Thread 0x000002225215f060 redefined class name=PHPay.HomePanel$2, count=1
Event: 1356.695 Thread 0x000002225215f060 redefined class name=PHPay.HomePanel$1, count=1
Event: 1356.695 Thread 0x000002225215f060 redefined class name=PHPay.HomePanel, count=1
Event: 1356.695 Thread 0x000002225215f060 redefined class name=PHPay.HomePanel$ScrollBarCustom, count=1

Internal exceptions (20 events):
Event: 8.607 Thread 0x0000022252e41ce0 Exception <a 'sun/nio/fs/WindowsException'{0x00000000821ddc28}> (0x00000000821ddc28) 
thrown [s\src\hotspot\share\prims\jni.cpp, line 516]
Event: 8.607 Thread 0x0000022252e41ce0 Exception <a 'sun/nio/fs/WindowsException'{0x00000000821e0c38}> (0x00000000821e0c38) 
thrown [s\src\hotspot\share\prims\jni.cpp, line 516]
Event: 8.612 Thread 0x0000022252e41ce0 Exception <a 'java/lang/NoSuchMethodError'{0x0000000082092b38}: 'void java.lang.invoke.DirectMethodHandle$Holder.invokeStatic(java.lang.Object, java.lang.Object, java.lang.Object)'> (0x0000000082092b38) 
thrown [s\src\hotspot\share\interpreter\linkResolver.cpp, line 759]
Event: 8.613 Thread 0x0000022252e41ce0 Exception <a 'java/lang/NoSuchMethodError'{0x000000008209d8b8}: 'java.lang.Object java.lang.invoke.DirectMethodHandle$Holder.invokeVirtual(java.lang.Object, java.lang.Object, java.lang.Object)'> (0x000000008209d8b8) 
thrown [s\src\hotspot\share\interpreter\linkResolver.cpp, line 759]
Event: 8.705 Thread 0x0000022252e41ce0 Exception <a 'java/lang/ClassNotFoundException'{0x0000000088b58ba8}: jdk/net/ExtendedSocketOptions> (0x0000000088b58ba8) 
thrown [s\src\hotspot\share\classfile\systemDictionary.cpp, line 256]
Event: 8.706 Thread 0x0000022252e41ce0 Exception <a 'java/lang/NoSuchMethodError'{0x0000000088b5b488}: 'void java.lang.invoke.DirectMethodHandle$Holder.invokeStatic(java.lang.Object, java.lang.Object)'> (0x0000000088b5b488) 
thrown [s\src\hotspot\share\interpreter\linkResolver.cpp, line 759]
Event: 8.766 Thread 0x0000022252e41ce0 Exception <a 'sun/nio/fs/WindowsException'{0x0000000081d6d5a0}> (0x0000000081d6d5a0) 
thrown [s\src\hotspot\share\prims\jni.cpp, line 516]
Event: 8.767 Thread 0x0000022252e41ce0 Exception <a 'java/lang/NoSuchMethodError'{0x0000000081d75360}: 'void java.lang.invoke.DirectMethodHandle$Holder.invokeStaticInit(java.lang.Object, java.lang.Object)'> (0x0000000081d75360) 
thrown [s\src\hotspot\share\interpreter\linkResolver.cpp, line 759]
Event: 8.794 Thread 0x0000022252e41ce0 Exception <a 'sun/nio/fs/WindowsException'{0x0000000088b2f310}> (0x0000000088b2f310) 
thrown [s\src\hotspot\share\prims\jni.cpp, line 516]
Event: 8.797 Thread 0x0000022252e41ce0 Exception <a 'sun/nio/fs/WindowsException'{0x0000000088b50420}> (0x0000000088b50420) 
thrown [s\src\hotspot\share\prims\jni.cpp, line 516]
Event: 8.800 Thread 0x0000022252e41ce0 Exception <a 'java/lang/NoSuchMethodError'{0x0000000088b7a9e0}: 'int java.lang.invoke.DirectMethodHandle$Holder.invokeStatic(java.lang.Object, java.lang.Object, java.lang.Object, java.lang.Object)'> (0x0000000088b7a9e0) 
thrown [s\src\hotspot\share\interpreter\linkResolver.cpp, line 759]
Event: 8.800 Thread 0x0000022252e41ce0 Exception <a 'java/lang/NoSuchMethodError'{0x0000000088b7e490}: 'int java.lang.invoke.DirectMethodHandle$Holder.invokeStaticInit(java.lang.Object, java.lang.Object, java.lang.Object, java.lang.Object)'> (0x0000000088b7e490) 
thrown [s\src\hotspot\share\interpreter\linkResolver.cpp, line 759]
Event: 8.801 Thread 0x0000022252e41ce0 Exception <a 'java/lang/IncompatibleClassChangeError'{0x0000000088b878e0}: Found class java.lang.Object, but interface was expected> (0x0000000088b878e0) 
thrown [s\src\hotspot\share\interpreter\linkResolver.cpp, line 826]
Event: 8.801 Thread 0x0000022252e41ce0 Exception <a 'java/lang/NoSuchMethodError'{0x0000000088b8d0b0}: 'int java.lang.invoke.DirectMethodHandle$Holder.invokeStaticInit(java.lang.Object, java.lang.Object)'> (0x0000000088b8d0b0) 
thrown [s\src\hotspot\share\interpreter\linkResolver.cpp, line 759]
Event: 8.823 Thread 0x0000022252e41ce0 Exception <a 'java/lang/NoSuchMethodError'{0x00000000885eed10}: 'java.lang.Object java.lang.invoke.DirectMethodHandle$Holder.invokeStaticInit(java.lang.Object, int, int, int, int)'> (0x00000000885eed10) 
thrown [s\src\hotspot\share\interpreter\linkResolver.cpp, line 759]
Event: 8.848 Thread 0x0000022252e41ce0 Exception <a 'java/lang/NoSuchMethodError'{0x0000000088448298}: 'java.lang.Object java.lang.invoke.DirectMethodHandle$Holder.invokeStaticInit(java.lang.Object, java.lang.Object, int, int, int, int)'> (0x0000000088448298) 
thrown [s\src\hotspot\share\interpreter\linkResolver.cpp, line 759]
Event: 8.877 Thread 0x0000022252e41ce0 Exception <a 'java/lang/NoSuchMethodError'{0x0000000082240518}: 'int java.lang.invoke.DirectMethodHandle$Holder.invokeSpecial(java.lang.Object, java.lang.Object, java.lang.Object)'> (0x0000000082240518) 
thrown [s\src\hotspot\share\interpreter\linkResolver.cpp, line 759]
Event: 9.086 Thread 0x0000022252e20080 Exception <a 'java/lang/InterruptedException'{0x0000000088b73068}: sleep interrupted> (0x0000000088b73068) 
thrown [s\src\hotspot\share\prims\jvm.cpp, line 3044]
Event: 10.249 Thread 0x0000022252e41ce0 Implicit null exception at 0x0000022242fe13cc to 0x0000022242fe1548
Event: 65.002 Thread 0x0000022252e41ce0 Implicit null exception at 0x00000222431f0acb to 0x00000222431f11d4

VM Operations (20 events):
Event: 1065.259 Executing VM operation: Cleanup
Event: 1065.259 Executing VM operation: Cleanup done
Event: 1118.501 Executing VM operation: G1CollectForAllocation
Event: 1118.508 Executing VM operation: G1CollectForAllocation done
Event: 1356.587 Executing VM operation: RedefineClasses
Event: 1356.723 Executing VM operation: RedefineClasses done
Event: 1446.105 Executing VM operation: G1CollectForAllocation
Event: 1446.118 Executing VM operation: G1CollectForAllocation done
Event: 1778.568 Executing VM operation: G1CollectForAllocation
Event: 1778.574 Executing VM operation: G1CollectForAllocation done
Event: 1919.319 Executing VM operation: HandshakeAllThreads
Event: 1919.319 Executing VM operation: HandshakeAllThreads done
Event: 1920.325 Executing VM operation: Cleanup
Event: 1920.325 Executing VM operation: Cleanup done
Event: 2138.057 Executing VM operation: G1CollectForAllocation
Event: 2138.066 Executing VM operation: G1CollectForAllocation done
Event: 2345.112 Executing VM operation: HandshakeAllThreads
Event: 2345.113 Executing VM operation: HandshakeAllThreads done
Event: 2345.151 Executing VM operation: HandshakeAllThreads
Event: 2345.183 Executing VM operation: HandshakeAllThreads done

Events (20 events):
Event: 2345.489 Thread 0x00000222522056e0 flushing nmethod 0x000002223b6f5a90
Event: 2345.489 Thread 0x00000222522056e0 flushing nmethod 0x000002223b6f9d10
Event: 2345.491 Thread 0x00000222522056e0 flushing nmethod 0x000002223b713110
Event: 2345.492 Thread 0x00000222522056e0 flushing nmethod 0x000002223b718390
Event: 2345.492 Thread 0x00000222522056e0 flushing nmethod 0x000002223b718710
Event: 2345.492 Thread 0x00000222522056e0 flushing nmethod 0x000002223b71b590
Event: 2345.502 Thread 0x00000222522056e0 flushing nmethod 0x000002223b7de510
Event: 2345.502 Thread 0x00000222522056e0 flushing nmethod 0x000002223b7eb110
Event: 2345.502 Thread 0x00000222522056e0 flushing nmethod 0x000002223b7f0690
Event: 2345.505 Thread 0x00000222522056e0 flushing nmethod 0x000002223b862990
Event: 2345.505 Thread 0x00000222522056e0 flushing nmethod 0x000002223b865690
Event: 2345.505 Thread 0x00000222522056e0 flushing nmethod 0x000002223b876390
Event: 2345.505 Thread 0x00000222522056e0 flushing nmethod 0x000002223b879e90
Event: 2345.505 Thread 0x00000222522056e0 flushing nmethod 0x000002223b880a10
Event: 2345.506 Thread 0x00000222522056e0 flushing nmethod 0x000002223b889890
Event: 2345.508 Thread 0x00000222522056e0 flushing nmethod 0x000002223b894390
Event: 2345.508 Thread 0x00000222522056e0 flushing nmethod 0x000002223b8a0e90
Event: 2345.512 loading class java/util/WeakHashMap$HashIterator
Event: 2345.525 loading class java/util/WeakHashMap$HashIterator done
Event: 2345.526 loading class java/util/WeakHashMap$KeyIterator done


Dynamic libraries:
0x00007ff747b60000 - 0x00007ff747b6e000 	C:\Users\Administrator\.p2\pool\plugins\org.eclipse.justj.openjdk.hotspot.jre.full.win32.x86_64_17.0.8.v20230801-1951\jre\bin\javaw.exe
0x00007ff8682d0000 - 0x00007ff8684c8000 	C:\Windows\SYSTEM32\ntdll.dll
0x00007ff867920000 - 0x00007ff8679df000 	C:\Windows\System32\KERNEL32.DLL
0x00007ff865a70000 - 0x00007ff865d66000 	C:\Windows\System32\KERNELBASE.dll
0x00007ff865e20000 - 0x00007ff865f20000 	C:\Windows\System32\ucrtbase.dll
0x00007ff852340000 - 0x00007ff852357000 	C:\Users\Administrator\.p2\pool\plugins\org.eclipse.justj.openjdk.hotspot.jre.full.win32.x86_64_17.0.8.v20230801-1951\jre\bin\jli.dll
0x00007ff849990000 - 0x00007ff8499a9000 	C:\Users\Administrator\.p2\pool\plugins\org.eclipse.justj.openjdk.hotspot.jre.full.win32.x86_64_17.0.8.v20230801-1951\jre\bin\VCRUNTIME140.dll
0x00007ff8672e0000 - 0x00007ff86747d000 	C:\Windows\System32\USER32.dll
0x00007ff8511a0000 - 0x00007ff85143a000 	C:\Windows\WinSxS\amd64_microsoft.windows.common-controls_6595b64144ccf1df_6.0.19041.1110_none_60b5254171f9507e\COMCTL32.dll
0x00007ff865f20000 - 0x00007ff865f42000 	C:\Windows\System32\win32u.dll
0x00007ff868200000 - 0x00007ff86822c000 	C:\Windows\System32\GDI32.dll
0x00007ff867750000 - 0x00007ff8677ee000 	C:\Windows\System32\msvcrt.dll
0x00007ff866150000 - 0x00007ff866265000 	C:\Windows\System32\gdi32full.dll
0x00007ff8660b0000 - 0x00007ff86614d000 	C:\Windows\System32\msvcp_win.dll
0x00007ff8671d0000 - 0x00007ff867200000 	C:\Windows\System32\IMM32.DLL
0x00007ff852460000 - 0x00007ff85246c000 	C:\Users\Administrator\.p2\pool\plugins\org.eclipse.justj.openjdk.hotspot.jre.full.win32.x86_64_17.0.8.v20230801-1951\jre\bin\vcruntime140_1.dll
0x00007ff839c80000 - 0x00007ff839d11000 	C:\Users\Administrator\.p2\pool\plugins\org.eclipse.justj.openjdk.hotspot.jre.full.win32.x86_64_17.0.8.v20230801-1951\jre\bin\msvcp140.dll
0x00007ff82ace0000 - 0x00007ff82b92c000 	C:\Users\Administrator\.p2\pool\plugins\org.eclipse.justj.openjdk.hotspot.jre.full.win32.x86_64_17.0.8.v20230801-1951\jre\bin\server\jvm.dll
0x00007ff866fe0000 - 0x00007ff86708f000 	C:\Windows\System32\ADVAPI32.dll
0x00007ff8676b0000 - 0x00007ff86774c000 	C:\Windows\System32\sechost.dll
0x00007ff867090000 - 0x00007ff8671b6000 	C:\Windows\System32\RPCRT4.dll
0x00007ff865530000 - 0x00007ff86557b000 	C:\Windows\SYSTEM32\POWRPROF.dll
0x00007ff85d3b0000 - 0x00007ff85d3b9000 	C:\Windows\SYSTEM32\WSOCK32.dll
0x00007ff85cb80000 - 0x00007ff85cba7000 	C:\Windows\SYSTEM32\WINMM.dll
0x00007ff866f50000 - 0x00007ff866fbb000 	C:\Windows\System32\WS2_32.dll
0x00007ff85ee90000 - 0x00007ff85ee9a000 	C:\Windows\SYSTEM32\VERSION.dll
0x00007ff865510000 - 0x00007ff865522000 	C:\Windows\SYSTEM32\UMPDC.dll
0x00007ff863880000 - 0x00007ff863892000 	C:\Windows\SYSTEM32\kernel.appcore.dll
0x00007ff85b710000 - 0x00007ff85b71a000 	C:\Users\Administrator\.p2\pool\plugins\org.eclipse.justj.openjdk.hotspot.jre.full.win32.x86_64_17.0.8.v20230801-1951\jre\bin\jimage.dll
0x00007ff85f620000 - 0x00007ff85f804000 	C:\Windows\SYSTEM32\DBGHELP.DLL
0x00007ff855230000 - 0x00007ff855264000 	C:\Windows\SYSTEM32\dbgcore.DLL
0x00007ff8662a0000 - 0x00007ff866322000 	C:\Windows\System32\bcryptPrimitives.dll
0x00007ff83dff0000 - 0x00007ff83e02b000 	C:\Users\Administrator\.p2\pool\plugins\org.eclipse.justj.openjdk.hotspot.jre.full.win32.x86_64_17.0.8.v20230801-1951\jre\bin\jdwp.dll
0x00007ff851a10000 - 0x00007ff851a1e000 	C:\Users\Administrator\.p2\pool\plugins\org.eclipse.justj.openjdk.hotspot.jre.full.win32.x86_64_17.0.8.v20230801-1951\jre\bin\instrument.dll
0x00007ff854a60000 - 0x00007ff854a85000 	C:\Users\Administrator\.p2\pool\plugins\org.eclipse.justj.openjdk.hotspot.jre.full.win32.x86_64_17.0.8.v20230801-1951\jre\bin\java.dll
0x00007ff854730000 - 0x00007ff854748000 	C:\Users\Administrator\.p2\pool\plugins\org.eclipse.justj.openjdk.hotspot.jre.full.win32.x86_64_17.0.8.v20230801-1951\jre\bin\zip.dll
0x00007ff866330000 - 0x00007ff866a74000 	C:\Windows\System32\SHELL32.dll
0x00007ff863a80000 - 0x00007ff864214000 	C:\Windows\SYSTEM32\windows.storage.dll
0x00007ff866a80000 - 0x00007ff866dd4000 	C:\Windows\System32\combase.dll
0x00007ff865380000 - 0x00007ff8653ae000 	C:\Windows\SYSTEM32\Wldp.dll
0x00007ff8679e0000 - 0x00007ff867a8d000 	C:\Windows\System32\SHCORE.dll
0x00007ff866de0000 - 0x00007ff866e35000 	C:\Windows\System32\shlwapi.dll
0x00007ff8658e0000 - 0x00007ff865905000 	C:\Windows\SYSTEM32\profapi.dll
0x00007ff8546e0000 - 0x00007ff8546f9000 	C:\Users\Administrator\.p2\pool\plugins\org.eclipse.justj.openjdk.hotspot.jre.full.win32.x86_64_17.0.8.v20230801-1951\jre\bin\net.dll
0x00007ff85f0d0000 - 0x00007ff85f1da000 	C:\Windows\SYSTEM32\WINHTTP.dll
0x00007ff8650e0000 - 0x00007ff86514a000 	C:\Windows\system32\mswsock.dll
0x00007ff852d50000 - 0x00007ff852d65000 	C:\Users\Administrator\.p2\pool\plugins\org.eclipse.justj.openjdk.hotspot.jre.full.win32.x86_64_17.0.8.v20230801-1951\jre\bin\nio.dll
0x00007ff84a1a0000 - 0x00007ff84a1ac000 	C:\Users\Administrator\.p2\pool\plugins\org.eclipse.justj.openjdk.hotspot.jre.full.win32.x86_64_17.0.8.v20230801-1951\jre\bin\dt_socket.dll
0x00007ff864dd0000 - 0x00007ff864e0c000 	C:\Windows\SYSTEM32\IPHLPAPI.DLL
0x00007ff864e10000 - 0x00007ff864eda000 	C:\Windows\SYSTEM32\DNSAPI.dll
0x00007ff867910000 - 0x00007ff867918000 	C:\Windows\System32\NSI.dll
0x00007ff85d2a0000 - 0x00007ff85d2aa000 	C:\Windows\System32\rasadhlp.dll
0x00007ff85cc00000 - 0x00007ff85cc82000 	C:\Windows\System32\fwpuclnt.dll
0x00007ff866270000 - 0x00007ff866297000 	C:\Windows\System32\bcrypt.dll
0x00007ff8567f0000 - 0x00007ff856800000 	C:\Users\Administrator\.p2\pool\plugins\org.eclipse.justj.openjdk.hotspot.jre.full.win32.x86_64_17.0.8.v20230801-1951\jre\bin\verify.dll
0x00007ff83ac40000 - 0x00007ff83adce000 	C:\Users\Administrator\.p2\pool\plugins\org.eclipse.justj.openjdk.hotspot.jre.full.win32.x86_64_17.0.8.v20230801-1951\jre\bin\awt.dll
0x00007ff8680d0000 - 0x00007ff86819d000 	C:\Windows\System32\OLEAUT32.dll
0x00007ff8632b0000 - 0x00007ff863341000 	C:\Windows\SYSTEM32\apphelp.dll
0x00007ff8636a0000 - 0x00007ff8636cf000 	C:\Windows\system32\DWMAPI.DLL
0x00007ff8633b0000 - 0x00007ff86344e000 	C:\Windows\system32\uxtheme.dll
0x00007ff854c40000 - 0x00007ff854d65000 	C:\Windows\system32\opengl32.dll
0x00007ff856ee0000 - 0x00007ff856f0c000 	C:\Windows\SYSTEM32\GLU32.dll
0x00007ff8677f0000 - 0x00007ff867904000 	C:\Windows\System32\MSCTF.dll
0x00007ff867f10000 - 0x00007ff86803a000 	C:\Windows\System32\ole32.dll
0x00007ff865a20000 - 0x00007ff865a6e000 	C:\Windows\System32\cfgmgr32.dll
0x00007ff85d260000 - 0x00007ff85d29b000 	C:\Windows\SYSTEM32\dxcore.dll
0x00007ff83db30000 - 0x00007ff83dbb6000 	C:\Users\Administrator\.p2\pool\plugins\org.eclipse.justj.openjdk.hotspot.jre.full.win32.x86_64_17.0.8.v20230801-1951\jre\bin\freetype.dll
0x00007ff83a9c0000 - 0x00007ff83aa93000 	C:\Users\Administrator\.p2\pool\plugins\org.eclipse.justj.openjdk.hotspot.jre.full.win32.x86_64_17.0.8.v20230801-1951\jre\bin\fontmanager.dll
0x00007ff866e40000 - 0x00007ff866ee9000 	C:\Windows\System32\clbcatq.dll
0x00007ff85f3d0000 - 0x00007ff85f584000 	C:\Windows\SYSTEM32\WindowsCodecs.dll
0x00007ff84d180000 - 0x00007ff84d1be000 	C:\Windows\system32\dataexchange.dll
0x00007ff8626a0000 - 0x00007ff862883000 	C:\Windows\system32\dcomp.dll
0x00007ff8616c0000 - 0x00007ff861923000 	C:\Windows\system32\d3d11.dll
0x00007ff864260000 - 0x00007ff864353000 	C:\Windows\system32\dxgi.dll
0x00007ff85f810000 - 0x00007ff85fa17000 	C:\Windows\system32\twinapi.appcore.dll
0x00007ff85d010000 - 0x00007ff85d109000 	C:\Windows\SYSTEM32\textinputframework.dll
0x00007ff862f70000 - 0x00007ff863062000 	C:\Windows\System32\CoreMessaging.dll
0x00007ff862c10000 - 0x00007ff862f6e000 	C:\Windows\System32\CoreUIComponents.dll
0x00007ff8624f0000 - 0x00007ff862644000 	C:\Windows\SYSTEM32\wintypes.dll
0x00007ff864b20000 - 0x00007ff864b53000 	C:\Windows\SYSTEM32\ntmarta.dll
0x00007ff854720000 - 0x00007ff85472e000 	C:\Users\Administrator\.p2\pool\plugins\org.eclipse.justj.openjdk.hotspot.jre.full.win32.x86_64_17.0.8.v20230801-1951\jre\bin\sunmscapi.dll
0x00007ff865f50000 - 0x00007ff8660ae000 	C:\Windows\System32\CRYPT32.dll
0x00007ff8653f0000 - 0x00007ff865418000 	C:\Windows\SYSTEM32\ncrypt.dll
0x00007ff8653b0000 - 0x00007ff8653eb000 	C:\Windows\SYSTEM32\NTASN1.dll
0x00007ff8652e0000 - 0x00007ff8652f8000 	C:\Windows\SYSTEM32\CRYPTSP.dll
0x00007ff864a00000 - 0x00007ff864a34000 	C:\Windows\system32\rsaenh.dll
0x00007ff865860000 - 0x00007ff86588e000 	C:\Windows\SYSTEM32\USERENV.dll
0x00007ff8652d0000 - 0x00007ff8652dc000 	C:\Windows\SYSTEM32\CRYPTBASE.dll
0x00007ff860610000 - 0x00007ff860627000 	C:\Windows\SYSTEM32\dhcpcsvc6.DLL
0x00007ff85fa20000 - 0x00007ff85fa3d000 	C:\Windows\SYSTEM32\dhcpcsvc.DLL
0x00007ff83bfc0000 - 0x00007ff83c18d000 	C:\Windows\system32\d3d9.dll
0x00007ff85cc90000 - 0x00007ff85ce4b000 	C:\Windows\System32\DriverStore\FileRepository\u0395510.inf_amd64_266bc083bb7590df\B395348\aticfx64.dll
0x00007ff8555e0000 - 0x00007ff855614000 	C:\Windows\System32\DriverStore\FileRepository\u0395510.inf_amd64_266bc083bb7590df\B395348\atiu9p64.dll
0x00007ff82db20000 - 0x00007ff82e875000 	C:\Windows\System32\DriverStore\FileRepository\u0395510.inf_amd64_266bc083bb7590df\B395348\atiumd64.dll
0x0000000074f60000 - 0x0000000075e72000 	C:\Windows\System32\DriverStore\FileRepository\u0395510.inf_amd64_266bc083bb7590df\B395348\atiumd6a.dll
0x00007ff867aa0000 - 0x00007ff867f0e000 	C:\Windows\System32\SETUPAPI.dll
0x00007ff85ca70000 - 0x00007ff85caa5000 	C:\Windows\SYSTEM32\amdihk64.dll

dbghelp: loaded successfully - version: 4.0.5 - missing functions: none
symbol engine: initialized successfully - sym options: 0x614 - pdb path: .;C:\Users\Administrator\.p2\pool\plugins\org.eclipse.justj.openjdk.hotspot.jre.full.win32.x86_64_17.0.8.v20230801-1951\jre\bin;C:\Windows\SYSTEM32;C:\Windows\WinSxS\amd64_microsoft.windows.common-controls_6595b64144ccf1df_6.0.19041.1110_none_60b5254171f9507e;C:\Users\Administrator\.p2\pool\plugins\org.eclipse.justj.openjdk.hotspot.jre.full.win32.x86_64_17.0.8.v20230801-1951\jre\bin\server;C:\Windows\System32\DriverStore\FileRepository\u0395510.inf_amd64_266bc083bb7590df\B395348

VM Arguments:
jvm_args: -XX:+ShowCodeDetailsInExceptionMessages -agentlib:jdwp=transport=dt_socket,suspend=y,address=localhost:53977 -javaagent:C:\Users\Administrator\eclipse\java-2023-06\eclipse\configuration\org.eclipse.osgi\248\0\.cp\lib\javaagent-shaded.jar -Dfile.encoding=UTF-8 --module-path=C:\Users\Administrator\git\PHPay\bin -Djdk.module.main=PHPay 
java_command: PHPay/PHPay.PHPayMain
java_class_path (initial): C:\Users\Administrator\Downloads\mysql-connector-j-8.1.0.jar;C:\Users\Administrator\Downloads\filters-2.0.235.jar;C:\Users\Administrator\Downloads\swing-worker-1.1.jar;C:\Users\Administrator\Downloads\swingx-1.6.1.jar;C:\Users\Administrator\Downloads\TimingFramework-0.55.jar
Launcher Type: SUN_STANDARD

[Global flags]
     intx CICompilerCount                          = 3                                         {product} {ergonomic}
     uint ConcGCThreads                            = 2                                         {product} {ergonomic}
     uint G1ConcRefinementThreads                  = 6                                         {product} {ergonomic}
   size_t G1HeapRegionSize                         = 1048576                                   {product} {ergonomic}
    uintx GCDrainStackTargetSize                   = 64                                        {product} {ergonomic}
   size_t InitialHeapSize                          = 134217728                                 {product} {ergonomic}
   size_t MarkStackSize                            = 4194304                                   {product} {ergonomic}
   size_t MaxHeapSize                              = 2134900736                                {product} {ergonomic}
   size_t MaxNewSize                               = 1280311296                                {product} {ergonomic}
   size_t MinHeapDeltaBytes                        = 1048576                                   {product} {ergonomic}
   size_t MinHeapSize                              = 8388608                                   {product} {ergonomic}
    uintx NonNMethodCodeHeapSize                   = 5832780                                {pd product} {ergonomic}
    uintx NonProfiledCodeHeapSize                  = 122912730                              {pd product} {ergonomic}
    uintx ProfiledCodeHeapSize                     = 122912730                              {pd product} {ergonomic}
    uintx ReservedCodeCacheSize                    = 251658240                              {pd product} {ergonomic}
     bool SegmentedCodeCache                       = true                                      {product} {ergonomic}
     bool ShowCodeDetailsInExceptionMessages       = true                                   {manageable} {command line}
   size_t SoftMaxHeapSize                          = 2134900736                             {manageable} {ergonomic}
     bool UseCompressedClassPointers               = true                           {product lp64_product} {ergonomic}
     bool UseCompressedOops                        = true                           {product lp64_product} {ergonomic}
     bool UseG1GC                                  = true                                      {product} {ergonomic}
     bool UseLargePagesIndividualAllocation        = false                                  {pd product} {ergonomic}

Logging:
Log output configuration:
 #0: stdout all=warning uptime,level,tags
 #1: stderr all=off uptime,level,tags

Environment Variables:
PATH=C:\Users\Administrator\.p2\pool\plugins\org.eclipse.justj.openjdk.hotspot.jre.full.win32.x86_64_17.0.8.v20230801-1951\jre\bin;C:/Users/Administrator/.p2/pool/plugins/org.eclipse.justj.openjdk.hotspot.jre.full.win32.x86_64_17.0.8.v20230801-1951/jre/bin/server;C:/Users/Administrator/.p2/pool/plugins/org.eclipse.justj.openjdk.hotspot.jre.full.win32.x86_64_17.0.8.v20230801-1951/jre/bin;C:\Program Files (x86)\Common Files\Intel\Shared Libraries\redist\intel64\compiler;C:\Windows\system32;C:\Windows;C:\Windows\System32\Wbem;C:\Windows\System32\WindowsPowerShell\v1.0\;C:\Windows\System32\OpenSSH\;C:\Program Files\MySQL\MySQL Shell 8.0\bin\;C:\Users\Administrator\AppData\Local\Microsoft\WindowsApps;;C:\Users\Administrator\AppData\Local\Programs\Microsoft VS Code\bin;C:\Windows\system32;
USERNAME=Administrator
OS=Windows_NT
PROCESSOR_IDENTIFIER=Intel64 Family 6 Model 158 Stepping 10, GenuineIntel
TMP=C:\Users\ADMINI~1\AppData\Local\Temp
TEMP=C:\Users\ADMINI~1\AppData\Local\Temp



---------------  S Y S T E M  ---------------

OS:
 Windows 10 , 64 bit Build 19041 (10.0.19041.3155)
OS uptime: 0 days 11:42 hours

CPU: total 6 (initial active 6) (6 cores per cpu, 1 threads per core) family 6 model 158 stepping 10 microcode 0xca, cx8, cmov, fxsr, mmx, 3dnowpref, sse, sse2, sse3, ssse3, sse4.1, sse4.2, popcnt, lzcnt, tsc, tscinvbit, avx, avx2, aes, erms, clmul, bmi1, bmi2, adx, fma, vzeroupper, clflush, clflushopt
Processor Information for all 6 processors :
  Max Mhz: 2904, Current Mhz: 2904, Mhz Limit: 2904

Memory: 4k page, system-wide physical 8142M (457M free)
TotalPageFile size 32718M (AvailPageFile size 790M)
current process WorkingSet (physical memory assigned to process): 64M, peak: 292M
current process commit charge ("private bytes"): 189M, peak: 387M

vm_info: OpenJDK 64-Bit Server VM (17.0.8+7) for windows-amd64 JRE (17.0.8+7), built on Jul 18 2023 21:02:32 by "admin" with MS VC++ 16.7 (VS2019)

END.
