#
# There is insufficient memory for the Java Runtime Environment to continue.
# Native memory allocation (malloc) failed to allocate 753536 bytes for Chunk::new
# Possible reasons:
#   The system is out of physical RAM or swap space
#   The process is running with CompressedOops enabled, and the Java Heap may be blocking the growth of the native heap
# Possible solutions:
#   Reduce memory load on the system
#   Increase physical memory or swap space
#   Check if swap backing store is full
#   Decrease Java heap size (-Xmx/-Xms)
#   Decrease number of Java threads
#   Decrease Java thread stack sizes (-Xss)
#   Set larger code cache with -XX:ReservedCodeCacheSize=
#   JVM is running with Unscaled Compressed Oops mode in which the Java heap is
#     placed in the first 4GB address space. The Java Heap base address is the
#     maximum limit for the native heap growth. Please use -XX:HeapBaseMinAddress
#     to set the Java Heap base and to place the Java Heap above 4GB virtual address.
# This output file may be truncated or incomplete.
#
#  Out of Memory Error (arena.cpp:189), pid=6212, tid=24812
#
# JRE version: OpenJDK Runtime Environment Temurin-17.0.8+7 (17.0.8+7) (build 17.0.8+7)
# Java VM: OpenJDK 64-Bit Server VM Temurin-17.0.8+7 (17.0.8+7, mixed mode, tiered, compressed oops, compressed class ptrs, g1 gc, windows-amd64)
# No core dump will be written. Minidumps are not enabled by default on client versions of Windows
#

---------------  S U M M A R Y ------------

Command Line: -XX:+ShowCodeDetailsInExceptionMessages -agentlib:jdwp=transport=dt_socket,suspend=y,address=localhost:54491 -javaagent:C:\Users\Administrator\eclipse\java-2023-06\eclipse\configuration\org.eclipse.osgi\248\0\.cp\lib\javaagent-shaded.jar -Dfile.encoding=UTF-8 --module-path=C:\Users\Administrator\git\PHPay\bin -Djdk.module.main=PHPay PHPay/PHPay.PHPayMain

Host: Intel(R) Core(TM) i5-9400 CPU @ 2.90GHz, 6 cores, 7G,  Windows 10 , 64 bit Build 19041 (10.0.19041.3155)
Time: Sun Sep 24 04:25:45 2023 Malay Peninsula Standard Time elapsed time: 7.478035 seconds (0d 0h 0m 7s)

---------------  T H R E A D  ---------------

Current thread (0x0000024b622b8540):  JavaThread "C2 CompilerThread0" daemon [_thread_in_native, id=24812, stack(0x000000d42e600000,0x000000d42e700000)]


Current CompileTask:
C2:   7478 2313       4       sun.awt.geom.AreaOp::pruneEdges (987 bytes)

Stack: [0x000000d42e600000,0x000000d42e700000]
Native frames: (J=compiled Java code, j=interpreted, Vv=VM code, C=native code)
V  [jvm.dll+0x678b0a]
V  [jvm.dll+0x835e84]
V  [jvm.dll+0x83762e]
V  [jvm.dll+0x837c93]
V  [jvm.dll+0x24746f]
V  [jvm.dll+0xac20c]
V  [jvm.dll+0xac7dc]
V  [jvm.dll+0x2ae7af]
V  [jvm.dll+0x581427]
V  [jvm.dll+0x222602]
V  [jvm.dll+0x21b5e9]
V  [jvm.dll+0x218f0b]
V  [jvm.dll+0x1a534d]
V  [jvm.dll+0x228d8a]
V  [jvm.dll+0x226dcc]
V  [jvm.dll+0x7ec09b]
V  [jvm.dll+0x7e64ca]
V  [jvm.dll+0x677955]
C  [ucrtbase.dll+0x21bb2]
C  [KERNEL32.DLL+0x17614]
C  [ntdll.dll+0x526b1]


---------------  P R O C E S S  ---------------

Threads class SMR info:
_java_thread_list=0x0000024b6f23a740, length=24, elements={
0x0000024b6228b010, 0x0000024b6228bf20, 0x0000024b6224ea10, 0x0000024b622afda0,
0x0000024b622b0960, 0x0000024b622b6830, 0x0000024b622b8540, 0x0000024b622b8f40,
0x0000024b622c6480, 0x0000024b621ea950, 0x0000024b62833750, 0x0000024b625ee8f0,
0x0000024b625eefd0, 0x0000024b6284cad0, 0x0000024b62a8a2d0, 0x0000024b62ab1c20,
0x0000024b62ab2100, 0x0000024b62e2ff00, 0x0000024b62e51010, 0x0000024b62e86ba0,
0x0000024b62ea87a0, 0x0000024b62ea91c0, 0x0000024b62eab020, 0x0000024b6f176700
}

Java Threads: ( => current thread )
  0x0000024b6228b010 JavaThread "Reference Handler" daemon [_thread_blocked, id=22584, stack(0x000000d42e000000,0x000000d42e100000)]
  0x0000024b6228bf20 JavaThread "Finalizer" daemon [_thread_blocked, id=25648, stack(0x000000d42e100000,0x000000d42e200000)]
  0x0000024b6224ea10 JavaThread "Signal Dispatcher" daemon [_thread_blocked, id=26188, stack(0x000000d42e200000,0x000000d42e300000)]
  0x0000024b622afda0 JavaThread "Attach Listener" daemon [_thread_blocked, id=15184, stack(0x000000d42e300000,0x000000d42e400000)]
  0x0000024b622b0960 JavaThread "Service Thread" daemon [_thread_blocked, id=24080, stack(0x000000d42e400000,0x000000d42e500000)]
  0x0000024b622b6830 JavaThread "Monitor Deflation Thread" daemon [_thread_blocked, id=26608, stack(0x000000d42e500000,0x000000d42e600000)]
=>0x0000024b622b8540 JavaThread "C2 CompilerThread0" daemon [_thread_in_native, id=24812, stack(0x000000d42e600000,0x000000d42e700000)]
  0x0000024b622b8f40 JavaThread "C1 CompilerThread0" daemon [_thread_blocked, id=18820, stack(0x000000d42e700000,0x000000d42e800000)]
  0x0000024b622c6480 JavaThread "Sweeper thread" daemon [_thread_blocked, id=26084, stack(0x000000d42e800000,0x000000d42e900000)]
  0x0000024b621ea950 JavaThread "Common-Cleaner" daemon [_thread_blocked, id=22960, stack(0x000000d42e900000,0x000000d42ea00000)]
  0x0000024b62833750 JavaThread "JDWP Transport Listener: dt_socket" daemon [_thread_blocked, id=18464, stack(0x000000d42eb00000,0x000000d42ec00000)]
  0x0000024b625ee8f0 JavaThread "JDWP Event Helper Thread" daemon [_thread_blocked, id=25004, stack(0x000000d42ec00000,0x000000d42ed00000)]
  0x0000024b625eefd0 JavaThread "JDWP Command Reader" daemon [_thread_in_native, id=25656, stack(0x000000d42ed00000,0x000000d42ee00000)]
  0x0000024b6284cad0 JavaThread "Notification Thread" daemon [_thread_blocked, id=26096, stack(0x000000d42ea00000,0x000000d42eb00000)]
  0x0000024b62a8a2d0 JavaThread "Java2D Disposer" daemon [_thread_blocked, id=25596, stack(0x000000d42f000000,0x000000d42f100000)]
  0x0000024b62ab1c20 JavaThread "AWT-Shutdown" [_thread_blocked, id=3496, stack(0x000000d42f100000,0x000000d42f200000)]
  0x0000024b62ab2100 JavaThread "AWT-Windows" daemon [_thread_in_native, id=26068, stack(0x000000d42f200000,0x000000d42f300000)]
  0x0000024b62e2ff00 JavaThread "TimerQueue" daemon [_thread_blocked, id=26212, stack(0x000000d42ef00000,0x000000d42f000000)]
  0x0000024b62e51010 JavaThread "Image Animator 3" daemon [_thread_blocked, id=25356, stack(0x000000d42fd00000,0x000000d42fe00000)]
  0x0000024b62e86ba0 JavaThread "AWT-EventQueue-0" [_thread_blocked, id=25628, stack(0x000000d42fe00000,0x000000d42ff00000)]
  0x0000024b62ea87a0 JavaThread "SwingWorker-pool-1-thread-1" daemon [_thread_blocked, id=24600, stack(0x000000d42ff00000,0x000000d430000000)]
  0x0000024b62ea91c0 JavaThread "D3D Screen Updater" daemon [_thread_in_native, id=26364, stack(0x000000d430100000,0x000000d430200000)]
  0x0000024b62eab020 JavaThread "DestroyJavaVM" [_thread_blocked, id=14416, stack(0x000000d42d900000,0x000000d42da00000)]
  0x0000024b6f176700 JavaThread "C2 CompilerThread1" daemon [_thread_in_native, id=25936, stack(0x000000d430800000,0x000000d430900000)]

Other Threads:
  0x0000024b62247760 VMThread "VM Thread" [stack: 0x000000d42df00000,0x000000d42e000000] [id=26100]
  0x0000024b486e9bc0 WatcherThread [stack: 0x000000d42ee00000,0x000000d42ef00000] [id=23280]
  0x0000024b486d11a0 GCTaskThread "GC Thread#0" [stack: 0x000000d42da00000,0x000000d42db00000] [id=24792]
  0x0000024b62cbc5f0 GCTaskThread "GC Thread#1" [stack: 0x000000d430200000,0x000000d430300000] [id=19748]
  0x0000024b62cbd930 GCTaskThread "GC Thread#2" [stack: 0x000000d430300000,0x000000d430400000] [id=18592]
  0x0000024b62cbcb70 GCTaskThread "GC Thread#3" [stack: 0x000000d430400000,0x000000d430500000] [id=26476]
  0x0000024b62cbce30 GCTaskThread "GC Thread#4" [stack: 0x000000d430500000,0x000000d430600000] [id=22240]
  0x0000024b62cbdbf0 GCTaskThread "GC Thread#5" [stack: 0x000000d430600000,0x000000d430700000] [id=26436]
  0x0000024b486e1f70 ConcurrentGCThread "G1 Main Marker" [stack: 0x000000d42db00000,0x000000d42dc00000] [id=25520]
  0x0000024b486e3120 ConcurrentGCThread "G1 Conc#0" [stack: 0x000000d42dc00000,0x000000d42dd00000] [id=25972]
  0x0000024b620b0640 ConcurrentGCThread "G1 Refine#0" [stack: 0x000000d42dd00000,0x000000d42de00000] [id=25988]
  0x0000024b6e487ab0 ConcurrentGCThread "G1 Refine#1" [stack: 0x000000d430700000,0x000000d430800000] [id=24976]
  0x0000024b620b0f80 ConcurrentGCThread "G1 Service" [stack: 0x000000d42de00000,0x000000d42df00000] [id=22032]

Threads with active compile tasks:
C2 CompilerThread0     7504 2313       4       sun.awt.geom.AreaOp::pruneEdges (987 bytes)
C2 CompilerThread1     7504 2336 %     4       sun.java2d.marlin.Renderer::_endRendering @ 1649 (2480 bytes)

VM state: not at safepoint (normal execution)

VM Mutex/Monitor currently owned by a thread: None

Heap address: 0x0000000080c00000, size: 2036 MB, Compressed Oops mode: 32-bit

CDS archive(s) not mapped
Compressed class space mapped at: 0x0000000100000000-0x0000000140000000, reserved size: 1073741824
Narrow klass base: 0x0000000000000000, Narrow klass shift: 3, Narrow klass range: 0x140000000

GC Precious Log:
 CPUs: 6 total, 6 available
 Memory: 8142M
 Large Page Support: Disabled
 NUMA Support: Disabled
 Compressed Oops: Enabled (32-bit)
 Heap Region Size: 1M
 Heap Min Capacity: 8M
 Heap Initial Capacity: 128M
 Heap Max Capacity: 2036M
 Pre-touch: Disabled
 Parallel Workers: 6
 Concurrent Workers: 2
 Concurrent Refinement Workers: 6
 Periodic GC: Disabled

Heap:
 garbage-first heap   total 131072K, used 14532K [0x0000000080c00000, 0x0000000100000000)
  region size 1024K, 15 young (15360K), 3 survivors (3072K)
 Metaspace       used 20958K, committed 21120K, reserved 1114112K
  class space    used 2078K, committed 2176K, reserved 1048576K

Heap Regions: E=young(eden), S=young(survivor), O=old, HS=humongous(starts), HC=humongous(continues), CS=collection set, F=free, OA=open archive, CA=closed archive, TAMS=top-at-mark-start (previous, next)
|   0|0x0000000080c00000, 0x0000000080d00000, 0x0000000080d00000|100%| O|  |TAMS 0x0000000080c00000, 0x0000000080c00000| Untracked 
|   1|0x0000000080d00000, 0x0000000080d31200, 0x0000000080e00000| 19%| O|  |TAMS 0x0000000080d00000, 0x0000000080d00000| Untracked 
|   2|0x0000000080e00000, 0x0000000080e00000, 0x0000000080f00000|  0%| F|  |TAMS 0x0000000080e00000, 0x0000000080e00000| Untracked 
|   3|0x0000000080f00000, 0x0000000080f00000, 0x0000000081000000|  0%| F|  |TAMS 0x0000000080f00000, 0x0000000080f00000| Untracked 
|   4|0x0000000081000000, 0x0000000081000000, 0x0000000081100000|  0%| F|  |TAMS 0x0000000081000000, 0x0000000081000000| Untracked 
|   5|0x0000000081100000, 0x0000000081100000, 0x0000000081200000|  0%| F|  |TAMS 0x0000000081100000, 0x0000000081100000| Untracked 
|   6|0x0000000081200000, 0x0000000081200000, 0x0000000081300000|  0%| F|  |TAMS 0x0000000081200000, 0x0000000081200000| Untracked 
|   7|0x0000000081300000, 0x0000000081300000, 0x0000000081400000|  0%| F|  |TAMS 0x0000000081300000, 0x0000000081300000| Untracked 
|   8|0x0000000081400000, 0x0000000081400000, 0x0000000081500000|  0%| F|  |TAMS 0x0000000081400000, 0x0000000081400000| Untracked 
|   9|0x0000000081500000, 0x0000000081500000, 0x0000000081600000|  0%| F|  |TAMS 0x0000000081500000, 0x0000000081500000| Untracked 
|  10|0x0000000081600000, 0x0000000081600000, 0x0000000081700000|  0%| F|  |TAMS 0x0000000081600000, 0x0000000081600000| Untracked 
|  11|0x0000000081700000, 0x0000000081700000, 0x0000000081800000|  0%| F|  |TAMS 0x0000000081700000, 0x0000000081700000| Untracked 
|  12|0x0000000081800000, 0x0000000081800000, 0x0000000081900000|  0%| F|  |TAMS 0x0000000081800000, 0x0000000081800000| Untracked 
|  13|0x0000000081900000, 0x0000000081900000, 0x0000000081a00000|  0%| F|  |TAMS 0x0000000081900000, 0x0000000081900000| Untracked 
|  14|0x0000000081a00000, 0x0000000081a00000, 0x0000000081b00000|  0%| F|  |TAMS 0x0000000081a00000, 0x0000000081a00000| Untracked 
|  15|0x0000000081b00000, 0x0000000081b00000, 0x0000000081c00000|  0%| F|  |TAMS 0x0000000081b00000, 0x0000000081b00000| Untracked 
|  16|0x0000000081c00000, 0x0000000081c00000, 0x0000000081d00000|  0%| F|  |TAMS 0x0000000081c00000, 0x0000000081c00000| Untracked 
|  17|0x0000000081d00000, 0x0000000081d00000, 0x0000000081e00000|  0%| F|  |TAMS 0x0000000081d00000, 0x0000000081d00000| Untracked 
|  18|0x0000000081e00000, 0x0000000081e00000, 0x0000000081f00000|  0%| F|  |TAMS 0x0000000081e00000, 0x0000000081e00000| Untracked 
|  19|0x0000000081f00000, 0x0000000081f00000, 0x0000000082000000|  0%| F|  |TAMS 0x0000000081f00000, 0x0000000081f00000| Untracked 
|  20|0x0000000082000000, 0x0000000082000000, 0x0000000082100000|  0%| F|  |TAMS 0x0000000082000000, 0x0000000082000000| Untracked 
|  21|0x0000000082100000, 0x0000000082100000, 0x0000000082200000|  0%| F|  |TAMS 0x0000000082100000, 0x0000000082100000| Untracked 
|  22|0x0000000082200000, 0x0000000082200000, 0x0000000082300000|  0%| F|  |TAMS 0x0000000082200000, 0x0000000082200000| Untracked 
|  23|0x0000000082300000, 0x0000000082300000, 0x0000000082400000|  0%| F|  |TAMS 0x0000000082300000, 0x0000000082300000| Untracked 
|  24|0x0000000082400000, 0x0000000082400000, 0x0000000082500000|  0%| F|  |TAMS 0x0000000082400000, 0x0000000082400000| Untracked 
|  25|0x0000000082500000, 0x0000000082500000, 0x0000000082600000|  0%| F|  |TAMS 0x0000000082500000, 0x0000000082500000| Untracked 
|  26|0x0000000082600000, 0x0000000082600000, 0x0000000082700000|  0%| F|  |TAMS 0x0000000082600000, 0x0000000082600000| Untracked 
|  27|0x0000000082700000, 0x0000000082700000, 0x0000000082800000|  0%| F|  |TAMS 0x0000000082700000, 0x0000000082700000| Untracked 
|  28|0x0000000082800000, 0x0000000082800000, 0x0000000082900000|  0%| F|  |TAMS 0x0000000082800000, 0x0000000082800000| Untracked 
|  29|0x0000000082900000, 0x0000000082900000, 0x0000000082a00000|  0%| F|  |TAMS 0x0000000082900000, 0x0000000082900000| Untracked 
|  30|0x0000000082a00000, 0x0000000082a00000, 0x0000000082b00000|  0%| F|  |TAMS 0x0000000082a00000, 0x0000000082a00000| Untracked 
|  31|0x0000000082b00000, 0x0000000082b00000, 0x0000000082c00000|  0%| F|  |TAMS 0x0000000082b00000, 0x0000000082b00000| Untracked 
|  32|0x0000000082c00000, 0x0000000082c00000, 0x0000000082d00000|  0%| F|  |TAMS 0x0000000082c00000, 0x0000000082c00000| Untracked 
|  33|0x0000000082d00000, 0x0000000082d00000, 0x0000000082e00000|  0%| F|  |TAMS 0x0000000082d00000, 0x0000000082d00000| Untracked 
|  34|0x0000000082e00000, 0x0000000082e00000, 0x0000000082f00000|  0%| F|  |TAMS 0x0000000082e00000, 0x0000000082e00000| Untracked 
|  35|0x0000000082f00000, 0x0000000082f00000, 0x0000000083000000|  0%| F|  |TAMS 0x0000000082f00000, 0x0000000082f00000| Untracked 
|  36|0x0000000083000000, 0x0000000083000000, 0x0000000083100000|  0%| F|  |TAMS 0x0000000083000000, 0x0000000083000000| Untracked 
|  37|0x0000000083100000, 0x0000000083100000, 0x0000000083200000|  0%| F|  |TAMS 0x0000000083100000, 0x0000000083100000| Untracked 
|  38|0x0000000083200000, 0x0000000083200000, 0x0000000083300000|  0%| F|  |TAMS 0x0000000083200000, 0x0000000083200000| Untracked 
|  39|0x0000000083300000, 0x0000000083300000, 0x0000000083400000|  0%| F|  |TAMS 0x0000000083300000, 0x0000000083300000| Untracked 
|  40|0x0000000083400000, 0x0000000083400000, 0x0000000083500000|  0%| F|  |TAMS 0x0000000083400000, 0x0000000083400000| Untracked 
|  41|0x0000000083500000, 0x0000000083500000, 0x0000000083600000|  0%| F|  |TAMS 0x0000000083500000, 0x0000000083500000| Untracked 
|  42|0x0000000083600000, 0x0000000083600000, 0x0000000083700000|  0%| F|  |TAMS 0x0000000083600000, 0x0000000083600000| Untracked 
|  43|0x0000000083700000, 0x0000000083700000, 0x0000000083800000|  0%| F|  |TAMS 0x0000000083700000, 0x0000000083700000| Untracked 
|  44|0x0000000083800000, 0x0000000083800000, 0x0000000083900000|  0%| F|  |TAMS 0x0000000083800000, 0x0000000083800000| Untracked 
|  45|0x0000000083900000, 0x0000000083900000, 0x0000000083a00000|  0%| F|  |TAMS 0x0000000083900000, 0x0000000083900000| Untracked 
|  46|0x0000000083a00000, 0x0000000083a00000, 0x0000000083b00000|  0%| F|  |TAMS 0x0000000083a00000, 0x0000000083a00000| Untracked 
|  47|0x0000000083b00000, 0x0000000083b00000, 0x0000000083c00000|  0%| F|  |TAMS 0x0000000083b00000, 0x0000000083b00000| Untracked 
|  48|0x0000000083c00000, 0x0000000083c00000, 0x0000000083d00000|  0%| F|  |TAMS 0x0000000083c00000, 0x0000000083c00000| Untracked 
|  49|0x0000000083d00000, 0x0000000083d00000, 0x0000000083e00000|  0%| F|  |TAMS 0x0000000083d00000, 0x0000000083d00000| Untracked 
|  50|0x0000000083e00000, 0x0000000083e00000, 0x0000000083f00000|  0%| F|  |TAMS 0x0000000083e00000, 0x0000000083e00000| Untracked 
|  51|0x0000000083f00000, 0x0000000083f00000, 0x0000000084000000|  0%| F|  |TAMS 0x0000000083f00000, 0x0000000083f00000| Untracked 
|  52|0x0000000084000000, 0x0000000084000000, 0x0000000084100000|  0%| F|  |TAMS 0x0000000084000000, 0x0000000084000000| Untracked 
|  53|0x0000000084100000, 0x0000000084100000, 0x0000000084200000|  0%| F|  |TAMS 0x0000000084100000, 0x0000000084100000| Untracked 
|  54|0x0000000084200000, 0x0000000084200000, 0x0000000084300000|  0%| F|  |TAMS 0x0000000084200000, 0x0000000084200000| Untracked 
|  55|0x0000000084300000, 0x0000000084300000, 0x0000000084400000|  0%| F|  |TAMS 0x0000000084300000, 0x0000000084300000| Untracked 
|  56|0x0000000084400000, 0x0000000084400000, 0x0000000084500000|  0%| F|  |TAMS 0x0000000084400000, 0x0000000084400000| Untracked 
|  57|0x0000000084500000, 0x0000000084500000, 0x0000000084600000|  0%| F|  |TAMS 0x0000000084500000, 0x0000000084500000| Untracked 
|  58|0x0000000084600000, 0x0000000084600000, 0x0000000084700000|  0%| F|  |TAMS 0x0000000084600000, 0x0000000084600000| Untracked 
|  59|0x0000000084700000, 0x0000000084700000, 0x0000000084800000|  0%| F|  |TAMS 0x0000000084700000, 0x0000000084700000| Untracked 
|  60|0x0000000084800000, 0x0000000084800000, 0x0000000084900000|  0%| F|  |TAMS 0x0000000084800000, 0x0000000084800000| Untracked 
|  61|0x0000000084900000, 0x0000000084900000, 0x0000000084a00000|  0%| F|  |TAMS 0x0000000084900000, 0x0000000084900000| Untracked 
|  62|0x0000000084a00000, 0x0000000084a00000, 0x0000000084b00000|  0%| F|  |TAMS 0x0000000084a00000, 0x0000000084a00000| Untracked 
|  63|0x0000000084b00000, 0x0000000084b00000, 0x0000000084c00000|  0%| F|  |TAMS 0x0000000084b00000, 0x0000000084b00000| Untracked 
|  64|0x0000000084c00000, 0x0000000084c00000, 0x0000000084d00000|  0%| F|  |TAMS 0x0000000084c00000, 0x0000000084c00000| Untracked 
|  65|0x0000000084d00000, 0x0000000084d00000, 0x0000000084e00000|  0%| F|  |TAMS 0x0000000084d00000, 0x0000000084d00000| Untracked 
|  66|0x0000000084e00000, 0x0000000084e00000, 0x0000000084f00000|  0%| F|  |TAMS 0x0000000084e00000, 0x0000000084e00000| Untracked 
|  67|0x0000000084f00000, 0x0000000084f00000, 0x0000000085000000|  0%| F|  |TAMS 0x0000000084f00000, 0x0000000084f00000| Untracked 
|  68|0x0000000085000000, 0x0000000085000000, 0x0000000085100000|  0%| F|  |TAMS 0x0000000085000000, 0x0000000085000000| Untracked 
|  69|0x0000000085100000, 0x0000000085100000, 0x0000000085200000|  0%| F|  |TAMS 0x0000000085100000, 0x0000000085100000| Untracked 
|  70|0x0000000085200000, 0x0000000085200000, 0x0000000085300000|  0%| F|  |TAMS 0x0000000085200000, 0x0000000085200000| Untracked 
|  71|0x0000000085300000, 0x0000000085300000, 0x0000000085400000|  0%| F|  |TAMS 0x0000000085300000, 0x0000000085300000| Untracked 
|  72|0x0000000085400000, 0x0000000085400000, 0x0000000085500000|  0%| F|  |TAMS 0x0000000085400000, 0x0000000085400000| Untracked 
|  73|0x0000000085500000, 0x0000000085500000, 0x0000000085600000|  0%| F|  |TAMS 0x0000000085500000, 0x0000000085500000| Untracked 
|  74|0x0000000085600000, 0x0000000085600000, 0x0000000085700000|  0%| F|  |TAMS 0x0000000085600000, 0x0000000085600000| Untracked 
|  75|0x0000000085700000, 0x0000000085700000, 0x0000000085800000|  0%| F|  |TAMS 0x0000000085700000, 0x0000000085700000| Untracked 
|  76|0x0000000085800000, 0x0000000085800000, 0x0000000085900000|  0%| F|  |TAMS 0x0000000085800000, 0x0000000085800000| Untracked 
|  77|0x0000000085900000, 0x0000000085900000, 0x0000000085a00000|  0%| F|  |TAMS 0x0000000085900000, 0x0000000085900000| Untracked 
|  78|0x0000000085a00000, 0x0000000085a00000, 0x0000000085b00000|  0%| F|  |TAMS 0x0000000085a00000, 0x0000000085a00000| Untracked 
|  79|0x0000000085b00000, 0x0000000085b00000, 0x0000000085c00000|  0%| F|  |TAMS 0x0000000085b00000, 0x0000000085b00000| Untracked 
|  80|0x0000000085c00000, 0x0000000085c00000, 0x0000000085d00000|  0%| F|  |TAMS 0x0000000085c00000, 0x0000000085c00000| Untracked 
|  81|0x0000000085d00000, 0x0000000085d00000, 0x0000000085e00000|  0%| F|  |TAMS 0x0000000085d00000, 0x0000000085d00000| Untracked 
|  82|0x0000000085e00000, 0x0000000085e00000, 0x0000000085f00000|  0%| F|  |TAMS 0x0000000085e00000, 0x0000000085e00000| Untracked 
|  83|0x0000000085f00000, 0x0000000085f00000, 0x0000000086000000|  0%| F|  |TAMS 0x0000000085f00000, 0x0000000085f00000| Untracked 
|  84|0x0000000086000000, 0x0000000086000000, 0x0000000086100000|  0%| F|  |TAMS 0x0000000086000000, 0x0000000086000000| Untracked 
|  85|0x0000000086100000, 0x0000000086100000, 0x0000000086200000|  0%| F|  |TAMS 0x0000000086100000, 0x0000000086100000| Untracked 
|  86|0x0000000086200000, 0x0000000086200000, 0x0000000086300000|  0%| F|  |TAMS 0x0000000086200000, 0x0000000086200000| Untracked 
|  87|0x0000000086300000, 0x0000000086300000, 0x0000000086400000|  0%| F|  |TAMS 0x0000000086300000, 0x0000000086300000| Untracked 
|  88|0x0000000086400000, 0x0000000086400000, 0x0000000086500000|  0%| F|  |TAMS 0x0000000086400000, 0x0000000086400000| Untracked 
|  89|0x0000000086500000, 0x0000000086500000, 0x0000000086600000|  0%| F|  |TAMS 0x0000000086500000, 0x0000000086500000| Untracked 
|  90|0x0000000086600000, 0x0000000086600000, 0x0000000086700000|  0%| F|  |TAMS 0x0000000086600000, 0x0000000086600000| Untracked 
|  91|0x0000000086700000, 0x0000000086700000, 0x0000000086800000|  0%| F|  |TAMS 0x0000000086700000, 0x0000000086700000| Untracked 
|  92|0x0000000086800000, 0x0000000086800000, 0x0000000086900000|  0%| F|  |TAMS 0x0000000086800000, 0x0000000086800000| Untracked 
|  93|0x0000000086900000, 0x0000000086900000, 0x0000000086a00000|  0%| F|  |TAMS 0x0000000086900000, 0x0000000086900000| Untracked 
|  94|0x0000000086a00000, 0x0000000086a00000, 0x0000000086b00000|  0%| F|  |TAMS 0x0000000086a00000, 0x0000000086a00000| Untracked 
|  95|0x0000000086b00000, 0x0000000086b00000, 0x0000000086c00000|  0%| F|  |TAMS 0x0000000086b00000, 0x0000000086b00000| Untracked 
|  96|0x0000000086c00000, 0x0000000086c00000, 0x0000000086d00000|  0%| F|  |TAMS 0x0000000086c00000, 0x0000000086c00000| Untracked 
|  97|0x0000000086d00000, 0x0000000086d00000, 0x0000000086e00000|  0%| F|  |TAMS 0x0000000086d00000, 0x0000000086d00000| Untracked 
|  98|0x0000000086e00000, 0x0000000086e00000, 0x0000000086f00000|  0%| F|  |TAMS 0x0000000086e00000, 0x0000000086e00000| Untracked 
|  99|0x0000000086f00000, 0x0000000086f00000, 0x0000000087000000|  0%| F|  |TAMS 0x0000000086f00000, 0x0000000086f00000| Untracked 
| 100|0x0000000087000000, 0x0000000087000000, 0x0000000087100000|  0%| F|  |TAMS 0x0000000087000000, 0x0000000087000000| Untracked 
| 101|0x0000000087100000, 0x0000000087100000, 0x0000000087200000|  0%| F|  |TAMS 0x0000000087100000, 0x0000000087100000| Untracked 
| 102|0x0000000087200000, 0x0000000087200000, 0x0000000087300000|  0%| F|  |TAMS 0x0000000087200000, 0x0000000087200000| Untracked 
| 103|0x0000000087300000, 0x0000000087300000, 0x0000000087400000|  0%| F|  |TAMS 0x0000000087300000, 0x0000000087300000| Untracked 
| 104|0x0000000087400000, 0x0000000087500000, 0x0000000087500000|100%| S|CS|TAMS 0x0000000087400000, 0x0000000087400000| Complete 
| 105|0x0000000087500000, 0x0000000087600000, 0x0000000087600000|100%| S|CS|TAMS 0x0000000087500000, 0x0000000087500000| Complete 
| 106|0x0000000087600000, 0x0000000087700000, 0x0000000087700000|100%| S|CS|TAMS 0x0000000087600000, 0x0000000087600000| Complete 
| 107|0x0000000087700000, 0x0000000087700000, 0x0000000087800000|  0%| F|  |TAMS 0x0000000087700000, 0x0000000087700000| Untracked 
| 108|0x0000000087800000, 0x0000000087800000, 0x0000000087900000|  0%| F|  |TAMS 0x0000000087800000, 0x0000000087800000| Untracked 
| 109|0x0000000087900000, 0x0000000087900000, 0x0000000087a00000|  0%| F|  |TAMS 0x0000000087900000, 0x0000000087900000| Untracked 
| 110|0x0000000087a00000, 0x0000000087a00000, 0x0000000087b00000|  0%| F|  |TAMS 0x0000000087a00000, 0x0000000087a00000| Untracked 
| 111|0x0000000087b00000, 0x0000000087b00000, 0x0000000087c00000|  0%| F|  |TAMS 0x0000000087b00000, 0x0000000087b00000| Untracked 
| 112|0x0000000087c00000, 0x0000000087c00000, 0x0000000087d00000|  0%| F|  |TAMS 0x0000000087c00000, 0x0000000087c00000| Untracked 
| 113|0x0000000087d00000, 0x0000000087d00000, 0x0000000087e00000|  0%| F|  |TAMS 0x0000000087d00000, 0x0000000087d00000| Untracked 
| 114|0x0000000087e00000, 0x0000000087e00000, 0x0000000087f00000|  0%| F|  |TAMS 0x0000000087e00000, 0x0000000087e00000| Untracked 
| 115|0x0000000087f00000, 0x0000000087f00000, 0x0000000088000000|  0%| F|  |TAMS 0x0000000087f00000, 0x0000000087f00000| Untracked 
| 116|0x0000000088000000, 0x0000000088075310, 0x0000000088100000| 45%| E|  |TAMS 0x0000000088000000, 0x0000000088000000| Complete 
| 117|0x0000000088100000, 0x00000000881ff6d0, 0x0000000088200000| 99%| E|  |TAMS 0x0000000088100000, 0x0000000088100000| Complete 
| 118|0x0000000088200000, 0x0000000088300000, 0x0000000088300000|100%| E|CS|TAMS 0x0000000088200000, 0x0000000088200000| Complete 
| 119|0x0000000088300000, 0x0000000088400000, 0x0000000088400000|100%| E|CS|TAMS 0x0000000088300000, 0x0000000088300000| Complete 
| 120|0x0000000088400000, 0x0000000088500000, 0x0000000088500000|100%| E|CS|TAMS 0x0000000088400000, 0x0000000088400000| Complete 
| 121|0x0000000088500000, 0x0000000088600000, 0x0000000088600000|100%| E|CS|TAMS 0x0000000088500000, 0x0000000088500000| Complete 
| 122|0x0000000088600000, 0x0000000088700000, 0x0000000088700000|100%| E|CS|TAMS 0x0000000088600000, 0x0000000088600000| Complete 
| 123|0x0000000088700000, 0x0000000088800000, 0x0000000088800000|100%| E|CS|TAMS 0x0000000088700000, 0x0000000088700000| Complete 
| 124|0x0000000088800000, 0x0000000088900000, 0x0000000088900000|100%| E|CS|TAMS 0x0000000088800000, 0x0000000088800000| Complete 
| 125|0x0000000088900000, 0x0000000088a00000, 0x0000000088a00000|100%| E|CS|TAMS 0x0000000088900000, 0x0000000088900000| Complete 
| 126|0x0000000088a00000, 0x0000000088b00000, 0x0000000088b00000|100%| E|CS|TAMS 0x0000000088a00000, 0x0000000088a00000| Complete 
| 127|0x0000000088b00000, 0x0000000088c00000, 0x0000000088c00000|100%| E|CS|TAMS 0x0000000088b00000, 0x0000000088b00000| Complete 

Card table byte_map: [0x0000024b5b250000,0x0000024b5b650000] _byte_map_base: 0x0000024b5ae4a000

Marking Bits (Prev, Next): (CMBitMap*) 0x0000024b486d17c0, (CMBitMap*) 0x0000024b486d1800
 Prev Bits: [0x0000024b5ba50000, 0x0000024b5da20000)
 Next Bits: [0x0000024b5da20000, 0x0000024b5f9f0000)

Polling page: 0x0000024b46660000

Metaspace:

Usage:
  Non-class:     18.44 MB used.
      Class:      2.03 MB used.
       Both:     20.47 MB used.

Virtual space:
  Non-class space:       64.00 MB reserved,      18.50 MB ( 29%) committed,  1 nodes.
      Class space:        1.00 GB reserved,       2.12 MB ( <1%) committed,  1 nodes.
             Both:        1.06 GB reserved,      20.62 MB (  2%) committed. 

Chunk freelists:
   Non-Class:  12.95 MB
       Class:  13.72 MB
        Both:  26.68 MB

MaxMetaspaceSize: unlimited
CompressedClassSpaceSize: 1.00 GB
Initial GC threshold: 21.00 MB
Current GC threshold: 21.00 MB
CDS: off
MetaspaceReclaimPolicy: balanced
 - commit_granule_bytes: 65536.
 - commit_granule_words: 8192.
 - virtual_space_node_default_size: 8388608.
 - enlarge_chunks_in_place: 1.
 - new_chunks_are_fully_committed: 0.
 - uncommit_free_chunks: 1.
 - use_allocation_guard: 0.
 - handle_deallocations: 1.


Internal statistics:

num_allocs_failed_limit: 0.
num_arena_births: 122.
num_arena_deaths: 0.
num_vsnodes_births: 2.
num_vsnodes_deaths: 0.
num_space_committed: 330.
num_space_uncommitted: 0.
num_chunks_returned_to_freelist: 0.
num_chunks_taken_from_freelist: 223.
num_chunk_merges: 0.
num_chunk_splits: 120.
num_chunks_enlarged: 65.
num_inconsistent_stats: 0.

CodeHeap 'non-profiled nmethods': size=120000Kb used=1335Kb max_used=1335Kb free=118664Kb
 bounds [0x0000024b53810000, 0x0000024b53a80000, 0x0000024b5ad40000]
CodeHeap 'profiled nmethods': size=120000Kb used=4370Kb max_used=4370Kb free=115629Kb
 bounds [0x0000024b4bd40000, 0x0000024b4c190000, 0x0000024b53270000]
CodeHeap 'non-nmethods': size=5760Kb used=1417Kb max_used=1502Kb free=4342Kb
 bounds [0x0000024b53270000, 0x0000024b534e0000, 0x0000024b53810000]
 total_blobs=3022 nmethods=2331 adapters=603
 compilation: enabled
              stopped_count=0, restarted_count=0
 full_count=0

Compilation events (20 events):
Event: 7.450 Thread 0x0000024b622b8f40 2322   !   3       java.awt.EventDispatchThread::filterAndCheckEvent (108 bytes)
Event: 7.451 Thread 0x0000024b622b8f40 nmethod 2322 0x0000024b4c17a710 code [0x0000024b4c17a960, 0x0000024b4c17b658]
Event: 7.451 Thread 0x0000024b622b8f40 2323       3       java.awt.EventDispatchThread$HierarchyEventFilter::acceptEvent (225 bytes)
Event: 7.452 Thread 0x0000024b6f176700 nmethod 2319 0x0000024b53958910 code [0x0000024b53958aa0, 0x0000024b53958d38]
Event: 7.452 Thread 0x0000024b6f176700 2321 %     4       sun.awt.image.ImageRepresentation::convertToRGB @ 96 (294 bytes)
Event: 7.452 Thread 0x0000024b622b8f40 nmethod 2323 0x0000024b4c17bb90 code [0x0000024b4c17be20, 0x0000024b4c17d0b8]
Event: 7.452 Thread 0x0000024b622b8f40 2324       3       sun.awt.dnd.SunDragSourceContextPeer::checkEvent (29 bytes)
Event: 7.452 Thread 0x0000024b622b8f40 nmethod 2324 0x0000024b4c17d410 code [0x0000024b4c17d5c0, 0x0000024b4c17da58]
Event: 7.452 Thread 0x0000024b622b8f40 2326       3       java.awt.image.IndexColorModel::getRGB (12 bytes)
Event: 7.452 Thread 0x0000024b622b8f40 nmethod 2326 0x0000024b4c17db10 code [0x0000024b4c17dca0, 0x0000024b4c17ddd8]
Event: 7.452 Thread 0x0000024b622b8f40 2325       3       java.util.Arrays::copyOfRange (90 bytes)
Event: 7.453 Thread 0x0000024b622b8f40 nmethod 2325 0x0000024b4c17de90 code [0x0000024b4c17e140, 0x0000024b4c17ee18]
Event: 7.455 Thread 0x0000024b622b8f40 2330       3       sun.java2d.pipe.BufferedContext::setTransform (93 bytes)
Event: 7.455 Thread 0x0000024b622b8f40 nmethod 2330 0x0000024b4c17f290 code [0x0000024b4c17f500, 0x0000024b4c17fc88]
Event: 7.456 Thread 0x0000024b622b8f40 2332       3       java.util.ArrayList::fastRemove (44 bytes)
Event: 7.456 Thread 0x0000024b622b8f40 nmethod 2332 0x0000024b4c180110 code [0x0000024b4c1802c0, 0x0000024b4c1806a8]
Event: 7.461 Thread 0x0000024b6f176700 nmethod 2321% 0x0000024b53958f10 code [0x0000024b539590e0, 0x0000024b53959c50]
Event: 7.461 Thread 0x0000024b6f176700 2329 %     4       sun.java2d.marlin.MarlinCache::copyAARowRLE_WithBlockFlags @ 195 (733 bytes)
Event: 7.462 Thread 0x0000024b622b8f40 2333       3       sun.java2d.d3d.D3DTextureToSurfaceTransform::Transform (48 bytes)
Event: 7.462 Thread 0x0000024b622b8f40 nmethod 2333 0x0000024b4c180810 code [0x0000024b4c1809c0, 0x0000024b4c180be8]

GC Heap History (2 events):
Event: 4.068 GC heap before
{Heap before GC invocations=0 (full 0):
 garbage-first heap   total 131072K, used 20480K [0x0000000080c00000, 0x0000000100000000)
  region size 1024K, 21 young (21504K), 0 survivors (0K)
 Metaspace       used 19857K, committed 20032K, reserved 1114112K
  class space    used 1979K, committed 2048K, reserved 1048576K
}
Event: 4.072 GC heap after
{Heap after GC invocations=1 (full 0):
 garbage-first heap   total 131072K, used 4292K [0x0000000080c00000, 0x0000000100000000)
  region size 1024K, 3 young (3072K), 3 survivors (3072K)
 Metaspace       used 19857K, committed 20032K, reserved 1114112K
  class space    used 1979K, committed 2048K, reserved 1048576K
}

Dll operation events (11 events):
Event: 0.006 Loaded shared library C:\Users\Administrator\.p2\pool\plugins\org.eclipse.justj.openjdk.hotspot.jre.full.win32.x86_64_17.0.8.v20230801-1951\jre\bin\java.dll
Event: 0.100 Loaded shared library C:\Users\Administrator\.p2\pool\plugins\org.eclipse.justj.openjdk.hotspot.jre.full.win32.x86_64_17.0.8.v20230801-1951\jre\bin\net.dll
Event: 0.102 Loaded shared library C:\Users\Administrator\.p2\pool\plugins\org.eclipse.justj.openjdk.hotspot.jre.full.win32.x86_64_17.0.8.v20230801-1951\jre\bin\nio.dll
Event: 2.659 Loaded shared library C:\Users\Administrator\.p2\pool\plugins\org.eclipse.justj.openjdk.hotspot.jre.full.win32.x86_64_17.0.8.v20230801-1951\jre\bin\zip.dll
Event: 2.662 Loaded shared library C:\Users\Administrator\.p2\pool\plugins\org.eclipse.justj.openjdk.hotspot.jre.full.win32.x86_64_17.0.8.v20230801-1951\jre\bin\instrument.dll
Event: 2.674 Loaded shared library C:\Users\Administrator\.p2\pool\plugins\org.eclipse.justj.openjdk.hotspot.jre.full.win32.x86_64_17.0.8.v20230801-1951\jre\bin\zip.dll
Event: 2.764 Loaded shared library C:\Users\Administrator\.p2\pool\plugins\org.eclipse.justj.openjdk.hotspot.jre.full.win32.x86_64_17.0.8.v20230801-1951\jre\bin\jimage.dll
Event: 2.802 Loaded shared library C:\Users\Administrator\.p2\pool\plugins\org.eclipse.justj.openjdk.hotspot.jre.full.win32.x86_64_17.0.8.v20230801-1951\jre\bin\verify.dll
Event: 2.850 Loaded shared library C:\Users\Administrator\.p2\pool\plugins\org.eclipse.justj.openjdk.hotspot.jre.full.win32.x86_64_17.0.8.v20230801-1951\jre\bin\awt.dll
Event: 3.245 Loaded shared library C:\Users\Administrator\.p2\pool\plugins\org.eclipse.justj.openjdk.hotspot.jre.full.win32.x86_64_17.0.8.v20230801-1951\jre\bin\freetype.dll
Event: 3.247 Loaded shared library C:\Users\Administrator\.p2\pool\plugins\org.eclipse.justj.openjdk.hotspot.jre.full.win32.x86_64_17.0.8.v20230801-1951\jre\bin\fontmanager.dll

Deoptimization events (20 events):
Event: 7.421 Thread 0x0000024b62e86ba0 DEOPT PACKING pc=0x0000024b5385b004 sp=0x000000d42fefcba0
Event: 7.421 Thread 0x0000024b62e86ba0 DEOPT UNPACKING pc=0x0000024b532c69a3 sp=0x000000d42fefcb28 mode 2
Event: 7.421 Thread 0x0000024b62e86ba0 Uncommon trap: trap_request=0xffffffde fr.pc=0x0000024b538612e4 relative=0x0000000000001044
Event: 7.421 Thread 0x0000024b62e86ba0 Uncommon trap: reason=class_check action=maybe_recompile pc=0x0000024b538612e4 method=java.util.concurrent.ConcurrentHashMap.putVal(Ljava/lang/Object;Ljava/lang/Object;Z)Ljava/lang/Object; @ 242 c2
Event: 7.421 Thread 0x0000024b62e86ba0 DEOPT PACKING pc=0x0000024b538612e4 sp=0x000000d42fefcb30
Event: 7.421 Thread 0x0000024b62e86ba0 DEOPT UNPACKING pc=0x0000024b532c69a3 sp=0x000000d42fefcac0 mode 2
Event: 7.429 Thread 0x0000024b62e86ba0 Uncommon trap: trap_request=0xffffffde fr.pc=0x0000024b538612e4 relative=0x0000000000001044
Event: 7.429 Thread 0x0000024b62e86ba0 Uncommon trap: reason=class_check action=maybe_recompile pc=0x0000024b538612e4 method=java.util.concurrent.ConcurrentHashMap.putVal(Ljava/lang/Object;Ljava/lang/Object;Z)Ljava/lang/Object; @ 242 c2
Event: 7.429 Thread 0x0000024b62e86ba0 DEOPT PACKING pc=0x0000024b538612e4 sp=0x000000d42fefcb30
Event: 7.429 Thread 0x0000024b62e86ba0 DEOPT UNPACKING pc=0x0000024b532c69a3 sp=0x000000d42fefcac0 mode 2
Event: 7.453 Thread 0x0000024b62e86ba0 DEOPT PACKING pc=0x0000024b4c137e21 sp=0x000000d42fefd310
Event: 7.453 Thread 0x0000024b62e86ba0 DEOPT UNPACKING pc=0x0000024b532c7143 sp=0x000000d42fefc780 mode 0
Event: 7.453 Thread 0x0000024b62e86ba0 DEOPT PACKING pc=0x0000024b4c137e21 sp=0x000000d42fefd310
Event: 7.453 Thread 0x0000024b62e86ba0 DEOPT UNPACKING pc=0x0000024b532c7143 sp=0x000000d42fefc780 mode 0
Event: 7.453 Thread 0x0000024b62e86ba0 DEOPT PACKING pc=0x0000024b4c137e21 sp=0x000000d42fefd310
Event: 7.454 Thread 0x0000024b62e86ba0 DEOPT UNPACKING pc=0x0000024b532c7143 sp=0x000000d42fefc780 mode 0
Event: 7.454 Thread 0x0000024b62e86ba0 DEOPT PACKING pc=0x0000024b4c137e21 sp=0x000000d42fefd2f0
Event: 7.454 Thread 0x0000024b62e86ba0 DEOPT UNPACKING pc=0x0000024b532c7143 sp=0x000000d42fefc760 mode 0
Event: 7.454 Thread 0x0000024b62e86ba0 DEOPT PACKING pc=0x0000024b4c137e21 sp=0x000000d42fefd370
Event: 7.454 Thread 0x0000024b62e86ba0 DEOPT UNPACKING pc=0x0000024b532c7143 sp=0x000000d42fefc7e0 mode 0

Classes unloaded (0 events):
No events

Classes redefined (0 events):
No events

Internal exceptions (18 events):
Event: 0.111 Thread 0x0000024b48676e70 Exception <a 'java/lang/NoSuchMethodError'{0x0000000088a1a640}: 'void java.lang.invoke.DirectMethodHandle$Holder.invokeVirtual(java.lang.Object, java.lang.Object)'> (0x0000000088a1a640) 
thrown [s\src\hotspot\share\interpreter\linkResolver.cpp, line 759]
Event: 2.836 Thread 0x0000024b48676e70 Exception <a 'sun/nio/fs/WindowsException'{0x0000000088585ce8}> (0x0000000088585ce8) 
thrown [s\src\hotspot\share\prims\jni.cpp, line 516]
Event: 2.842 Thread 0x0000024b48676e70 Exception <a 'java/lang/ClassNotFoundException'{0x00000000885af500}: sun/awt/resources/spi/awtProvider> (0x00000000885af500) 
thrown [s\src\hotspot\share\classfile\systemDictionary.cpp, line 256]
Event: 2.859 Thread 0x0000024b48676e70 Exception <a 'java/io/FileNotFoundException'{0x0000000088408d38}> (0x0000000088408d38) 
thrown [s\src\hotspot\share\prims\jni.cpp, line 516]
Event: 2.864 Thread 0x0000024b48676e70 Exception <a 'java/io/FileNotFoundException'{0x0000000088437f90}> (0x0000000088437f90) 
thrown [s\src\hotspot\share\prims\jni.cpp, line 516]
Event: 2.927 Thread 0x0000024b48676e70 Exception <a 'java/lang/NoSuchMethodError'{0x00000000883b0318}: 'java.lang.Object java.lang.invoke.DirectMethodHandle$Holder.invokeStaticInit(java.lang.Object)'> (0x00000000883b0318) 
thrown [s\src\hotspot\share\interpreter\linkResolver.cpp, line 759]
Event: 3.067 Thread 0x0000024b48676e70 Exception <a 'java/lang/NoSuchMethodError'{0x00000000882929f8}: 'void java.lang.invoke.DirectMethodHandle$Holder.invokeSpecial(java.lang.Object, java.lang.Object, java.lang.Object)'> (0x00000000882929f8) 
thrown [s\src\hotspot\share\interpreter\linkResolver.cpp, line 759]
Event: 3.080 Thread 0x0000024b48676e70 Exception <a 'java/lang/NoSuchMethodError'{0x00000000882e3580}: 'java.lang.Object java.lang.invoke.DirectMethodHandle$Holder.newInvokeSpecial(java.lang.Object, java.lang.Object, java.lang.Object, java.lang.Object, java.lang.Object)'> (0x00000000882e3580) 
thrown [s\src\hotspot\share\interpreter\linkResolver.cpp, line 759]
Event: 3.081 Thread 0x0000024b48676e70 Exception <a 'java/lang/NoSuchMethodError'{0x00000000882eef48}: 'java.lang.Object java.lang.invoke.DirectMethodHandle$Holder.invokeStatic(java.lang.Object, int, java.lang.Object, java.lang.Object, java.lang.Object, java.lang.Object)'> (0x00000000882eef48) 
thrown [s\src\hotspot\share\interpreter\linkResolver.cpp, line 759]
Event: 3.084 Thread 0x0000024b48676e70 Exception <a 'java/lang/NoSuchMethodError'{0x00000000881155d0}: 'java.lang.Object java.lang.invoke.DirectMethodHandle$Holder.invokeStatic(java.lang.Object, int, java.lang.Object)'> (0x00000000881155d0) 
thrown [s\src\hotspot\share\interpreter\linkResolver.cpp, line 759]
Event: 3.104 Thread 0x0000024b48676e70 Exception <a 'java/lang/ClassNotFoundException'{0x00000000881dc350}: com/sun/swing/internal/plaf/metal/resources/spi/metalProvider> (0x00000000881dc350) 
thrown [s\src\hotspot\share\classfile\systemDictionary.cpp, line 256]
Event: 3.105 Thread 0x0000024b48676e70 Exception <a 'java/lang/ClassNotFoundException'{0x00000000881e2c18}: com/sun/swing/internal/plaf/basic/resources/spi/basicProvider> (0x00000000881e2c18) 
thrown [s\src\hotspot\share\classfile\systemDictionary.cpp, line 256]
Event: 3.121 Thread 0x0000024b48676e70 Exception <a 'java/lang/NoSuchMethodError'{0x000000008803e910}: 'void java.lang.invoke.DirectMethodHandle$Holder.invokeStaticInit(java.lang.Object)'> (0x000000008803e910) 
thrown [s\src\hotspot\share\interpreter\linkResolver.cpp, line 759]
Event: 3.131 Thread 0x0000024b62e51010 Implicit null exception at 0x0000024b53846d57 to 0x0000024b53847370
Event: 3.175 Thread 0x0000024b62e51010 Exception <a 'java/lang/NoSuchMethodError'{0x0000000087d968f8}: 'java.lang.Object java.lang.invoke.DirectMethodHandle$Holder.newInvokeSpecial(java.lang.Object, java.lang.Object, java.lang.Object, int, int, int, int, int)'> (0x0000000087d968f8) 
thrown [s\src\hotspot\share\interpreter\linkResolver.cpp, line 759]
Event: 3.270 Thread 0x0000024b48676e70 Exception <a 'sun/nio/fs/WindowsException'{0x0000000087a8d3b8}> (0x0000000087a8d3b8) 
thrown [s\src\hotspot\share\prims\jni.cpp, line 516]
Event: 7.317 Thread 0x0000024b62e86ba0 Implicit null exception at 0x0000024b5382600f to 0x0000024b5382608d
Event: 7.364 Thread 0x0000024b62e51010 Exception <a 'java/lang/InterruptedException'{0x0000000088261430}: sleep interrupted> (0x0000000088261430) 
thrown [s\src\hotspot\share\prims\jvm.cpp, line 3044]

VM Operations (20 events):
Event: 3.171 Executing VM operation: HandshakeAllThreads
Event: 3.171 Executing VM operation: HandshakeAllThreads done
Event: 3.259 Executing VM operation: HandshakeAllThreads
Event: 3.259 Executing VM operation: HandshakeAllThreads done
Event: 3.295 Executing VM operation: HandshakeAllThreads
Event: 3.295 Executing VM operation: HandshakeAllThreads done
Event: 3.403 Executing VM operation: HandshakeAllThreads
Event: 3.403 Executing VM operation: HandshakeAllThreads done
Event: 3.884 Executing VM operation: ICBufferFull
Event: 3.884 Executing VM operation: ICBufferFull done
Event: 4.067 Executing VM operation: G1CollectForAllocation
Event: 4.072 Executing VM operation: G1CollectForAllocation done
Event: 5.079 Executing VM operation: Cleanup
Event: 5.079 Executing VM operation: Cleanup done
Event: 6.093 Executing VM operation: Cleanup
Event: 6.093 Executing VM operation: Cleanup done
Event: 7.093 Executing VM operation: Cleanup
Event: 7.093 Executing VM operation: Cleanup done
Event: 7.417 Executing VM operation: HandshakeAllThreads
Event: 7.417 Executing VM operation: HandshakeAllThreads done

Events (20 events):
Event: 7.364 loading class sun/awt/image/ImageDecoder$1
Event: 7.364 loading class sun/awt/image/ImageDecoder$1 done
Event: 7.364 loading class java/lang/InterruptedException
Event: 7.364 loading class java/lang/InterruptedException done
Event: 7.371 loading class java/awt/event/MouseMotionAdapter
Event: 7.371 loading class java/awt/event/MouseMotionAdapter done
Event: 7.372 loading class java/awt/event/FocusAdapter
Event: 7.372 loading class java/awt/event/FocusAdapter done
Event: 7.388 loading class javax/swing/RepaintManager$3
Event: 7.388 loading class javax/swing/RepaintManager$3 done
Event: 7.392 loading class sun/font/SunFontManager$5
Event: 7.392 loading class sun/font/SunFontManager$5 done
Event: 7.402 loading class sun/font/CMap$CMapFormat12
Event: 7.402 loading class sun/font/CMap$CMapFormat12 done
Event: 7.417 loading class java/awt/geom/RoundRectangle2D$Float
Event: 7.417 loading class java/awt/geom/RoundRectangle2D
Event: 7.417 loading class java/awt/geom/RoundRectangle2D done
Event: 7.417 loading class java/awt/geom/RoundRectangle2D$Float done
Event: 7.417 loading class java/awt/geom/RoundRectIterator
Event: 7.417 loading class java/awt/geom/RoundRectIterator done


Dynamic libraries:
0x00007ff747b60000 - 0x00007ff747b6e000 	C:\Users\Administrator\.p2\pool\plugins\org.eclipse.justj.openjdk.hotspot.jre.full.win32.x86_64_17.0.8.v20230801-1951\jre\bin\javaw.exe
0x00007ff8682d0000 - 0x00007ff8684c8000 	C:\Windows\SYSTEM32\ntdll.dll
0x00007ff867920000 - 0x00007ff8679df000 	C:\Windows\System32\KERNEL32.DLL
0x00007ff865a70000 - 0x00007ff865d66000 	C:\Windows\System32\KERNELBASE.dll
0x00007ff865e20000 - 0x00007ff865f20000 	C:\Windows\System32\ucrtbase.dll
0x00007ff849990000 - 0x00007ff8499a9000 	C:\Users\Administrator\.p2\pool\plugins\org.eclipse.justj.openjdk.hotspot.jre.full.win32.x86_64_17.0.8.v20230801-1951\jre\bin\VCRUNTIME140.dll
0x00007ff852340000 - 0x00007ff852357000 	C:\Users\Administrator\.p2\pool\plugins\org.eclipse.justj.openjdk.hotspot.jre.full.win32.x86_64_17.0.8.v20230801-1951\jre\bin\jli.dll
0x00007ff8672e0000 - 0x00007ff86747d000 	C:\Windows\System32\USER32.dll
0x00007ff8511a0000 - 0x00007ff85143a000 	C:\Windows\WinSxS\amd64_microsoft.windows.common-controls_6595b64144ccf1df_6.0.19041.1110_none_60b5254171f9507e\COMCTL32.dll
0x00007ff865f20000 - 0x00007ff865f42000 	C:\Windows\System32\win32u.dll
0x00007ff867750000 - 0x00007ff8677ee000 	C:\Windows\System32\msvcrt.dll
0x00007ff868200000 - 0x00007ff86822c000 	C:\Windows\System32\GDI32.dll
0x00007ff866150000 - 0x00007ff866265000 	C:\Windows\System32\gdi32full.dll
0x00007ff8660b0000 - 0x00007ff86614d000 	C:\Windows\System32\msvcp_win.dll
0x00007ff8671d0000 - 0x00007ff867200000 	C:\Windows\System32\IMM32.DLL
0x00007ff852460000 - 0x00007ff85246c000 	C:\Users\Administrator\.p2\pool\plugins\org.eclipse.justj.openjdk.hotspot.jre.full.win32.x86_64_17.0.8.v20230801-1951\jre\bin\vcruntime140_1.dll
0x00007ff839c80000 - 0x00007ff839d11000 	C:\Users\Administrator\.p2\pool\plugins\org.eclipse.justj.openjdk.hotspot.jre.full.win32.x86_64_17.0.8.v20230801-1951\jre\bin\msvcp140.dll
0x00007ff82ace0000 - 0x00007ff82b92c000 	C:\Users\Administrator\.p2\pool\plugins\org.eclipse.justj.openjdk.hotspot.jre.full.win32.x86_64_17.0.8.v20230801-1951\jre\bin\server\jvm.dll
0x00007ff866fe0000 - 0x00007ff86708f000 	C:\Windows\System32\ADVAPI32.dll
0x00007ff8676b0000 - 0x00007ff86774c000 	C:\Windows\System32\sechost.dll
0x00007ff867090000 - 0x00007ff8671b6000 	C:\Windows\System32\RPCRT4.dll
0x00007ff865530000 - 0x00007ff86557b000 	C:\Windows\SYSTEM32\POWRPROF.dll
0x00007ff85d3b0000 - 0x00007ff85d3b9000 	C:\Windows\SYSTEM32\WSOCK32.dll
0x00007ff85cb80000 - 0x00007ff85cba7000 	C:\Windows\SYSTEM32\WINMM.dll
0x00007ff866f50000 - 0x00007ff866fbb000 	C:\Windows\System32\WS2_32.dll
0x00007ff85ee90000 - 0x00007ff85ee9a000 	C:\Windows\SYSTEM32\VERSION.dll
0x00007ff865510000 - 0x00007ff865522000 	C:\Windows\SYSTEM32\UMPDC.dll
0x00007ff863880000 - 0x00007ff863892000 	C:\Windows\SYSTEM32\kernel.appcore.dll
0x00007ff85b710000 - 0x00007ff85b71a000 	C:\Users\Administrator\.p2\pool\plugins\org.eclipse.justj.openjdk.hotspot.jre.full.win32.x86_64_17.0.8.v20230801-1951\jre\bin\jimage.dll
0x00007ff85f620000 - 0x00007ff85f804000 	C:\Windows\SYSTEM32\DBGHELP.DLL
0x00007ff855230000 - 0x00007ff855264000 	C:\Windows\SYSTEM32\dbgcore.DLL
0x00007ff8662a0000 - 0x00007ff866322000 	C:\Windows\System32\bcryptPrimitives.dll
0x00007ff83dff0000 - 0x00007ff83e02b000 	C:\Users\Administrator\.p2\pool\plugins\org.eclipse.justj.openjdk.hotspot.jre.full.win32.x86_64_17.0.8.v20230801-1951\jre\bin\jdwp.dll
0x00007ff851a10000 - 0x00007ff851a1e000 	C:\Users\Administrator\.p2\pool\plugins\org.eclipse.justj.openjdk.hotspot.jre.full.win32.x86_64_17.0.8.v20230801-1951\jre\bin\instrument.dll
0x00007ff854a60000 - 0x00007ff854a85000 	C:\Users\Administrator\.p2\pool\plugins\org.eclipse.justj.openjdk.hotspot.jre.full.win32.x86_64_17.0.8.v20230801-1951\jre\bin\java.dll
0x00007ff854730000 - 0x00007ff854748000 	C:\Users\Administrator\.p2\pool\plugins\org.eclipse.justj.openjdk.hotspot.jre.full.win32.x86_64_17.0.8.v20230801-1951\jre\bin\zip.dll
0x00007ff866330000 - 0x00007ff866a74000 	C:\Windows\System32\SHELL32.dll
0x00007ff863a80000 - 0x00007ff864214000 	C:\Windows\SYSTEM32\windows.storage.dll
0x00007ff866a80000 - 0x00007ff866dd4000 	C:\Windows\System32\combase.dll
0x00007ff865380000 - 0x00007ff8653ae000 	C:\Windows\SYSTEM32\Wldp.dll
0x00007ff8679e0000 - 0x00007ff867a8d000 	C:\Windows\System32\SHCORE.dll
0x00007ff866de0000 - 0x00007ff866e35000 	C:\Windows\System32\shlwapi.dll
0x00007ff8658e0000 - 0x00007ff865905000 	C:\Windows\SYSTEM32\profapi.dll
0x00007ff8546e0000 - 0x00007ff8546f9000 	C:\Users\Administrator\.p2\pool\plugins\org.eclipse.justj.openjdk.hotspot.jre.full.win32.x86_64_17.0.8.v20230801-1951\jre\bin\net.dll
0x00007ff85f0d0000 - 0x00007ff85f1da000 	C:\Windows\SYSTEM32\WINHTTP.dll
0x00007ff8650e0000 - 0x00007ff86514a000 	C:\Windows\system32\mswsock.dll
0x00007ff852d50000 - 0x00007ff852d65000 	C:\Users\Administrator\.p2\pool\plugins\org.eclipse.justj.openjdk.hotspot.jre.full.win32.x86_64_17.0.8.v20230801-1951\jre\bin\nio.dll
0x00007ff84a1a0000 - 0x00007ff84a1ac000 	C:\Users\Administrator\.p2\pool\plugins\org.eclipse.justj.openjdk.hotspot.jre.full.win32.x86_64_17.0.8.v20230801-1951\jre\bin\dt_socket.dll
0x00007ff864dd0000 - 0x00007ff864e0c000 	C:\Windows\SYSTEM32\IPHLPAPI.DLL
0x00007ff864e10000 - 0x00007ff864eda000 	C:\Windows\SYSTEM32\DNSAPI.dll
0x00007ff867910000 - 0x00007ff867918000 	C:\Windows\System32\NSI.dll
0x00007ff85d2a0000 - 0x00007ff85d2aa000 	C:\Windows\System32\rasadhlp.dll
0x00007ff85cc00000 - 0x00007ff85cc82000 	C:\Windows\System32\fwpuclnt.dll
0x00007ff866270000 - 0x00007ff866297000 	C:\Windows\System32\bcrypt.dll
0x00007ff8567f0000 - 0x00007ff856800000 	C:\Users\Administrator\.p2\pool\plugins\org.eclipse.justj.openjdk.hotspot.jre.full.win32.x86_64_17.0.8.v20230801-1951\jre\bin\verify.dll
0x00007ff83ac40000 - 0x00007ff83adce000 	C:\Users\Administrator\.p2\pool\plugins\org.eclipse.justj.openjdk.hotspot.jre.full.win32.x86_64_17.0.8.v20230801-1951\jre\bin\awt.dll
0x00007ff8680d0000 - 0x00007ff86819d000 	C:\Windows\System32\OLEAUT32.dll
0x00007ff8632b0000 - 0x00007ff863341000 	C:\Windows\SYSTEM32\apphelp.dll
0x00007ff8636a0000 - 0x00007ff8636cf000 	C:\Windows\system32\DWMAPI.DLL
0x00007ff8633b0000 - 0x00007ff86344e000 	C:\Windows\system32\uxtheme.dll
0x00007ff854c40000 - 0x00007ff854d65000 	C:\Windows\system32\opengl32.dll
0x00007ff856ee0000 - 0x00007ff856f0c000 	C:\Windows\SYSTEM32\GLU32.dll
0x00007ff8677f0000 - 0x00007ff867904000 	C:\Windows\System32\MSCTF.dll
0x00007ff867f10000 - 0x00007ff86803a000 	C:\Windows\System32\ole32.dll
0x00007ff83bfc0000 - 0x00007ff83c18d000 	C:\Windows\system32\d3d9.dll
0x00007ff85cc90000 - 0x00007ff85ce4b000 	C:\Windows\System32\DriverStore\FileRepository\u0395510.inf_amd64_266bc083bb7590df\B395348\aticfx64.dll
0x00007ff8555e0000 - 0x00007ff855614000 	C:\Windows\System32\DriverStore\FileRepository\u0395510.inf_amd64_266bc083bb7590df\B395348\atiu9p64.dll
0x00007ff82db20000 - 0x00007ff82e875000 	C:\Windows\System32\DriverStore\FileRepository\u0395510.inf_amd64_266bc083bb7590df\B395348\atiumd64.dll
0x0000000074f60000 - 0x0000000075e72000 	C:\Windows\System32\DriverStore\FileRepository\u0395510.inf_amd64_266bc083bb7590df\B395348\atiumd6a.dll
0x00007ff867aa0000 - 0x00007ff867f0e000 	C:\Windows\System32\SETUPAPI.dll
0x00007ff865a20000 - 0x00007ff865a6e000 	C:\Windows\System32\cfgmgr32.dll
0x00007ff85ca70000 - 0x00007ff85caa5000 	C:\Windows\SYSTEM32\amdihk64.dll
0x00007ff85d260000 - 0x00007ff85d29b000 	C:\Windows\SYSTEM32\dxcore.dll
0x00007ff83db30000 - 0x00007ff83dbb6000 	C:\Users\Administrator\.p2\pool\plugins\org.eclipse.justj.openjdk.hotspot.jre.full.win32.x86_64_17.0.8.v20230801-1951\jre\bin\freetype.dll
0x00007ff83a9c0000 - 0x00007ff83aa93000 	C:\Users\Administrator\.p2\pool\plugins\org.eclipse.justj.openjdk.hotspot.jre.full.win32.x86_64_17.0.8.v20230801-1951\jre\bin\fontmanager.dll
0x00007ff866e40000 - 0x00007ff866ee9000 	C:\Windows\System32\clbcatq.dll
0x00007ff85f3d0000 - 0x00007ff85f584000 	C:\Windows\SYSTEM32\WindowsCodecs.dll
0x00007ff84d180000 - 0x00007ff84d1be000 	C:\Windows\system32\dataexchange.dll
0x00007ff8616c0000 - 0x00007ff861923000 	C:\Windows\system32\d3d11.dll
0x00007ff8626a0000 - 0x00007ff862883000 	C:\Windows\system32\dcomp.dll
0x00007ff864260000 - 0x00007ff864353000 	C:\Windows\system32\dxgi.dll
0x00007ff85f810000 - 0x00007ff85fa17000 	C:\Windows\system32\twinapi.appcore.dll
0x00007ff85d010000 - 0x00007ff85d109000 	C:\Windows\SYSTEM32\textinputframework.dll
0x00007ff862c10000 - 0x00007ff862f6e000 	C:\Windows\System32\CoreUIComponents.dll
0x00007ff862f70000 - 0x00007ff863062000 	C:\Windows\System32\CoreMessaging.dll
0x00007ff864b20000 - 0x00007ff864b53000 	C:\Windows\SYSTEM32\ntmarta.dll
0x00007ff8624f0000 - 0x00007ff862644000 	C:\Windows\SYSTEM32\wintypes.dll

dbghelp: loaded successfully - version: 4.0.5 - missing functions: none
symbol engine: initialized successfully - sym options: 0x614 - pdb path: .;C:\Users\Administrator\.p2\pool\plugins\org.eclipse.justj.openjdk.hotspot.jre.full.win32.x86_64_17.0.8.v20230801-1951\jre\bin;C:\Windows\SYSTEM32;C:\Windows\WinSxS\amd64_microsoft.windows.common-controls_6595b64144ccf1df_6.0.19041.1110_none_60b5254171f9507e;C:\Users\Administrator\.p2\pool\plugins\org.eclipse.justj.openjdk.hotspot.jre.full.win32.x86_64_17.0.8.v20230801-1951\jre\bin\server;C:\Windows\System32\DriverStore\FileRepository\u0395510.inf_amd64_266bc083bb7590df\B395348

VM Arguments:
jvm_args: -XX:+ShowCodeDetailsInExceptionMessages -agentlib:jdwp=transport=dt_socket,suspend=y,address=localhost:54491 -javaagent:C:\Users\Administrator\eclipse\java-2023-06\eclipse\configuration\org.eclipse.osgi\248\0\.cp\lib\javaagent-shaded.jar -Dfile.encoding=UTF-8 --module-path=C:\Users\Administrator\git\PHPay\bin -Djdk.module.main=PHPay 
java_command: PHPay/PHPay.PHPayMain
java_class_path (initial): C:\Users\Administrator\Downloads\mysql-connector-j-8.1.0.jar;C:\Users\Administrator\Downloads\filters-2.0.235.jar;C:\Users\Administrator\Downloads\swing-worker-1.1.jar;C:\Users\Administrator\Downloads\swingx-1.6.1.jar;C:\Users\Administrator\Downloads\TimingFramework-0.55.jar
Launcher Type: SUN_STANDARD

[Global flags]
     intx CICompilerCount                          = 3                                         {product} {ergonomic}
     uint ConcGCThreads                            = 2                                         {product} {ergonomic}
     uint G1ConcRefinementThreads                  = 6                                         {product} {ergonomic}
   size_t G1HeapRegionSize                         = 1048576                                   {product} {ergonomic}
    uintx GCDrainStackTargetSize                   = 64                                        {product} {ergonomic}
   size_t InitialHeapSize                          = 134217728                                 {product} {ergonomic}
   size_t MarkStackSize                            = 4194304                                   {product} {ergonomic}
   size_t MaxHeapSize                              = 2134900736                                {product} {ergonomic}
   size_t MaxNewSize                               = 1280311296                                {product} {ergonomic}
   size_t MinHeapDeltaBytes                        = 1048576                                   {product} {ergonomic}
   size_t MinHeapSize                              = 8388608                                   {product} {ergonomic}
    uintx NonNMethodCodeHeapSize                   = 5832780                                {pd product} {ergonomic}
    uintx NonProfiledCodeHeapSize                  = 122912730                              {pd product} {ergonomic}
    uintx ProfiledCodeHeapSize                     = 122912730                              {pd product} {ergonomic}
    uintx ReservedCodeCacheSize                    = 251658240                              {pd product} {ergonomic}
     bool SegmentedCodeCache                       = true                                      {product} {ergonomic}
     bool ShowCodeDetailsInExceptionMessages       = true                                   {manageable} {command line}
   size_t SoftMaxHeapSize                          = 2134900736                             {manageable} {ergonomic}
     bool UseCompressedClassPointers               = true                           {product lp64_product} {ergonomic}
     bool UseCompressedOops                        = true                           {product lp64_product} {ergonomic}
     bool UseG1GC                                  = true                                      {product} {ergonomic}
     bool UseLargePagesIndividualAllocation        = false                                  {pd product} {ergonomic}

Logging:
Log output configuration:
 #0: stdout all=warning uptime,level,tags
 #1: stderr all=off uptime,level,tags

Environment Variables:
PATH=C:\Users\Administrator\.p2\pool\plugins\org.eclipse.justj.openjdk.hotspot.jre.full.win32.x86_64_17.0.8.v20230801-1951\jre\bin;C:/Users/Administrator/.p2/pool/plugins/org.eclipse.justj.openjdk.hotspot.jre.full.win32.x86_64_17.0.8.v20230801-1951/jre/bin/server;C:/Users/Administrator/.p2/pool/plugins/org.eclipse.justj.openjdk.hotspot.jre.full.win32.x86_64_17.0.8.v20230801-1951/jre/bin;C:\Program Files (x86)\Common Files\Intel\Shared Libraries\redist\intel64\compiler;C:\Windows\system32;C:\Windows;C:\Windows\System32\Wbem;C:\Windows\System32\WindowsPowerShell\v1.0\;C:\Windows\System32\OpenSSH\;C:\Program Files\MySQL\MySQL Shell 8.0\bin\;C:\Users\Administrator\AppData\Local\Microsoft\WindowsApps;;C:\Users\Administrator\AppData\Local\Programs\Microsoft VS Code\bin;C:\Windows\system32;
USERNAME=Administrator
OS=Windows_NT
PROCESSOR_IDENTIFIER=Intel64 Family 6 Model 158 Stepping 10, GenuineIntel
TMP=C:\Users\ADMINI~1\AppData\Local\Temp
TEMP=C:\Users\ADMINI~1\AppData\Local\Temp



---------------  S Y S T E M  ---------------

OS:
 Windows 10 , 64 bit Build 19041 (10.0.19041.3155)
OS uptime: 0 days 11:41 hours

CPU: total 6 (initial active 6) (6 cores per cpu, 1 threads per core) family 6 model 158 stepping 10 microcode 0xca, cx8, cmov, fxsr, mmx, 3dnowpref, sse, sse2, sse3, ssse3, sse4.1, sse4.2, popcnt, lzcnt, tsc, tscinvbit, avx, avx2, aes, erms, clmul, bmi1, bmi2, adx, fma, vzeroupper, clflush, clflushopt
Processor Information for all 6 processors :
  Max Mhz: 2904, Current Mhz: 2904, Mhz Limit: 2904

Memory: 4k page, system-wide physical 8142M (386M free)
TotalPageFile size 32718M (AvailPageFile size 4M)
current process WorkingSet (physical memory assigned to process): 171M, peak: 171M
current process commit charge ("private bytes"): 315M, peak: 315M

vm_info: OpenJDK 64-Bit Server VM (17.0.8+7) for windows-amd64 JRE (17.0.8+7), built on Jul 18 2023 21:02:32 by "admin" with MS VC++ 16.7 (VS2019)

END.
